Information	1/29/2022 1:20:42 PM	Microsoft-Windows-TerminalServices-LocalSessionManager	42	None	"End session arbitration:

User: WZSCN\11004142
Session ID: 1"
Information	1/29/2022 1:20:42 PM	Microsoft-Windows-TerminalServices-LocalSessionManager	41	None	"Begin session arbitration:

User: WZSCN\11004142
Session ID: 1"
Information	1/29/2022 1:18:48 PM	Microsoft-Windows-TerminalServices-LocalSessionManager	32	None	Plugin RDSAppXPlugin has been successfully initialized
Information	1/29/2022 6:14:01 AM	Microsoft-Windows-TerminalServices-LocalSessionManager	54	None	Local multi-user session manager received system shutdown message
Information	1/29/2022 6:13:59 AM	Microsoft-Windows-TerminalServices-LocalSessionManager	23	None	"Remote Desktop Services: Session logoff succeeded:

User: WZSCN\11004142
Session ID: 1"
Information	1/28/2022 12:31:15 PM	Microsoft-Windows-TerminalServices-LocalSessionManager	22	None	"Remote Desktop Services: Shell start notification received:

User: WZSCN\11004142
Session ID: 1
Source Network Address: LOCAL"
Information	1/28/2022 12:31:15 PM	Microsoft-Windows-TerminalServices-LocalSessionManager	21	None	"Remote Desktop Services: Session logon succeeded:

User: WZSCN\11004142
Session ID: 1
Source Network Address: LOCAL"
Information	1/28/2022 12:30:28 PM	Microsoft-Windows-TerminalServices-LocalSessionManager	42	None	"End session arbitration:

User: WZSCN\11004142
Session ID: 1"
Information	1/28/2022 12:30:28 PM	Microsoft-Windows-TerminalServices-LocalSessionManager	41	None	"Begin session arbitration:

User: WZSCN\11004142
Session ID: 1"
Information	1/28/2022 12:28:42 PM	Microsoft-Windows-TerminalServices-LocalSessionManager	32	None	Plugin RDSAppXPlugin has been successfully initialized
Information	1/28/2022 12:26:45 PM	Microsoft-Windows-TerminalServices-LocalSessionManager	54	None	Local multi-user session manager received system shutdown message
Information	1/28/2022 12:26:44 PM	Microsoft-Windows-TerminalServices-LocalSessionManager	23	None	"Remote Desktop Services: Session logoff succeeded:

User: WZSCN\11004142
Session ID: 1"
Information	1/28/2022 12:14:07 PM	Microsoft-Windows-TerminalServices-LocalSessionManager	22	None	"Remote Desktop Services: Shell start notification received:

User: WZSCN\11004142
Session ID: 1
Source Network Address: LOCAL"
Information	1/28/2022 12:14:06 PM	Microsoft-Windows-TerminalServices-LocalSessionManager	21	None	"Remote Desktop Services: Session logon succeeded:

User: WZSCN\11004142
Session ID: 1
Source Network Address: LOCAL"
Information	1/28/2022 12:13:12 PM	Microsoft-Windows-TerminalServices-LocalSessionManager	42	None	"End session arbitration:

User: WZSCN\11004142
Session ID: 1"
Information	1/28/2022 12:13:12 PM	Microsoft-Windows-TerminalServices-LocalSessionManager	41	None	"Begin session arbitration:

User: WZSCN\11004142
Session ID: 1"
Information	1/28/2022 12:11:35 PM	Microsoft-Windows-TerminalServices-LocalSessionManager	32	None	Plugin RDSAppXPlugin has been successfully initialized
Information	1/28/2022 12:09:30 PM	Microsoft-Windows-TerminalServices-LocalSessionManager	54	None	Local multi-user session manager received system shutdown message
Information	1/28/2022 12:09:27 PM	Microsoft-Windows-TerminalServices-LocalSessionManager	23	None	"Remote Desktop Services: Session logoff succeeded:

User: WZSCN\11004142
Session ID: 1"
Information	1/28/2022 10:58:49 AM	Microsoft-Windows-TerminalServices-LocalSessionManager	22	None	"Remote Desktop Services: Shell start notification received:

User: WZSCN\11004142
Session ID: 1
Source Network Address: LOCAL"
Information	1/28/2022 10:58:46 AM	Microsoft-Windows-TerminalServices-LocalSessionManager	21	None	"Remote Desktop Services: Session logon succeeded:

User: WZSCN\11004142
Session ID: 1
Source Network Address: LOCAL"
Information	1/28/2022 10:58:12 AM	Microsoft-Windows-TerminalServices-LocalSessionManager	42	None	"End session arbitration:

User: WZSCN\11004142
Session ID: 1"
Information	1/28/2022 10:58:12 AM	Microsoft-Windows-TerminalServices-LocalSessionManager	41	None	"Begin session arbitration:

User: WZSCN\11004142
Session ID: 1"
Information	1/28/2022 10:56:23 AM	Microsoft-Windows-TerminalServices-LocalSessionManager	32	None	Plugin RDSAppXPlugin has been successfully initialized
Information	1/28/2022 10:53:29 AM	Microsoft-Windows-TerminalServices-LocalSessionManager	54	None	Local multi-user session manager received system shutdown message
Information	1/28/2022 10:53:27 AM	Microsoft-Windows-TerminalServices-LocalSessionManager	23	None	"Remote Desktop Services: Session logoff succeeded:

User: WZSCN\11004142
Session ID: 1"
Information	1/24/2022 9:04:36 AM	Microsoft-Windows-TerminalServices-LocalSessionManager	22	None	"Remote Desktop Services: Shell start notification received:

User: WZSCN\11004142
Session ID: 1
Source Network Address: LOCAL"
Information	1/24/2022 9:04:36 AM	Microsoft-Windows-TerminalServices-LocalSessionManager	21	None	"Remote Desktop Services: Session logon succeeded:

User: WZSCN\11004142
Session ID: 1
Source Network Address: LOCAL"
Information	1/24/2022 9:04:02 AM	Microsoft-Windows-TerminalServices-LocalSessionManager	42	None	"End session arbitration:

User: WZSCN\11004142
Session ID: 1"
Information	1/24/2022 9:04:02 AM	Microsoft-Windows-TerminalServices-LocalSessionManager	41	None	"Begin session arbitration:

User: WZSCN\11004142
Session ID: 1"
Information	1/24/2022 9:01:57 AM	Microsoft-Windows-TerminalServices-LocalSessionManager	32	None	Plugin RDSAppXPlugin has been successfully initialized
Error	1/24/2022 7:11:57 AM	Microsoft-Windows-TerminalServices-LocalSessionManager	17	None	Remote Desktop Service start failed. The relevant status code was 0x8007045B.
Information	1/24/2022 7:11:40 AM	Microsoft-Windows-TerminalServices-LocalSessionManager	54	None	Local multi-user session manager received system shutdown message
Information	1/24/2022 7:11:37 AM	Microsoft-Windows-TerminalServices-LocalSessionManager	23	None	"Remote Desktop Services: Session logoff succeeded:

User: WZSCN\11004142
Session ID: 1"
Information	1/21/2022 12:35:29 PM	Microsoft-Windows-TerminalServices-LocalSessionManager	22	None	"Remote Desktop Services: Shell start notification received:

User: WZSCN\11004142
Session ID: 1
Source Network Address: LOCAL"
Information	1/21/2022 12:35:29 PM	Microsoft-Windows-TerminalServices-LocalSessionManager	21	None	"Remote Desktop Services: Session logon succeeded:

User: WZSCN\11004142
Session ID: 1
Source Network Address: LOCAL"
Information	1/21/2022 12:34:41 PM	Microsoft-Windows-TerminalServices-LocalSessionManager	42	None	"End session arbitration:

User: WZSCN\11004142
Session ID: 1"
Information	1/21/2022 12:34:41 PM	Microsoft-Windows-TerminalServices-LocalSessionManager	41	None	"Begin session arbitration:

User: WZSCN\11004142
Session ID: 1"
Information	1/21/2022 12:33:16 PM	Microsoft-Windows-TerminalServices-LocalSessionManager	32	None	Plugin RDSAppXPlugin has been successfully initialized
Information	1/21/2022 12:31:11 PM	Microsoft-Windows-TerminalServices-LocalSessionManager	54	None	Local multi-user session manager received system shutdown message
Information	1/21/2022 12:31:09 PM	Microsoft-Windows-TerminalServices-LocalSessionManager	23	None	"Remote Desktop Services: Session logoff succeeded:

User: WZSCN\11004142
Session ID: 1"
Information	1/20/2022 10:45:57 AM	Microsoft-Windows-TerminalServices-LocalSessionManager	22	None	"Remote Desktop Services: Shell start notification received:

User: WZSCN\11004142
Session ID: 1
Source Network Address: LOCAL"
Information	1/20/2022 10:45:54 AM	Microsoft-Windows-TerminalServices-LocalSessionManager	21	None	"Remote Desktop Services: Session logon succeeded:

User: WZSCN\11004142
Session ID: 1
Source Network Address: LOCAL"
Information	1/20/2022 10:44:47 AM	Microsoft-Windows-TerminalServices-LocalSessionManager	42	None	"End session arbitration:

User: WZSCN\11004142
Session ID: 1"
Information	1/20/2022 10:44:47 AM	Microsoft-Windows-TerminalServices-LocalSessionManager	41	None	"Begin session arbitration:

User: WZSCN\11004142
Session ID: 1"
Information	1/20/2022 10:43:45 AM	Microsoft-Windows-TerminalServices-LocalSessionManager	32	None	Plugin RDSAppXPlugin has been successfully initialized
Information	1/20/2022 10:41:55 AM	Microsoft-Windows-TerminalServices-LocalSessionManager	54	None	Local multi-user session manager received system shutdown message
Information	1/20/2022 10:41:54 AM	Microsoft-Windows-TerminalServices-LocalSessionManager	23	None	"Remote Desktop Services: Session logoff succeeded:

User: WZSCN\11004142
Session ID: 1"
Information	1/20/2022 10:34:55 AM	Microsoft-Windows-TerminalServices-LocalSessionManager	22	None	"Remote Desktop Services: Shell start notification received:

User: WZSCN\11004142
Session ID: 1
Source Network Address: LOCAL"
Information	1/20/2022 10:34:54 AM	Microsoft-Windows-TerminalServices-LocalSessionManager	21	None	"Remote Desktop Services: Session logon succeeded:

User: WZSCN\11004142
Session ID: 1
Source Network Address: LOCAL"
Information	1/20/2022 10:33:57 AM	Microsoft-Windows-TerminalServices-LocalSessionManager	42	None	"End session arbitration:

User: WZSCN\11004142
Session ID: 1"
Information	1/20/2022 10:33:57 AM	Microsoft-Windows-TerminalServices-LocalSessionManager	41	None	"Begin session arbitration:

User: WZSCN\11004142
Session ID: 1"
Information	1/20/2022 10:32:57 AM	Microsoft-Windows-TerminalServices-LocalSessionManager	32	None	Plugin RDSAppXPlugin has been successfully initialized
Information	1/20/2022 10:31:04 AM	Microsoft-Windows-TerminalServices-LocalSessionManager	54	None	Local multi-user session manager received system shutdown message
Information	1/20/2022 10:31:03 AM	Microsoft-Windows-TerminalServices-LocalSessionManager	23	None	"Remote Desktop Services: Session logoff succeeded:

User: WZSCN\11004142
Session ID: 1"
Information	1/20/2022 9:20:15 AM	Microsoft-Windows-TerminalServices-LocalSessionManager	22	None	"Remote Desktop Services: Shell start notification received:

User: WZSCN\11004142
Session ID: 1
Source Network Address: LOCAL"
Information	1/20/2022 9:20:08 AM	Microsoft-Windows-TerminalServices-LocalSessionManager	21	None	"Remote Desktop Services: Session logon succeeded:

User: WZSCN\11004142
Session ID: 1
Source Network Address: LOCAL"
Information	1/20/2022 9:18:54 AM	Microsoft-Windows-TerminalServices-LocalSessionManager	42	None	"End session arbitration:

User: WZSCN\11004142
Session ID: 1"
Information	1/20/2022 9:18:54 AM	Microsoft-Windows-TerminalServices-LocalSessionManager	41	None	"Begin session arbitration:

User: WZSCN\11004142
Session ID: 1"
Information	1/20/2022 9:18:02 AM	Microsoft-Windows-TerminalServices-LocalSessionManager	32	None	Plugin RDSAppXPlugin has been successfully initialized
Information	1/20/2022 9:16:13 AM	Microsoft-Windows-TerminalServices-LocalSessionManager	54	None	Local multi-user session manager received system shutdown message
Information	1/20/2022 9:16:13 AM	Microsoft-Windows-TerminalServices-LocalSessionManager	23	None	"Remote Desktop Services: Session logoff succeeded:

User: WZSCN\11004142
Session ID: 1"
Information	1/20/2022 8:25:51 AM	Microsoft-Windows-TerminalServices-LocalSessionManager	22	None	"Remote Desktop Services: Shell start notification received:

User: WZSCN\11004142
Session ID: 1
Source Network Address: LOCAL"
Information	1/20/2022 8:25:50 AM	Microsoft-Windows-TerminalServices-LocalSessionManager	21	None	"Remote Desktop Services: Session logon succeeded:

User: WZSCN\11004142
Session ID: 1
Source Network Address: LOCAL"
Information	1/20/2022 8:25:15 AM	Microsoft-Windows-TerminalServices-LocalSessionManager	42	None	"End session arbitration:

User: WZSCN\11004142
Session ID: 1"
Information	1/20/2022 8:25:15 AM	Microsoft-Windows-TerminalServices-LocalSessionManager	41	None	"Begin session arbitration:

User: WZSCN\11004142
Session ID: 1"
Information	1/20/2022 8:23:30 AM	Microsoft-Windows-TerminalServices-LocalSessionManager	32	None	Plugin RDSAppXPlugin has been successfully initialized
Information	1/20/2022 8:21:18 AM	Microsoft-Windows-TerminalServices-LocalSessionManager	54	None	Local multi-user session manager received system shutdown message
Information	1/20/2022 8:21:16 AM	Microsoft-Windows-TerminalServices-LocalSessionManager	23	None	"Remote Desktop Services: Session logoff succeeded:

User: WZSCN\11004142
Session ID: 1"
Information	1/19/2022 8:49:18 AM	Microsoft-Windows-TerminalServices-LocalSessionManager	22	None	"Remote Desktop Services: Shell start notification received:

User: WZSCN\11004142
Session ID: 1
Source Network Address: LOCAL"
Information	1/19/2022 8:49:18 AM	Microsoft-Windows-TerminalServices-LocalSessionManager	21	None	"Remote Desktop Services: Session logon succeeded:

User: WZSCN\11004142
Session ID: 1
Source Network Address: LOCAL"
Information	1/19/2022 8:48:50 AM	Microsoft-Windows-TerminalServices-LocalSessionManager	42	None	"End session arbitration:

User: WZSCN\11004142
Session ID: 1"
Information	1/19/2022 8:48:50 AM	Microsoft-Windows-TerminalServices-LocalSessionManager	41	None	"Begin session arbitration:

User: WZSCN\11004142
Session ID: 1"
Information	1/19/2022 8:44:18 AM	Microsoft-Windows-TerminalServices-LocalSessionManager	32	None	Plugin RDSAppXPlugin has been successfully initialized
Information	1/17/2022 10:19:10 PM	Microsoft-Windows-TerminalServices-LocalSessionManager	54	None	Local multi-user session manager received system shutdown message
Information	1/17/2022 10:19:07 PM	Microsoft-Windows-TerminalServices-LocalSessionManager	23	None	"Remote Desktop Services: Session logoff succeeded:

User: WZSCN\11004142
Session ID: 1"
Information	1/11/2022 9:20:06 PM	Microsoft-Windows-TerminalServices-LocalSessionManager	22	None	"Remote Desktop Services: Shell start notification received:

User: WZSCN\11004142
Session ID: 1
Source Network Address: LOCAL"
Information	1/11/2022 9:20:06 PM	Microsoft-Windows-TerminalServices-LocalSessionManager	21	None	"Remote Desktop Services: Session logon succeeded:

User: WZSCN\11004142
Session ID: 1
Source Network Address: LOCAL"
Information	1/11/2022 9:19:14 PM	Microsoft-Windows-TerminalServices-LocalSessionManager	42	None	"End session arbitration:

User: WZSCN\11004142
Session ID: 1"
Information	1/11/2022 9:19:14 PM	Microsoft-Windows-TerminalServices-LocalSessionManager	41	None	"Begin session arbitration:

User: WZSCN\11004142
Session ID: 1"
Information	1/11/2022 9:16:57 PM	Microsoft-Windows-TerminalServices-LocalSessionManager	32	None	Plugin RDSAppXPlugin has been successfully initialized
Information	1/11/2022 8:38:58 AM	Microsoft-Windows-TerminalServices-LocalSessionManager	22	None	"Remote Desktop Services: Shell start notification received:

User: WZSCN\11004142
Session ID: 1
Source Network Address: LOCAL"
Information	1/11/2022 8:38:58 AM	Microsoft-Windows-TerminalServices-LocalSessionManager	21	None	"Remote Desktop Services: Session logon succeeded:

User: WZSCN\11004142
Session ID: 1
Source Network Address: LOCAL"
Information	1/11/2022 8:38:18 AM	Microsoft-Windows-TerminalServices-LocalSessionManager	42	None	"End session arbitration:

User: WZSCN\11004142
Session ID: 1"
Information	1/11/2022 8:38:18 AM	Microsoft-Windows-TerminalServices-LocalSessionManager	41	None	"Begin session arbitration:

User: WZSCN\11004142
Session ID: 1"
Information	1/11/2022 8:36:12 AM	Microsoft-Windows-TerminalServices-LocalSessionManager	32	None	Plugin RDSAppXPlugin has been successfully initialized
Information	1/11/2022 6:57:44 AM	Microsoft-Windows-TerminalServices-LocalSessionManager	54	None	Local multi-user session manager received system shutdown message
Information	1/11/2022 6:57:38 AM	Microsoft-Windows-TerminalServices-LocalSessionManager	23	None	"Remote Desktop Services: Session logoff succeeded:

User: WZSCN\11004142
Session ID: 1"
Information	1/4/2022 8:49:18 PM	Microsoft-Windows-TerminalServices-LocalSessionManager	22	None	"Remote Desktop Services: Shell start notification received:

User: WZSCN\11004142
Session ID: 1
Source Network Address: LOCAL"
Information	1/4/2022 8:49:17 PM	Microsoft-Windows-TerminalServices-LocalSessionManager	21	None	"Remote Desktop Services: Session logon succeeded:

User: WZSCN\11004142
Session ID: 1
Source Network Address: LOCAL"
Information	1/4/2022 8:48:26 PM	Microsoft-Windows-TerminalServices-LocalSessionManager	42	None	"End session arbitration:

User: WZSCN\11004142
Session ID: 1"
Information	1/4/2022 8:48:26 PM	Microsoft-Windows-TerminalServices-LocalSessionManager	41	None	"Begin session arbitration:

User: WZSCN\11004142
Session ID: 1"
Information	1/4/2022 8:46:07 PM	Microsoft-Windows-TerminalServices-LocalSessionManager	32	None	Plugin RDSAppXPlugin has been successfully initialized
Information	1/4/2022 8:42:56 PM	Microsoft-Windows-TerminalServices-LocalSessionManager	54	None	Local multi-user session manager received system shutdown message
Information	1/4/2022 8:42:53 PM	Microsoft-Windows-TerminalServices-LocalSessionManager	23	None	"Remote Desktop Services: Session logoff succeeded:

User: WZSCN\11004142
Session ID: 1"
Information	12/29/2021 3:44:35 PM	Microsoft-Windows-TerminalServices-LocalSessionManager	22	None	"Remote Desktop Services: Shell start notification received:

User: WZSCN\11004142
Session ID: 1
Source Network Address: LOCAL"
Information	12/29/2021 3:44:33 PM	Microsoft-Windows-TerminalServices-LocalSessionManager	21	None	"Remote Desktop Services: Session logon succeeded:

User: WZSCN\11004142
Session ID: 1
Source Network Address: LOCAL"
Information	12/29/2021 3:44:06 PM	Microsoft-Windows-TerminalServices-LocalSessionManager	42	None	"End session arbitration:

User: WZSCN\11004142
Session ID: 1"
Information	12/29/2021 3:44:06 PM	Microsoft-Windows-TerminalServices-LocalSessionManager	41	None	"Begin session arbitration:

User: WZSCN\11004142
Session ID: 1"
Information	12/29/2021 3:41:46 PM	Microsoft-Windows-TerminalServices-LocalSessionManager	32	None	Plugin RDSAppXPlugin has been successfully initialized
Information	12/29/2021 3:38:07 PM	Microsoft-Windows-TerminalServices-LocalSessionManager	54	None	Local multi-user session manager received system shutdown message
Information	12/29/2021 3:37:59 PM	Microsoft-Windows-TerminalServices-LocalSessionManager	23	None	"Remote Desktop Services: Session logoff succeeded:

User: WZSCN\11004142
Session ID: 1"
Information	12/22/2021 8:06:13 AM	Microsoft-Windows-TerminalServices-LocalSessionManager	22	None	"Remote Desktop Services: Shell start notification received:

User: WZSCN\11004142
Session ID: 1
Source Network Address: LOCAL"
Information	12/22/2021 8:06:12 AM	Microsoft-Windows-TerminalServices-LocalSessionManager	21	None	"Remote Desktop Services: Session logon succeeded:

User: WZSCN\11004142
Session ID: 1
Source Network Address: LOCAL"
Information	12/22/2021 8:05:28 AM	Microsoft-Windows-TerminalServices-LocalSessionManager	42	None	"End session arbitration:

User: WZSCN\11004142
Session ID: 1"
Information	12/22/2021 8:05:28 AM	Microsoft-Windows-TerminalServices-LocalSessionManager	41	None	"Begin session arbitration:

User: WZSCN\11004142
Session ID: 1"
Information	12/22/2021 8:04:05 AM	Microsoft-Windows-TerminalServices-LocalSessionManager	32	None	Plugin RDSAppXPlugin has been successfully initialized
Information	12/22/2021 6:18:12 AM	Microsoft-Windows-TerminalServices-LocalSessionManager	54	None	Local multi-user session manager received system shutdown message
Information	12/22/2021 6:18:10 AM	Microsoft-Windows-TerminalServices-LocalSessionManager	23	None	"Remote Desktop Services: Session logoff succeeded:

User: WZSCN\11004142
Session ID: 1"
Information	12/21/2021 3:08:35 PM	Microsoft-Windows-TerminalServices-LocalSessionManager	22	None	"Remote Desktop Services: Shell start notification received:

User: WZSCN\11004142
Session ID: 1
Source Network Address: LOCAL"
Information	12/21/2021 3:08:34 PM	Microsoft-Windows-TerminalServices-LocalSessionManager	21	None	"Remote Desktop Services: Session logon succeeded:

User: WZSCN\11004142
Session ID: 1
Source Network Address: LOCAL"
Information	12/21/2021 3:07:48 PM	Microsoft-Windows-TerminalServices-LocalSessionManager	42	None	"End session arbitration:

User: WZSCN\11004142
Session ID: 1"
Information	12/21/2021 3:07:48 PM	Microsoft-Windows-TerminalServices-LocalSessionManager	41	None	"Begin session arbitration:

User: WZSCN\11004142
Session ID: 1"
Information	12/21/2021 3:06:27 PM	Microsoft-Windows-TerminalServices-LocalSessionManager	32	None	Plugin RDSAppXPlugin has been successfully initialized
Information	12/21/2021 3:04:06 PM	Microsoft-Windows-TerminalServices-LocalSessionManager	54	None	Local multi-user session manager received system shutdown message
Information	12/21/2021 3:04:04 PM	Microsoft-Windows-TerminalServices-LocalSessionManager	23	None	"Remote Desktop Services: Session logoff succeeded:

User: WZSCN\11004142
Session ID: 1"
Information	12/20/2021 4:33:53 PM	Microsoft-Windows-TerminalServices-LocalSessionManager	22	None	"Remote Desktop Services: Shell start notification received:

User: WZSCN\11004142
Session ID: 1
Source Network Address: LOCAL"
Information	12/20/2021 4:33:52 PM	Microsoft-Windows-TerminalServices-LocalSessionManager	21	None	"Remote Desktop Services: Session logon succeeded:

User: WZSCN\11004142
Session ID: 1
Source Network Address: LOCAL"
Information	12/20/2021 4:33:00 PM	Microsoft-Windows-TerminalServices-LocalSessionManager	42	None	"End session arbitration:

User: WZSCN\11004142
Session ID: 1"
Information	12/20/2021 4:33:00 PM	Microsoft-Windows-TerminalServices-LocalSessionManager	41	None	"Begin session arbitration:

User: WZSCN\11004142
Session ID: 1"
Information	12/20/2021 4:31:26 PM	Microsoft-Windows-TerminalServices-LocalSessionManager	32	None	Plugin RDSAppXPlugin has been successfully initialized
Information	12/20/2021 4:28:56 PM	Microsoft-Windows-TerminalServices-LocalSessionManager	54	None	Local multi-user session manager received system shutdown message
Information	12/20/2021 4:28:53 PM	Microsoft-Windows-TerminalServices-LocalSessionManager	23	None	"Remote Desktop Services: Session logoff succeeded:

User: WZSCN\11004142
Session ID: 1"
Information	12/20/2021 8:13:00 AM	Microsoft-Windows-TerminalServices-LocalSessionManager	22	None	"Remote Desktop Services: Shell start notification received:

User: WZSCN\11004142
Session ID: 1
Source Network Address: LOCAL"
Information	12/20/2021 8:13:00 AM	Microsoft-Windows-TerminalServices-LocalSessionManager	21	None	"Remote Desktop Services: Session logon succeeded:

User: WZSCN\11004142
Session ID: 1
Source Network Address: LOCAL"
Information	12/20/2021 8:12:51 AM	Microsoft-Windows-TerminalServices-LocalSessionManager	42	None	"End session arbitration:

User: WZSCN\11004142
Session ID: 1"
Information	12/20/2021 8:12:51 AM	Microsoft-Windows-TerminalServices-LocalSessionManager	41	None	"Begin session arbitration:

User: WZSCN\11004142
Session ID: 1"
Information	12/20/2021 7:54:05 AM	Microsoft-Windows-TerminalServices-LocalSessionManager	32	None	Plugin RDSAppXPlugin has been successfully initialized
Information	12/18/2021 2:23:28 AM	Microsoft-Windows-TerminalServices-LocalSessionManager	54	None	Local multi-user session manager received system shutdown message
Information	12/18/2021 2:23:26 AM	Microsoft-Windows-TerminalServices-LocalSessionManager	23	None	"Remote Desktop Services: Session logoff succeeded:

User: WZSCN\11004142
Session ID: 1"
Information	12/14/2021 8:33:19 AM	Microsoft-Windows-TerminalServices-LocalSessionManager	22	None	"Remote Desktop Services: Shell start notification received:

User: WZSCN\11004142
Session ID: 1
Source Network Address: LOCAL"
Information	12/14/2021 8:33:19 AM	Microsoft-Windows-TerminalServices-LocalSessionManager	21	None	"Remote Desktop Services: Session logon succeeded:

User: WZSCN\11004142
Session ID: 1
Source Network Address: LOCAL"
Information	12/14/2021 8:33:06 AM	Microsoft-Windows-TerminalServices-LocalSessionManager	42	None	"End session arbitration:

User: WZSCN\11004142
Session ID: 1"
Information	12/14/2021 8:33:05 AM	Microsoft-Windows-TerminalServices-LocalSessionManager	41	None	"Begin session arbitration:

User: WZSCN\11004142
Session ID: 1"
Information	12/14/2021 8:30:39 AM	Microsoft-Windows-TerminalServices-LocalSessionManager	32	None	Plugin RDSAppXPlugin has been successfully initialized
Information	12/13/2021 6:34:25 PM	Microsoft-Windows-TerminalServices-LocalSessionManager	54	None	Local multi-user session manager received system shutdown message
Information	12/13/2021 6:34:21 PM	Microsoft-Windows-TerminalServices-LocalSessionManager	23	None	"Remote Desktop Services: Session logoff succeeded:

User: WZSCN\11004142
Session ID: 1"
Information	12/12/2021 9:13:48 PM	Microsoft-Windows-TerminalServices-LocalSessionManager	22	None	"Remote Desktop Services: Shell start notification received:

User: WZSCN\11004142
Session ID: 1
Source Network Address: LOCAL"
Information	12/12/2021 9:13:42 PM	Microsoft-Windows-TerminalServices-LocalSessionManager	21	None	"Remote Desktop Services: Session logon succeeded:

User: WZSCN\11004142
Session ID: 1
Source Network Address: LOCAL"
Information	12/12/2021 9:12:57 PM	Microsoft-Windows-TerminalServices-LocalSessionManager	42	None	"End session arbitration:

User: WZSCN\11004142
Session ID: 1"
Information	12/12/2021 9:12:57 PM	Microsoft-Windows-TerminalServices-LocalSessionManager	41	None	"Begin session arbitration:

User: WZSCN\11004142
Session ID: 1"
Information	12/12/2021 9:10:40 PM	Microsoft-Windows-TerminalServices-LocalSessionManager	32	None	Plugin RDSAppXPlugin has been successfully initialized
Information	12/10/2021 5:37:55 AM	Microsoft-Windows-TerminalServices-LocalSessionManager	54	None	Local multi-user session manager received system shutdown message
Information	12/10/2021 5:37:52 AM	Microsoft-Windows-TerminalServices-LocalSessionManager	23	None	"Remote Desktop Services: Session logoff succeeded:

User: WZSCN\11004142
Session ID: 1"
Information	12/9/2021 9:44:25 AM	Microsoft-Windows-TerminalServices-LocalSessionManager	22	None	"Remote Desktop Services: Shell start notification received:

User: WZSCN\11004142
Session ID: 1
Source Network Address: LOCAL"
Information	12/9/2021 9:44:25 AM	Microsoft-Windows-TerminalServices-LocalSessionManager	21	None	"Remote Desktop Services: Session logon succeeded:

User: WZSCN\11004142
Session ID: 1
Source Network Address: LOCAL"
Information	12/9/2021 9:43:23 AM	Microsoft-Windows-TerminalServices-LocalSessionManager	42	None	"End session arbitration:

User: WZSCN\11004142
Session ID: 1"
Information	12/9/2021 9:43:23 AM	Microsoft-Windows-TerminalServices-LocalSessionManager	41	None	"Begin session arbitration:

User: WZSCN\11004142
Session ID: 1"
Information	12/9/2021 9:41:35 AM	Microsoft-Windows-TerminalServices-LocalSessionManager	32	None	Plugin RDSAppXPlugin has been successfully initialized
Information	12/9/2021 9:37:08 AM	Microsoft-Windows-TerminalServices-LocalSessionManager	54	None	Local multi-user session manager received system shutdown message
Information	12/9/2021 9:37:04 AM	Microsoft-Windows-TerminalServices-LocalSessionManager	23	None	"Remote Desktop Services: Session logoff succeeded:

User: WZSCN\11004142
Session ID: 1"
Information	12/8/2021 9:17:45 AM	Microsoft-Windows-TerminalServices-LocalSessionManager	22	None	"Remote Desktop Services: Shell start notification received:

User: WZSCN\11004142
Session ID: 1
Source Network Address: LOCAL"
Information	12/8/2021 9:17:45 AM	Microsoft-Windows-TerminalServices-LocalSessionManager	21	None	"Remote Desktop Services: Session logon succeeded:

User: WZSCN\11004142
Session ID: 1
Source Network Address: LOCAL"
Information	12/8/2021 9:16:00 AM	Microsoft-Windows-TerminalServices-LocalSessionManager	42	None	"End session arbitration:

User: WZSCN\11004142
Session ID: 1"
Information	12/8/2021 9:16:00 AM	Microsoft-Windows-TerminalServices-LocalSessionManager	41	None	"Begin session arbitration:

User: WZSCN\11004142
Session ID: 1"
Information	12/8/2021 9:11:43 AM	Microsoft-Windows-TerminalServices-LocalSessionManager	32	None	Plugin RDSAppXPlugin has been successfully initialized
Information	12/8/2021 3:08:47 AM	Microsoft-Windows-TerminalServices-LocalSessionManager	54	None	Local multi-user session manager received system shutdown message
Information	12/8/2021 3:08:44 AM	Microsoft-Windows-TerminalServices-LocalSessionManager	23	None	"Remote Desktop Services: Session logoff succeeded:

User: WZSCN\11004142
Session ID: 1"
Information	12/7/2021 12:39:21 PM	Microsoft-Windows-TerminalServices-LocalSessionManager	22	None	"Remote Desktop Services: Shell start notification received:

User: WZSCN\11004142
Session ID: 1
Source Network Address: LOCAL"
Information	12/7/2021 12:39:21 PM	Microsoft-Windows-TerminalServices-LocalSessionManager	21	None	"Remote Desktop Services: Session logon succeeded:

User: WZSCN\11004142
Session ID: 1
Source Network Address: LOCAL"
Information	12/7/2021 12:39:00 PM	Microsoft-Windows-TerminalServices-LocalSessionManager	42	None	"End session arbitration:

User: WZSCN\11004142
Session ID: 1"
Information	12/7/2021 12:39:00 PM	Microsoft-Windows-TerminalServices-LocalSessionManager	41	None	"Begin session arbitration:

User: WZSCN\11004142
Session ID: 1"
Information	12/7/2021 12:33:36 PM	Microsoft-Windows-TerminalServices-LocalSessionManager	32	None	Plugin RDSAppXPlugin has been successfully initialized
Information	12/7/2021 11:58:42 AM	Microsoft-Windows-TerminalServices-LocalSessionManager	32	None	Plugin RDSAppXPlugin has been successfully initialized
Information	12/7/2021 11:40:11 AM	Microsoft-Windows-TerminalServices-LocalSessionManager	54	None	Local multi-user session manager received system shutdown message
Information	12/7/2021 11:40:09 AM	Microsoft-Windows-TerminalServices-LocalSessionManager	23	None	"Remote Desktop Services: Session logoff succeeded:

User: WZSCN\11004142
Session ID: 1"
Information	12/7/2021 9:55:16 AM	Microsoft-Windows-TerminalServices-LocalSessionManager	22	None	"Remote Desktop Services: Shell start notification received:

User: WZSCN\11004142
Session ID: 1
Source Network Address: LOCAL"
Information	12/7/2021 9:55:13 AM	Microsoft-Windows-TerminalServices-LocalSessionManager	21	None	"Remote Desktop Services: Session logon succeeded:

User: WZSCN\11004142
Session ID: 1
Source Network Address: LOCAL"
Information	12/7/2021 9:53:46 AM	Microsoft-Windows-TerminalServices-LocalSessionManager	42	None	"End session arbitration:

User: WZSCN\11004142
Session ID: 1"
Information	12/7/2021 9:53:46 AM	Microsoft-Windows-TerminalServices-LocalSessionManager	41	None	"Begin session arbitration:

User: WZSCN\11004142
Session ID: 1"
Information	12/7/2021 9:51:48 AM	Microsoft-Windows-TerminalServices-LocalSessionManager	32	None	Plugin RDSAppXPlugin has been successfully initialized
Information	12/7/2021 9:03:21 AM	Microsoft-Windows-TerminalServices-LocalSessionManager	32	None	Plugin RDSAppXPlugin has been successfully initialized
Error	12/6/2021 9:08:01 PM	Microsoft-Windows-TerminalServices-LocalSessionManager	17	None	Remote Desktop Service start failed. The relevant status code was 0x8007045B.
Information	12/6/2021 9:06:46 PM	Microsoft-Windows-TerminalServices-LocalSessionManager	54	None	Local multi-user session manager received system shutdown message
Information	12/6/2021 9:06:42 PM	Microsoft-Windows-TerminalServices-LocalSessionManager	23	None	"Remote Desktop Services: Session logoff succeeded:

User: WZSCN\11004142
Session ID: 1"
Information	11/30/2021 10:13:11 PM	Microsoft-Windows-TerminalServices-LocalSessionManager	22	None	"Remote Desktop Services: Shell start notification received:

User: WZSCN\11004142
Session ID: 1
Source Network Address: LOCAL"
Information	11/30/2021 10:13:09 PM	Microsoft-Windows-TerminalServices-LocalSessionManager	21	None	"Remote Desktop Services: Session logon succeeded:

User: WZSCN\11004142
Session ID: 1
Source Network Address: LOCAL"
Information	11/30/2021 10:12:00 PM	Microsoft-Windows-TerminalServices-LocalSessionManager	42	None	"End session arbitration:

User: WZSCN\11004142
Session ID: 1"
Information	11/30/2021 10:12:00 PM	Microsoft-Windows-TerminalServices-LocalSessionManager	41	None	"Begin session arbitration:

User: WZSCN\11004142
Session ID: 1"
Information	11/30/2021 10:10:36 PM	Microsoft-Windows-TerminalServices-LocalSessionManager	32	None	Plugin RDSAppXPlugin has been successfully initialized
Information	11/30/2021 10:08:22 PM	Microsoft-Windows-TerminalServices-LocalSessionManager	54	None	Local multi-user session manager received system shutdown message
Information	11/30/2021 10:08:21 PM	Microsoft-Windows-TerminalServices-LocalSessionManager	23	None	"Remote Desktop Services: Session logoff succeeded:

User: WZSCN\11004142
Session ID: 1"
Information	11/27/2021 1:53:01 PM	Microsoft-Windows-TerminalServices-LocalSessionManager	22	None	"Remote Desktop Services: Shell start notification received:

User: WZSCN\11004142
Session ID: 1
Source Network Address: LOCAL"
Information	11/27/2021 1:53:01 PM	Microsoft-Windows-TerminalServices-LocalSessionManager	21	None	"Remote Desktop Services: Session logon succeeded:

User: WZSCN\11004142
Session ID: 1
Source Network Address: LOCAL"
Information	11/27/2021 1:51:50 PM	Microsoft-Windows-TerminalServices-LocalSessionManager	42	None	"End session arbitration:

User: WZSCN\11004142
Session ID: 1"
Information	11/27/2021 1:51:50 PM	Microsoft-Windows-TerminalServices-LocalSessionManager	41	None	"Begin session arbitration:

User: WZSCN\11004142
Session ID: 1"
Information	11/27/2021 1:50:10 PM	Microsoft-Windows-TerminalServices-LocalSessionManager	32	None	Plugin RDSAppXPlugin has been successfully initialized
Information	11/27/2021 3:25:01 AM	Microsoft-Windows-TerminalServices-LocalSessionManager	54	None	Local multi-user session manager received system shutdown message
Information	11/27/2021 3:24:56 AM	Microsoft-Windows-TerminalServices-LocalSessionManager	23	None	"Remote Desktop Services: Session logoff succeeded:

User: WZSCN\11004142
Session ID: 1"
Information	11/19/2021 8:41:36 AM	Microsoft-Windows-TerminalServices-LocalSessionManager	22	None	"Remote Desktop Services: Shell start notification received:

User: WZSCN\11004142
Session ID: 1
Source Network Address: LOCAL"
Information	11/19/2021 8:41:36 AM	Microsoft-Windows-TerminalServices-LocalSessionManager	21	None	"Remote Desktop Services: Session logon succeeded:

User: WZSCN\11004142
Session ID: 1
Source Network Address: LOCAL"
Information	11/19/2021 8:41:31 AM	Microsoft-Windows-TerminalServices-LocalSessionManager	42	None	"End session arbitration:

User: WZSCN\11004142
Session ID: 1"
Information	11/19/2021 8:41:31 AM	Microsoft-Windows-TerminalServices-LocalSessionManager	41	None	"Begin session arbitration:

User: WZSCN\11004142
Session ID: 1"
Information	11/19/2021 4:28:48 AM	Microsoft-Windows-TerminalServices-LocalSessionManager	32	None	Plugin RDSAppXPlugin has been successfully initialized
Information	11/12/2021 9:46:50 PM	Microsoft-Windows-TerminalServices-LocalSessionManager	22	None	"Remote Desktop Services: Shell start notification received:

User: WZSCN\11004142
Session ID: 1
Source Network Address: LOCAL"
Information	11/12/2021 9:46:50 PM	Microsoft-Windows-TerminalServices-LocalSessionManager	21	None	"Remote Desktop Services: Session logon succeeded:

User: WZSCN\11004142
Session ID: 1
Source Network Address: LOCAL"
Information	11/12/2021 9:45:55 PM	Microsoft-Windows-TerminalServices-LocalSessionManager	42	None	"End session arbitration:

User: WZSCN\11004142
Session ID: 1"
Information	11/12/2021 9:45:55 PM	Microsoft-Windows-TerminalServices-LocalSessionManager	41	None	"Begin session arbitration:

User: WZSCN\11004142
Session ID: 1"
Information	11/12/2021 9:44:24 PM	Microsoft-Windows-TerminalServices-LocalSessionManager	32	None	Plugin RDSAppXPlugin has been successfully initialized
Information	11/12/2021 9:41:52 PM	Microsoft-Windows-TerminalServices-LocalSessionManager	54	None	Local multi-user session manager received system shutdown message
Information	11/12/2021 9:41:48 PM	Microsoft-Windows-TerminalServices-LocalSessionManager	23	None	"Remote Desktop Services: Session logoff succeeded:

User: WZSCN\11004142
Session ID: 1"
Information	11/7/2021 10:30:54 AM	Microsoft-Windows-TerminalServices-LocalSessionManager	22	None	"Remote Desktop Services: Shell start notification received:

User: WZSCN\11004142
Session ID: 1
Source Network Address: LOCAL"
Information	11/7/2021 10:30:53 AM	Microsoft-Windows-TerminalServices-LocalSessionManager	21	None	"Remote Desktop Services: Session logon succeeded:

User: WZSCN\11004142
Session ID: 1
Source Network Address: LOCAL"
Information	11/7/2021 10:29:36 AM	Microsoft-Windows-TerminalServices-LocalSessionManager	42	None	"End session arbitration:

User: WZSCN\11004142
Session ID: 1"
Information	11/7/2021 10:29:36 AM	Microsoft-Windows-TerminalServices-LocalSessionManager	41	None	"Begin session arbitration:

User: WZSCN\11004142
Session ID: 1"
Information	11/7/2021 10:27:56 AM	Microsoft-Windows-TerminalServices-LocalSessionManager	32	None	Plugin RDSAppXPlugin has been successfully initialized
Information	11/7/2021 8:58:58 AM	Microsoft-Windows-TerminalServices-LocalSessionManager	54	None	Local multi-user session manager received system shutdown message
Information	11/7/2021 8:58:50 AM	Microsoft-Windows-TerminalServices-LocalSessionManager	23	None	"Remote Desktop Services: Session logoff succeeded:

User: WZSCN\11004142
Session ID: 1"
Information	10/29/2021 8:06:08 AM	Microsoft-Windows-TerminalServices-LocalSessionManager	22	None	"Remote Desktop Services: Shell start notification received:

User: WZSCN\11004142
Session ID: 1
Source Network Address: LOCAL"
Information	10/29/2021 8:06:06 AM	Microsoft-Windows-TerminalServices-LocalSessionManager	21	None	"Remote Desktop Services: Session logon succeeded:

User: WZSCN\11004142
Session ID: 1
Source Network Address: LOCAL"
Information	10/29/2021 8:04:27 AM	Microsoft-Windows-TerminalServices-LocalSessionManager	42	None	"End session arbitration:

User: WZSCN\11004142
Session ID: 1"
Information	10/29/2021 8:04:27 AM	Microsoft-Windows-TerminalServices-LocalSessionManager	41	None	"Begin session arbitration:

User: WZSCN\11004142
Session ID: 1"
Information	10/29/2021 8:02:33 AM	Microsoft-Windows-TerminalServices-LocalSessionManager	32	None	Plugin RDSAppXPlugin has been successfully initialized
Information	10/28/2021 8:43:41 AM	Microsoft-Windows-TerminalServices-LocalSessionManager	22	None	"Remote Desktop Services: Shell start notification received:

User: WZSCN\11004142
Session ID: 1
Source Network Address: LOCAL"
Information	10/28/2021 8:43:40 AM	Microsoft-Windows-TerminalServices-LocalSessionManager	21	None	"Remote Desktop Services: Session logon succeeded:

User: WZSCN\11004142
Session ID: 1
Source Network Address: LOCAL"
Information	10/28/2021 8:42:34 AM	Microsoft-Windows-TerminalServices-LocalSessionManager	42	None	"End session arbitration:

User: WZSCN\11004142
Session ID: 1"
Information	10/28/2021 8:42:34 AM	Microsoft-Windows-TerminalServices-LocalSessionManager	41	None	"Begin session arbitration:

User: WZSCN\11004142
Session ID: 1"
Information	10/28/2021 8:41:02 AM	Microsoft-Windows-TerminalServices-LocalSessionManager	32	None	Plugin RDSAppXPlugin has been successfully initialized
Information	10/28/2021 12:20:06 AM	Microsoft-Windows-TerminalServices-LocalSessionManager	54	None	Local multi-user session manager received system shutdown message
Information	10/28/2021 12:20:03 AM	Microsoft-Windows-TerminalServices-LocalSessionManager	23	None	"Remote Desktop Services: Session logoff succeeded:

User: WZSCN\11004142
Session ID: 1"
Information	10/27/2021 8:26:36 AM	Microsoft-Windows-TerminalServices-LocalSessionManager	22	None	"Remote Desktop Services: Shell start notification received:

User: WZSCN\11004142
Session ID: 1
Source Network Address: LOCAL"
Information	10/27/2021 8:26:35 AM	Microsoft-Windows-TerminalServices-LocalSessionManager	21	None	"Remote Desktop Services: Session logon succeeded:

User: WZSCN\11004142
Session ID: 1
Source Network Address: LOCAL"
Information	10/27/2021 8:25:18 AM	Microsoft-Windows-TerminalServices-LocalSessionManager	42	None	"End session arbitration:

User: WZSCN\11004142
Session ID: 1"
Information	10/27/2021 8:25:18 AM	Microsoft-Windows-TerminalServices-LocalSessionManager	41	None	"Begin session arbitration:

User: WZSCN\11004142
Session ID: 1"
Information	10/27/2021 8:22:20 AM	Microsoft-Windows-TerminalServices-LocalSessionManager	32	None	Plugin RDSAppXPlugin has been successfully initialized
Information	10/27/2021 3:27:42 AM	Microsoft-Windows-TerminalServices-LocalSessionManager	54	None	Local multi-user session manager received system shutdown message
Information	10/27/2021 3:27:39 AM	Microsoft-Windows-TerminalServices-LocalSessionManager	23	None	"Remote Desktop Services: Session logoff succeeded:

User: WZSCN\11004142
Session ID: 1"
Information	10/24/2021 6:38:18 PM	Microsoft-Windows-TerminalServices-LocalSessionManager	22	None	"Remote Desktop Services: Shell start notification received:

User: WZSCN\11004142
Session ID: 1
Source Network Address: LOCAL"
Information	10/24/2021 6:38:15 PM	Microsoft-Windows-TerminalServices-LocalSessionManager	21	None	"Remote Desktop Services: Session logon succeeded:

User: WZSCN\11004142
Session ID: 1
Source Network Address: LOCAL"
Information	10/24/2021 6:37:02 PM	Microsoft-Windows-TerminalServices-LocalSessionManager	42	None	"End session arbitration:

User: WZSCN\11004142
Session ID: 1"
Information	10/24/2021 6:37:02 PM	Microsoft-Windows-TerminalServices-LocalSessionManager	41	None	"Begin session arbitration:

User: WZSCN\11004142
Session ID: 1"
Information	10/24/2021 6:35:19 PM	Microsoft-Windows-TerminalServices-LocalSessionManager	32	None	Plugin RDSAppXPlugin has been successfully initialized
Information	10/24/2021 5:33:23 PM	Microsoft-Windows-TerminalServices-LocalSessionManager	54	None	Local multi-user session manager received system shutdown message
Information	10/24/2021 5:33:20 PM	Microsoft-Windows-TerminalServices-LocalSessionManager	23	None	"Remote Desktop Services: Session logoff succeeded:

User: WZSCN\11004142
Session ID: 1"
Information	10/17/2021 9:36:10 PM	Microsoft-Windows-TerminalServices-LocalSessionManager	22	None	"Remote Desktop Services: Shell start notification received:

User: WZSCN\11004142
Session ID: 1
Source Network Address: LOCAL"
Information	10/17/2021 9:36:09 PM	Microsoft-Windows-TerminalServices-LocalSessionManager	21	None	"Remote Desktop Services: Session logon succeeded:

User: WZSCN\11004142
Session ID: 1
Source Network Address: LOCAL"
Information	10/17/2021 9:35:11 PM	Microsoft-Windows-TerminalServices-LocalSessionManager	42	None	"End session arbitration:

User: WZSCN\11004142
Session ID: 1"
Information	10/17/2021 9:35:11 PM	Microsoft-Windows-TerminalServices-LocalSessionManager	41	None	"Begin session arbitration:

User: WZSCN\11004142
Session ID: 1"
Information	10/17/2021 9:33:24 PM	Microsoft-Windows-TerminalServices-LocalSessionManager	32	None	Plugin RDSAppXPlugin has been successfully initialized
Information	10/17/2021 12:01:41 PM	Microsoft-Windows-TerminalServices-LocalSessionManager	54	None	Local multi-user session manager received system shutdown message
Information	10/17/2021 12:01:38 PM	Microsoft-Windows-TerminalServices-LocalSessionManager	23	None	"Remote Desktop Services: Session logoff succeeded:

User: WZSCN\11004142
Session ID: 1"
Information	10/13/2021 8:08:50 AM	Microsoft-Windows-TerminalServices-LocalSessionManager	22	None	"Remote Desktop Services: Shell start notification received:

User: WZSCN\11004142
Session ID: 1
Source Network Address: LOCAL"
Information	10/13/2021 8:08:49 AM	Microsoft-Windows-TerminalServices-LocalSessionManager	21	None	"Remote Desktop Services: Session logon succeeded:

User: WZSCN\11004142
Session ID: 1
Source Network Address: LOCAL"
Information	10/13/2021 8:08:27 AM	Microsoft-Windows-TerminalServices-LocalSessionManager	42	None	"End session arbitration:

User: WZSCN\11004142
Session ID: 1"
Information	10/13/2021 8:08:27 AM	Microsoft-Windows-TerminalServices-LocalSessionManager	41	None	"Begin session arbitration:

User: WZSCN\11004142
Session ID: 1"
Information	10/13/2021 8:01:56 AM	Microsoft-Windows-TerminalServices-LocalSessionManager	32	None	Plugin RDSAppXPlugin has been successfully initialized
Information	10/13/2021 7:20:09 AM	Microsoft-Windows-TerminalServices-LocalSessionManager	54	None	Local multi-user session manager received system shutdown message
Information	10/13/2021 7:20:07 AM	Microsoft-Windows-TerminalServices-LocalSessionManager	23	None	"Remote Desktop Services: Session logoff succeeded:

User: WZSCN\11004142
Session ID: 1"
Information	10/9/2021 6:48:05 PM	Microsoft-Windows-TerminalServices-LocalSessionManager	22	None	"Remote Desktop Services: Shell start notification received:

User: WZSCN\11004142
Session ID: 1
Source Network Address: LOCAL"
Information	10/9/2021 6:48:04 PM	Microsoft-Windows-TerminalServices-LocalSessionManager	21	None	"Remote Desktop Services: Session logon succeeded:

User: WZSCN\11004142
Session ID: 1
Source Network Address: LOCAL"
Information	10/9/2021 6:47:15 PM	Microsoft-Windows-TerminalServices-LocalSessionManager	42	None	"End session arbitration:

User: WZSCN\11004142
Session ID: 1"
Information	10/9/2021 6:47:15 PM	Microsoft-Windows-TerminalServices-LocalSessionManager	41	None	"Begin session arbitration:

User: WZSCN\11004142
Session ID: 1"
Information	10/9/2021 6:45:46 PM	Microsoft-Windows-TerminalServices-LocalSessionManager	32	None	Plugin RDSAppXPlugin has been successfully initialized
Information	10/9/2021 6:44:18 PM	Microsoft-Windows-TerminalServices-LocalSessionManager	54	None	Local multi-user session manager received system shutdown message
Information	10/9/2021 6:44:16 PM	Microsoft-Windows-TerminalServices-LocalSessionManager	23	None	"Remote Desktop Services: Session logoff succeeded:

User: WZSCN\11004142
Session ID: 1"
Information	10/9/2021 12:32:25 PM	Microsoft-Windows-TerminalServices-LocalSessionManager	22	None	"Remote Desktop Services: Shell start notification received:

User: WZSCN\11004142
Session ID: 1
Source Network Address: LOCAL"
Information	10/9/2021 12:32:25 PM	Microsoft-Windows-TerminalServices-LocalSessionManager	21	None	"Remote Desktop Services: Session logon succeeded:

User: WZSCN\11004142
Session ID: 1
Source Network Address: LOCAL"
Information	10/9/2021 12:31:47 PM	Microsoft-Windows-TerminalServices-LocalSessionManager	42	None	"End session arbitration:

User: WZSCN\11004142
Session ID: 1"
Information	10/9/2021 12:31:47 PM	Microsoft-Windows-TerminalServices-LocalSessionManager	41	None	"Begin session arbitration:

User: WZSCN\11004142
Session ID: 1"
Information	10/9/2021 12:29:59 PM	Microsoft-Windows-TerminalServices-LocalSessionManager	32	None	Plugin RDSAppXPlugin has been successfully initialized
Information	10/9/2021 3:07:17 AM	Microsoft-Windows-TerminalServices-LocalSessionManager	54	None	Local multi-user session manager received system shutdown message
Information	10/9/2021 3:07:14 AM	Microsoft-Windows-TerminalServices-LocalSessionManager	23	None	"Remote Desktop Services: Session logoff succeeded:

User: WZSCN\11004142
Session ID: 1"
Information	10/7/2021 8:39:44 AM	Microsoft-Windows-TerminalServices-LocalSessionManager	22	None	"Remote Desktop Services: Shell start notification received:

User: WZSCN\11004142
Session ID: 1
Source Network Address: LOCAL"
Information	10/7/2021 8:39:42 AM	Microsoft-Windows-TerminalServices-LocalSessionManager	21	None	"Remote Desktop Services: Session logon succeeded:

User: WZSCN\11004142
Session ID: 1
Source Network Address: LOCAL"
Information	10/7/2021 8:38:45 AM	Microsoft-Windows-TerminalServices-LocalSessionManager	42	None	"End session arbitration:

User: WZSCN\11004142
Session ID: 1"
Information	10/7/2021 8:38:45 AM	Microsoft-Windows-TerminalServices-LocalSessionManager	41	None	"Begin session arbitration:

User: WZSCN\11004142
Session ID: 1"
Information	10/7/2021 8:37:22 AM	Microsoft-Windows-TerminalServices-LocalSessionManager	32	None	Plugin RDSAppXPlugin has been successfully initialized
Information	10/7/2021 6:38:34 AM	Microsoft-Windows-TerminalServices-LocalSessionManager	54	None	Local multi-user session manager received system shutdown message
Information	10/7/2021 6:38:32 AM	Microsoft-Windows-TerminalServices-LocalSessionManager	23	None	"Remote Desktop Services: Session logoff succeeded:

User: WZSCN\11004142
Session ID: 1"
Information	10/5/2021 2:10:47 PM	Microsoft-Windows-TerminalServices-LocalSessionManager	22	None	"Remote Desktop Services: Shell start notification received:

User: WZSCN\11004142
Session ID: 1
Source Network Address: LOCAL"
Information	10/5/2021 2:10:46 PM	Microsoft-Windows-TerminalServices-LocalSessionManager	21	None	"Remote Desktop Services: Session logon succeeded:

User: WZSCN\11004142
Session ID: 1
Source Network Address: LOCAL"
Information	10/5/2021 2:10:05 PM	Microsoft-Windows-TerminalServices-LocalSessionManager	42	None	"End session arbitration:

User: WZSCN\11004142
Session ID: 1"
Information	10/5/2021 2:10:05 PM	Microsoft-Windows-TerminalServices-LocalSessionManager	41	None	"Begin session arbitration:

User: WZSCN\11004142
Session ID: 1"
Information	10/5/2021 2:08:24 PM	Microsoft-Windows-TerminalServices-LocalSessionManager	32	None	Plugin RDSAppXPlugin has been successfully initialized
Information	10/5/2021 2:11:26 AM	Microsoft-Windows-TerminalServices-LocalSessionManager	54	None	Local multi-user session manager received system shutdown message
Information	10/5/2021 2:11:23 AM	Microsoft-Windows-TerminalServices-LocalSessionManager	23	None	"Remote Desktop Services: Session logoff succeeded:

User: WZSCN\11004142
Session ID: 1"
Information	9/30/2021 4:56:27 AM	Microsoft-Windows-TerminalServices-LocalSessionManager	22	None	"Remote Desktop Services: Shell start notification received:

User: WZSCN\11004142
Session ID: 1
Source Network Address: LOCAL"
