Level	Date and Time	Source	Event ID	Task Category
Information	3/30/2023 9:26:32 AM	Microsoft-Windows-TerminalServices-LocalSessionManager	22	None	"Remote Desktop Services: Shell start notification received:

User: WZSCN\11004142
Session ID: 1
Source Network Address: LOCAL"
Information	3/30/2023 9:26:32 AM	Microsoft-Windows-TerminalServices-LocalSessionManager	21	None	"Remote Desktop Services: Session logon succeeded:

User: WZSCN\11004142
Session ID: 1
Source Network Address: LOCAL"
Information	3/30/2023 9:26:29 AM	Microsoft-Windows-TerminalServices-LocalSessionManager	42	None	"End session arbitration:

User: WZSCN\11004142
Session ID: 1"
Information	3/30/2023 9:26:29 AM	Microsoft-Windows-TerminalServices-LocalSessionManager	41	None	"Begin session arbitration:

User: WZSCN\11004142
Session ID: 1"
Information	3/30/2023 9:25:42 AM	Microsoft-Windows-TerminalServices-LocalSessionManager	32	None	Plugin RDSAppXPlugin has been successfully initialized
Information	3/30/2023 9:23:35 AM	Microsoft-Windows-TerminalServices-LocalSessionManager	54	None	Local multi-user session manager received system shutdown message
Information	3/30/2023 9:23:35 AM	Microsoft-Windows-TerminalServices-LocalSessionManager	23	None	"Remote Desktop Services: Session logoff succeeded:

User: WZSCN\JILL.JIANG
Session ID: 1"
Information	3/30/2023 9:20:52 AM	Microsoft-Windows-TerminalServices-LocalSessionManager	22	None	"Remote Desktop Services: Shell start notification received:

User: WZSCN\JILL.JIANG
Session ID: 1
Source Network Address: LOCAL"
Information	3/30/2023 9:20:52 AM	Microsoft-Windows-TerminalServices-LocalSessionManager	21	None	"Remote Desktop Services: Session logon succeeded:

User: WZSCN\JILL.JIANG
Session ID: 1
Source Network Address: LOCAL"
Information	3/30/2023 9:20:49 AM	Microsoft-Windows-TerminalServices-LocalSessionManager	42	None	"End session arbitration:

User: WZSCN\JILL.JIANG
Session ID: 1"
Information	3/30/2023 9:20:49 AM	Microsoft-Windows-TerminalServices-LocalSessionManager	41	None	"Begin session arbitration:

User: WZSCN\JILL.JIANG
Session ID: 1"
Information	3/30/2023 9:19:59 AM	Microsoft-Windows-TerminalServices-LocalSessionManager	32	None	Plugin RDSAppXPlugin has been successfully initialized
Information	3/30/2023 9:17:50 AM	Microsoft-Windows-TerminalServices-LocalSessionManager	54	None	Local multi-user session manager received system shutdown message
Information	3/30/2023 9:17:49 AM	Microsoft-Windows-TerminalServices-LocalSessionManager	23	None	"Remote Desktop Services: Session logoff succeeded:

User: WZSCN\11004142
Session ID: 1"
Information	3/29/2023 2:33:31 PM	Microsoft-Windows-TerminalServices-LocalSessionManager	22	None	"Remote Desktop Services: Shell start notification received:

User: WZSCN\11004142
Session ID: 1
Source Network Address: LOCAL"
Information	3/29/2023 2:33:29 PM	Microsoft-Windows-TerminalServices-LocalSessionManager	21	None	"Remote Desktop Services: Session logon succeeded:

User: WZSCN\11004142
Session ID: 1
Source Network Address: LOCAL"
Information	3/29/2023 2:33:28 PM	Microsoft-Windows-TerminalServices-LocalSessionManager	42	None	"End session arbitration:

User: WZSCN\11004142
Session ID: 1"
Information	3/29/2023 2:33:28 PM	Microsoft-Windows-TerminalServices-LocalSessionManager	41	None	"Begin session arbitration:

User: WZSCN\11004142
Session ID: 1"
Information	3/29/2023 2:33:13 PM	Microsoft-Windows-TerminalServices-LocalSessionManager	32	None	Plugin RDSAppXPlugin has been successfully initialized
Information	3/29/2023 2:31:36 PM	Microsoft-Windows-TerminalServices-LocalSessionManager	54	None	Local multi-user session manager received system shutdown message
Information	3/29/2023 2:31:36 PM	Microsoft-Windows-TerminalServices-LocalSessionManager	23	None	"Remote Desktop Services: Session logoff succeeded:

User: WZSCN\11004142
Session ID: 1"
Information	3/19/2023 3:31:08 PM	Microsoft-Windows-TerminalServices-LocalSessionManager	22	None	"Remote Desktop Services: Shell start notification received:

User: WZSCN\11004142
Session ID: 1
Source Network Address: LOCAL"
Information	3/19/2023 3:31:08 PM	Microsoft-Windows-TerminalServices-LocalSessionManager	21	None	"Remote Desktop Services: Session logon succeeded:

User: WZSCN\11004142
Session ID: 1
Source Network Address: LOCAL"
Information	3/19/2023 3:31:07 PM	Microsoft-Windows-TerminalServices-LocalSessionManager	42	None	"End session arbitration:

User: WZSCN\11004142
Session ID: 1"
Information	3/19/2023 3:31:07 PM	Microsoft-Windows-TerminalServices-LocalSessionManager	41	None	"Begin session arbitration:

User: WZSCN\11004142
Session ID: 1"
Information	3/19/2023 3:26:57 PM	Microsoft-Windows-TerminalServices-LocalSessionManager	32	None	Plugin RDSAppXPlugin has been successfully initialized
Information	3/19/2023 3:24:30 PM	Microsoft-Windows-TerminalServices-LocalSessionManager	54	None	Local multi-user session manager received system shutdown message
Information	3/19/2023 3:24:30 PM	Microsoft-Windows-TerminalServices-LocalSessionManager	23	None	"Remote Desktop Services: Session logoff succeeded:

User: WZSCN\11004142
Session ID: 1"
Information	3/15/2023 2:27:11 PM	Microsoft-Windows-TerminalServices-LocalSessionManager	22	None	"Remote Desktop Services: Shell start notification received:

User: WZSCN\11004142
Session ID: 1
Source Network Address: LOCAL"
Information	3/15/2023 2:27:11 PM	Microsoft-Windows-TerminalServices-LocalSessionManager	21	None	"Remote Desktop Services: Session logon succeeded:

User: WZSCN\11004142
Session ID: 1
Source Network Address: LOCAL"
Information	3/15/2023 2:27:08 PM	Microsoft-Windows-TerminalServices-LocalSessionManager	42	None	"End session arbitration:

User: WZSCN\11004142
Session ID: 1"
Information	3/15/2023 2:27:08 PM	Microsoft-Windows-TerminalServices-LocalSessionManager	41	None	"Begin session arbitration:

User: WZSCN\11004142
Session ID: 1"
Information	3/15/2023 2:26:37 PM	Microsoft-Windows-TerminalServices-LocalSessionManager	32	None	Plugin RDSAppXPlugin has been successfully initialized
Information	3/15/2023 2:22:11 PM	Microsoft-Windows-TerminalServices-LocalSessionManager	54	None	Local multi-user session manager received system shutdown message
Information	3/15/2023 2:22:11 PM	Microsoft-Windows-TerminalServices-LocalSessionManager	23	None	"Remote Desktop Services: Session logoff succeeded:

User: WZSCN\11004142
Session ID: 1"
Information	3/15/2023 12:33:36 PM	Microsoft-Windows-TerminalServices-LocalSessionManager	22	None	"Remote Desktop Services: Shell start notification received:

User: WZSCN\11004142
Session ID: 1
Source Network Address: LOCAL"
Information	3/15/2023 12:33:34 PM	Microsoft-Windows-TerminalServices-LocalSessionManager	21	None	"Remote Desktop Services: Session logon succeeded:

User: WZSCN\11004142
Session ID: 1
Source Network Address: LOCAL"
Information	3/15/2023 12:33:31 PM	Microsoft-Windows-TerminalServices-LocalSessionManager	42	None	"End session arbitration:

User: WZSCN\11004142
Session ID: 1"
Information	3/15/2023 12:33:31 PM	Microsoft-Windows-TerminalServices-LocalSessionManager	41	None	"Begin session arbitration:

User: WZSCN\11004142
Session ID: 1"
Information	3/15/2023 12:33:13 PM	Microsoft-Windows-TerminalServices-LocalSessionManager	32	None	Plugin RDSAppXPlugin has been successfully initialized
Information	3/15/2023 12:31:44 PM	Microsoft-Windows-TerminalServices-LocalSessionManager	54	None	Local multi-user session manager received system shutdown message
Information	3/15/2023 12:31:43 PM	Microsoft-Windows-TerminalServices-LocalSessionManager	23	None	"Remote Desktop Services: Session logoff succeeded:

User: WZSCN\11004142
Session ID: 1"
Information	3/14/2023 8:09:17 AM	Microsoft-Windows-TerminalServices-LocalSessionManager	22	None	"Remote Desktop Services: Shell start notification received:

User: WZSCN\11004142
Session ID: 1
Source Network Address: LOCAL"
Information	3/14/2023 8:09:17 AM	Microsoft-Windows-TerminalServices-LocalSessionManager	21	None	"Remote Desktop Services: Session logon succeeded:

User: WZSCN\11004142
Session ID: 1
Source Network Address: LOCAL"
Information	3/14/2023 8:09:12 AM	Microsoft-Windows-TerminalServices-LocalSessionManager	42	None	"End session arbitration:

User: WZSCN\11004142
Session ID: 1"
Information	3/14/2023 8:09:12 AM	Microsoft-Windows-TerminalServices-LocalSessionManager	41	None	"Begin session arbitration:

User: WZSCN\11004142
Session ID: 1"
Information	3/14/2023 8:08:38 AM	Microsoft-Windows-TerminalServices-LocalSessionManager	32	None	Plugin RDSAppXPlugin has been successfully initialized
Information	3/13/2023 8:17:51 PM	Microsoft-Windows-TerminalServices-LocalSessionManager	54	None	Local multi-user session manager received system shutdown message
Information	3/13/2023 8:17:51 PM	Microsoft-Windows-TerminalServices-LocalSessionManager	23	None	"Remote Desktop Services: Session logoff succeeded:

User: WZSCN\11004142
Session ID: 1"
Information	3/10/2023 1:06:37 PM	Microsoft-Windows-TerminalServices-LocalSessionManager	22	None	"Remote Desktop Services: Shell start notification received:

User: WZSCN\11004142
Session ID: 1
Source Network Address: LOCAL"
Information	3/10/2023 1:06:37 PM	Microsoft-Windows-TerminalServices-LocalSessionManager	21	None	"Remote Desktop Services: Session logon succeeded:

User: WZSCN\11004142
Session ID: 1
Source Network Address: LOCAL"
Information	3/10/2023 1:06:33 PM	Microsoft-Windows-TerminalServices-LocalSessionManager	42	None	"End session arbitration:

User: WZSCN\11004142
Session ID: 1"
Information	3/10/2023 1:06:33 PM	Microsoft-Windows-TerminalServices-LocalSessionManager	41	None	"Begin session arbitration:

User: WZSCN\11004142
Session ID: 1"
Information	3/10/2023 1:06:15 PM	Microsoft-Windows-TerminalServices-LocalSessionManager	32	None	Plugin RDSAppXPlugin has been successfully initialized
Information	3/10/2023 2:21:32 AM	Microsoft-Windows-TerminalServices-LocalSessionManager	54	None	Local multi-user session manager received system shutdown message
Information	3/10/2023 2:21:32 AM	Microsoft-Windows-TerminalServices-LocalSessionManager	23	None	"Remote Desktop Services: Session logoff succeeded:

User: WZSCN\11004142
Session ID: 1"
Information	3/9/2023 8:18:19 AM	Microsoft-Windows-TerminalServices-LocalSessionManager	22	None	"Remote Desktop Services: Shell start notification received:

User: WZSCN\11004142
Session ID: 1
Source Network Address: LOCAL"
Information	3/9/2023 8:18:18 AM	Microsoft-Windows-TerminalServices-LocalSessionManager	21	None	"Remote Desktop Services: Session logon succeeded:

User: WZSCN\11004142
Session ID: 1
Source Network Address: LOCAL"
Information	3/9/2023 8:18:15 AM	Microsoft-Windows-TerminalServices-LocalSessionManager	42	None	"End session arbitration:

User: WZSCN\11004142
Session ID: 1"
Information	3/9/2023 8:18:15 AM	Microsoft-Windows-TerminalServices-LocalSessionManager	41	None	"Begin session arbitration:

User: WZSCN\11004142
Session ID: 1"
Information	3/8/2023 6:00:17 PM	Microsoft-Windows-TerminalServices-LocalSessionManager	32	None	Plugin RDSAppXPlugin has been successfully initialized
Information	3/8/2023 5:58:32 PM	Microsoft-Windows-TerminalServices-LocalSessionManager	54	None	Local multi-user session manager received system shutdown message
Information	3/8/2023 5:58:32 PM	Microsoft-Windows-TerminalServices-LocalSessionManager	23	None	"Remote Desktop Services: Session logoff succeeded:

User: WZSCN\11004142
Session ID: 1"
Information	3/1/2023 4:37:49 PM	Microsoft-Windows-TerminalServices-LocalSessionManager	22	None	"Remote Desktop Services: Shell start notification received:

User: WZSCN\11004142
Session ID: 1
Source Network Address: LOCAL"
Information	3/1/2023 4:37:49 PM	Microsoft-Windows-TerminalServices-LocalSessionManager	21	None	"Remote Desktop Services: Session logon succeeded:

User: WZSCN\11004142
Session ID: 1
Source Network Address: LOCAL"
Information	3/1/2023 4:37:47 PM	Microsoft-Windows-TerminalServices-LocalSessionManager	42	None	"End session arbitration:

User: WZSCN\11004142
Session ID: 1"
Information	3/1/2023 4:37:47 PM	Microsoft-Windows-TerminalServices-LocalSessionManager	41	None	"Begin session arbitration:

User: WZSCN\11004142
Session ID: 1"
Information	3/1/2023 4:37:33 PM	Microsoft-Windows-TerminalServices-LocalSessionManager	32	None	Plugin RDSAppXPlugin has been successfully initialized
Information	3/1/2023 4:35:57 PM	Microsoft-Windows-TerminalServices-LocalSessionManager	54	None	Local multi-user session manager received system shutdown message
Information	3/1/2023 4:35:57 PM	Microsoft-Windows-TerminalServices-LocalSessionManager	23	None	"Remote Desktop Services: Session logoff succeeded:

User: WZSCN\11004142
Session ID: 1"
Information	2/8/2023 3:22:59 PM	Microsoft-Windows-TerminalServices-LocalSessionManager	22	None	"Remote Desktop Services: Shell start notification received:

User: WZSCN\11004142
Session ID: 1
Source Network Address: LOCAL"
Information	2/8/2023 3:22:58 PM	Microsoft-Windows-TerminalServices-LocalSessionManager	21	None	"Remote Desktop Services: Session logon succeeded:

User: WZSCN\11004142
Session ID: 1
Source Network Address: LOCAL"
Information	2/8/2023 3:22:55 PM	Microsoft-Windows-TerminalServices-LocalSessionManager	42	None	"End session arbitration:

User: WZSCN\11004142
Session ID: 1"
Information	2/8/2023 3:22:55 PM	Microsoft-Windows-TerminalServices-LocalSessionManager	41	None	"Begin session arbitration:

User: WZSCN\11004142
Session ID: 1"
Information	2/8/2023 3:22:02 PM	Microsoft-Windows-TerminalServices-LocalSessionManager	32	None	Plugin RDSAppXPlugin has been successfully initialized
Information	2/8/2023 3:20:38 PM	Microsoft-Windows-TerminalServices-LocalSessionManager	54	None	Local multi-user session manager received system shutdown message
Information	2/8/2023 3:20:38 PM	Microsoft-Windows-TerminalServices-LocalSessionManager	23	None	"Remote Desktop Services: Session logoff succeeded:

User: WZSCN\11004142
Session ID: 1"
Information	2/2/2023 9:11:02 AM	Microsoft-Windows-TerminalServices-LocalSessionManager	22	None	"Remote Desktop Services: Shell start notification received:

User: WZSCN\11004142
Session ID: 1
Source Network Address: LOCAL"
Information	2/2/2023 9:11:01 AM	Microsoft-Windows-TerminalServices-LocalSessionManager	21	None	"Remote Desktop Services: Session logon succeeded:

User: WZSCN\11004142
Session ID: 1
Source Network Address: LOCAL"
Information	2/2/2023 9:10:55 AM	Microsoft-Windows-TerminalServices-LocalSessionManager	42	None	"End session arbitration:

User: WZSCN\11004142
Session ID: 1"
Information	2/2/2023 9:10:55 AM	Microsoft-Windows-TerminalServices-LocalSessionManager	41	None	"Begin session arbitration:

User: WZSCN\11004142
Session ID: 1"
Information	2/2/2023 9:10:16 AM	Microsoft-Windows-TerminalServices-LocalSessionManager	32	None	Plugin RDSAppXPlugin has been successfully initialized
Information	2/2/2023 9:08:15 AM	Microsoft-Windows-TerminalServices-LocalSessionManager	54	None	Local multi-user session manager received system shutdown message
Information	2/2/2023 9:08:14 AM	Microsoft-Windows-TerminalServices-LocalSessionManager	23	None	"Remote Desktop Services: Session logoff succeeded:

User: WZSCN\11004142
Session ID: 1"
Information	1/22/2023 4:05:18 PM	Microsoft-Windows-TerminalServices-LocalSessionManager	22	None	"Remote Desktop Services: Shell start notification received:

User: WZSCN\11004142
Session ID: 1
Source Network Address: LOCAL"
Information	1/22/2023 4:05:17 PM	Microsoft-Windows-TerminalServices-LocalSessionManager	21	None	"Remote Desktop Services: Session logon succeeded:

User: WZSCN\11004142
Session ID: 1
Source Network Address: LOCAL"
Information	1/22/2023 4:05:10 PM	Microsoft-Windows-TerminalServices-LocalSessionManager	42	None	"End session arbitration:

User: WZSCN\11004142
Session ID: 1"
Information	1/22/2023 4:05:10 PM	Microsoft-Windows-TerminalServices-LocalSessionManager	41	None	"Begin session arbitration:

User: WZSCN\11004142
Session ID: 1"
Information	1/22/2023 4:04:11 PM	Microsoft-Windows-TerminalServices-LocalSessionManager	32	None	Plugin RDSAppXPlugin has been successfully initialized
Information	1/19/2023 7:10:54 PM	Microsoft-Windows-TerminalServices-LocalSessionManager	54	None	Local multi-user session manager received system shutdown message
Information	1/19/2023 7:10:54 PM	Microsoft-Windows-TerminalServices-LocalSessionManager	23	None	"Remote Desktop Services: Session logoff succeeded:

User: WZSCN\11004142
Session ID: 1"
Information	1/19/2023 8:00:37 AM	Microsoft-Windows-TerminalServices-LocalSessionManager	22	None	"Remote Desktop Services: Shell start notification received:

User: WZSCN\11004142
Session ID: 1
Source Network Address: LOCAL"
Information	1/19/2023 8:00:36 AM	Microsoft-Windows-TerminalServices-LocalSessionManager	21	None	"Remote Desktop Services: Session logon succeeded:

User: WZSCN\11004142
Session ID: 1
Source Network Address: LOCAL"
Information	1/19/2023 8:00:22 AM	Microsoft-Windows-TerminalServices-LocalSessionManager	42	None	"End session arbitration:

User: WZSCN\11004142
Session ID: 1"
Information	1/19/2023 8:00:22 AM	Microsoft-Windows-TerminalServices-LocalSessionManager	41	None	"Begin session arbitration:

User: WZSCN\11004142
Session ID: 1"
Information	1/19/2023 7:59:29 AM	Microsoft-Windows-TerminalServices-LocalSessionManager	32	None	Plugin RDSAppXPlugin has been successfully initialized
Information	1/19/2023 2:55:03 AM	Microsoft-Windows-TerminalServices-LocalSessionManager	54	None	Local multi-user session manager received system shutdown message
Information	1/19/2023 2:55:02 AM	Microsoft-Windows-TerminalServices-LocalSessionManager	23	None	"Remote Desktop Services: Session logoff succeeded:

User: WZSCN\11004142
Session ID: 1"
Information	1/4/2023 8:14:32 AM	Microsoft-Windows-TerminalServices-LocalSessionManager	22	None	"Remote Desktop Services: Shell start notification received:

User: WZSCN\11004142
Session ID: 1
Source Network Address: LOCAL"
Information	1/4/2023 8:14:32 AM	Microsoft-Windows-TerminalServices-LocalSessionManager	21	None	"Remote Desktop Services: Session logon succeeded:

User: WZSCN\11004142
Session ID: 1
Source Network Address: LOCAL"
Information	1/4/2023 8:14:29 AM	Microsoft-Windows-TerminalServices-LocalSessionManager	42	None	"End session arbitration:

User: WZSCN\11004142
Session ID: 1"
Information	1/4/2023 8:14:28 AM	Microsoft-Windows-TerminalServices-LocalSessionManager	41	None	"Begin session arbitration:

User: WZSCN\11004142
Session ID: 1"
Information	1/4/2023 8:12:58 AM	Microsoft-Windows-TerminalServices-LocalSessionManager	32	None	Plugin RDSAppXPlugin has been successfully initialized
Information	1/4/2023 8:11:35 AM	Microsoft-Windows-TerminalServices-LocalSessionManager	54	None	Local multi-user session manager received system shutdown message
Information	1/4/2023 8:11:35 AM	Microsoft-Windows-TerminalServices-LocalSessionManager	23	None	"Remote Desktop Services: Session logoff succeeded:

User: WZSCN\JILL.JIANG
Session ID: 1"
Information	1/4/2023 8:09:02 AM	Microsoft-Windows-TerminalServices-LocalSessionManager	22	None	"Remote Desktop Services: Shell start notification received:

User: WZSCN\JILL.JIANG
Session ID: 1
Source Network Address: LOCAL"
Information	1/4/2023 8:09:02 AM	Microsoft-Windows-TerminalServices-LocalSessionManager	21	None	"Remote Desktop Services: Session logon succeeded:

User: WZSCN\JILL.JIANG
Session ID: 1
Source Network Address: LOCAL"
Information	1/4/2023 8:08:59 AM	Microsoft-Windows-TerminalServices-LocalSessionManager	42	None	"End session arbitration:

User: WZSCN\JILL.JIANG
Session ID: 1"
Information	1/4/2023 8:08:59 AM	Microsoft-Windows-TerminalServices-LocalSessionManager	41	None	"Begin session arbitration:

User: WZSCN\JILL.JIANG
Session ID: 1"
Information	1/4/2023 8:07:45 AM	Microsoft-Windows-TerminalServices-LocalSessionManager	32	None	Plugin RDSAppXPlugin has been successfully initialized
Information	1/4/2023 8:06:27 AM	Microsoft-Windows-TerminalServices-LocalSessionManager	54	None	Local multi-user session manager received system shutdown message
Information	1/4/2023 8:06:27 AM	Microsoft-Windows-TerminalServices-LocalSessionManager	23	None	"Remote Desktop Services: Session logoff succeeded:

User: WZSCN\11004142
Session ID: 1"
Information	12/29/2022 11:44:33 AM	Microsoft-Windows-TerminalServices-LocalSessionManager	22	None	"Remote Desktop Services: Shell start notification received:

User: WZSCN\11004142
Session ID: 1
Source Network Address: LOCAL"
Information	12/29/2022 11:44:33 AM	Microsoft-Windows-TerminalServices-LocalSessionManager	21	None	"Remote Desktop Services: Session logon succeeded:

User: WZSCN\11004142
Session ID: 1
Source Network Address: LOCAL"
Information	12/29/2022 11:44:29 AM	Microsoft-Windows-TerminalServices-LocalSessionManager	42	None	"End session arbitration:

User: WZSCN\11004142
Session ID: 1"
Information	12/29/2022 11:44:29 AM	Microsoft-Windows-TerminalServices-LocalSessionManager	41	None	"Begin session arbitration:

User: WZSCN\11004142
Session ID: 1"
Information	12/29/2022 11:43:56 AM	Microsoft-Windows-TerminalServices-LocalSessionManager	32	None	Plugin RDSAppXPlugin has been successfully initialized
Information	12/29/2022 11:41:26 AM	Microsoft-Windows-TerminalServices-LocalSessionManager	54	None	Local multi-user session manager received system shutdown message
Information	12/29/2022 11:41:26 AM	Microsoft-Windows-TerminalServices-LocalSessionManager	23	None	"Remote Desktop Services: Session logoff succeeded:

User: WZSCN\11004142
Session ID: 1"
Information	12/28/2022 2:20:19 PM	Microsoft-Windows-TerminalServices-LocalSessionManager	22	None	"Remote Desktop Services: Shell start notification received:

User: WZSCN\11004142
Session ID: 1
Source Network Address: LOCAL"
Information	12/28/2022 2:20:19 PM	Microsoft-Windows-TerminalServices-LocalSessionManager	21	None	"Remote Desktop Services: Session logon succeeded:

User: WZSCN\11004142
Session ID: 1
Source Network Address: LOCAL"
Information	12/28/2022 2:20:13 PM	Microsoft-Windows-TerminalServices-LocalSessionManager	42	None	"End session arbitration:

User: WZSCN\11004142
Session ID: 1"
Information	12/28/2022 2:20:13 PM	Microsoft-Windows-TerminalServices-LocalSessionManager	41	None	"Begin session arbitration:

User: WZSCN\11004142
Session ID: 1"
Information	12/28/2022 2:19:12 PM	Microsoft-Windows-TerminalServices-LocalSessionManager	32	None	Plugin RDSAppXPlugin has been successfully initialized
Information	12/28/2022 2:17:16 PM	Microsoft-Windows-TerminalServices-LocalSessionManager	54	None	Local multi-user session manager received system shutdown message
Information	12/28/2022 2:17:14 PM	Microsoft-Windows-TerminalServices-LocalSessionManager	23	None	"Remote Desktop Services: Session logoff succeeded:

User: WZSCN\11004142
Session ID: 1"
Information	12/27/2022 12:56:02 PM	Microsoft-Windows-TerminalServices-LocalSessionManager	22	None	"Remote Desktop Services: Shell start notification received:

User: WZSCN\11004142
Session ID: 1
Source Network Address: LOCAL"
Information	12/27/2022 12:56:02 PM	Microsoft-Windows-TerminalServices-LocalSessionManager	21	None	"Remote Desktop Services: Session logon succeeded:

User: WZSCN\11004142
Session ID: 1
Source Network Address: LOCAL"
Information	12/27/2022 12:55:59 PM	Microsoft-Windows-TerminalServices-LocalSessionManager	42	None	"End session arbitration:

User: WZSCN\11004142
Session ID: 1"
Information	12/27/2022 12:55:59 PM	Microsoft-Windows-TerminalServices-LocalSessionManager	41	None	"Begin session arbitration:

User: WZSCN\11004142
Session ID: 1"
Information	12/27/2022 4:06:12 AM	Microsoft-Windows-TerminalServices-LocalSessionManager	32	None	Plugin RDSAppXPlugin has been successfully initialized
Information	12/26/2022 9:27:10 PM	Microsoft-Windows-TerminalServices-LocalSessionManager	54	None	Local multi-user session manager received system shutdown message
Information	12/26/2022 9:27:10 PM	Microsoft-Windows-TerminalServices-LocalSessionManager	23	None	"Remote Desktop Services: Session logoff succeeded:

User: WZSCN\11004142
Session ID: 1"
Information	12/23/2022 4:13:22 PM	Microsoft-Windows-TerminalServices-LocalSessionManager	22	None	"Remote Desktop Services: Shell start notification received:

User: WZSCN\11004142
Session ID: 1
Source Network Address: LOCAL"
Information	12/23/2022 4:13:22 PM	Microsoft-Windows-TerminalServices-LocalSessionManager	21	None	"Remote Desktop Services: Session logon succeeded:

User: WZSCN\11004142
Session ID: 1
Source Network Address: LOCAL"
Information	12/23/2022 4:13:16 PM	Microsoft-Windows-TerminalServices-LocalSessionManager	42	None	"End session arbitration:

User: WZSCN\11004142
Session ID: 1"
Information	12/23/2022 4:13:16 PM	Microsoft-Windows-TerminalServices-LocalSessionManager	41	None	"Begin session arbitration:

User: WZSCN\11004142
Session ID: 1"
Information	12/23/2022 4:12:35 PM	Microsoft-Windows-TerminalServices-LocalSessionManager	32	None	Plugin RDSAppXPlugin has been successfully initialized
Information	12/23/2022 4:10:59 PM	Microsoft-Windows-TerminalServices-LocalSessionManager	54	None	Local multi-user session manager received system shutdown message
Information	12/23/2022 4:10:58 PM	Microsoft-Windows-TerminalServices-LocalSessionManager	23	None	"Remote Desktop Services: Session logoff succeeded:

User: WZSCN\11004142
Session ID: 1"
Information	12/21/2022 8:39:00 AM	Microsoft-Windows-TerminalServices-LocalSessionManager	22	None	"Remote Desktop Services: Shell start notification received:

User: WZSCN\11004142
Session ID: 1
Source Network Address: LOCAL"
Information	12/21/2022 8:39:00 AM	Microsoft-Windows-TerminalServices-LocalSessionManager	21	None	"Remote Desktop Services: Session logon succeeded:

User: WZSCN\11004142
Session ID: 1
Source Network Address: LOCAL"
Information	12/21/2022 8:38:56 AM	Microsoft-Windows-TerminalServices-LocalSessionManager	42	None	"End session arbitration:

User: WZSCN\11004142
Session ID: 1"
Information	12/21/2022 8:38:56 AM	Microsoft-Windows-TerminalServices-LocalSessionManager	41	None	"Begin session arbitration:

User: WZSCN\11004142
Session ID: 1"
Information	12/21/2022 8:38:03 AM	Microsoft-Windows-TerminalServices-LocalSessionManager	32	None	Plugin RDSAppXPlugin has been successfully initialized
Information	12/21/2022 8:36:06 AM	Microsoft-Windows-TerminalServices-LocalSessionManager	54	None	Local multi-user session manager received system shutdown message
Information	12/21/2022 8:36:06 AM	Microsoft-Windows-TerminalServices-LocalSessionManager	23	None	"Remote Desktop Services: Session logoff succeeded:

User: WZSCN\11004142
Session ID: 1"
Information	12/20/2022 8:01:32 AM	Microsoft-Windows-TerminalServices-LocalSessionManager	22	None	"Remote Desktop Services: Shell start notification received:

User: WZSCN\11004142
Session ID: 1
Source Network Address: LOCAL"
Information	12/20/2022 8:01:30 AM	Microsoft-Windows-TerminalServices-LocalSessionManager	21	None	"Remote Desktop Services: Session logon succeeded:

User: WZSCN\11004142
Session ID: 1
Source Network Address: LOCAL"
Information	12/20/2022 8:01:25 AM	Microsoft-Windows-TerminalServices-LocalSessionManager	42	None	"End session arbitration:

User: WZSCN\11004142
Session ID: 1"
Information	12/20/2022 8:01:25 AM	Microsoft-Windows-TerminalServices-LocalSessionManager	41	None	"Begin session arbitration:

User: WZSCN\11004142
Session ID: 1"
Information	12/20/2022 8:01:04 AM	Microsoft-Windows-TerminalServices-LocalSessionManager	32	None	Plugin RDSAppXPlugin has been successfully initialized
Information	12/20/2022 7:59:29 AM	Microsoft-Windows-TerminalServices-LocalSessionManager	54	None	Local multi-user session manager received system shutdown message
Information	12/20/2022 7:59:29 AM	Microsoft-Windows-TerminalServices-LocalSessionManager	23	None	"Remote Desktop Services: Session logoff succeeded:

User: WZSCN\11004142
Session ID: 1"
Information	12/10/2022 4:29:50 PM	Microsoft-Windows-TerminalServices-LocalSessionManager	22	None	"Remote Desktop Services: Shell start notification received:

User: WZSCN\11004142
Session ID: 1
Source Network Address: LOCAL"
Information	12/10/2022 4:29:50 PM	Microsoft-Windows-TerminalServices-LocalSessionManager	21	None	"Remote Desktop Services: Session logon succeeded:

User: WZSCN\11004142
Session ID: 1
Source Network Address: LOCAL"
Information	12/10/2022 4:29:46 PM	Microsoft-Windows-TerminalServices-LocalSessionManager	42	None	"End session arbitration:

User: WZSCN\11004142
Session ID: 1"
Information	12/10/2022 4:29:46 PM	Microsoft-Windows-TerminalServices-LocalSessionManager	41	None	"Begin session arbitration:

User: WZSCN\11004142
Session ID: 1"
Information	12/10/2022 4:29:18 PM	Microsoft-Windows-TerminalServices-LocalSessionManager	32	None	Plugin RDSAppXPlugin has been successfully initialized
Information	12/9/2022 10:53:26 AM	Microsoft-Windows-TerminalServices-LocalSessionManager	54	None	Local multi-user session manager received system shutdown message
Information	12/9/2022 10:53:26 AM	Microsoft-Windows-TerminalServices-LocalSessionManager	23	None	"Remote Desktop Services: Session logoff succeeded:

User: WZSCN\11004142
Session ID: 1"
Information	11/12/2022 10:11:32 PM	Microsoft-Windows-TerminalServices-LocalSessionManager	22	None	"Remote Desktop Services: Shell start notification received:

User: WZSCN\11004142
Session ID: 1
Source Network Address: LOCAL"
Information	11/12/2022 10:11:32 PM	Microsoft-Windows-TerminalServices-LocalSessionManager	21	None	"Remote Desktop Services: Session logon succeeded:

User: WZSCN\11004142
Session ID: 1
Source Network Address: LOCAL"
Information	11/12/2022 10:11:28 PM	Microsoft-Windows-TerminalServices-LocalSessionManager	42	None	"End session arbitration:

User: WZSCN\11004142
Session ID: 1"
Information	11/12/2022 10:11:28 PM	Microsoft-Windows-TerminalServices-LocalSessionManager	41	None	"Begin session arbitration:

User: WZSCN\11004142
Session ID: 1"
Information	11/12/2022 10:11:01 PM	Microsoft-Windows-TerminalServices-LocalSessionManager	32	None	Plugin RDSAppXPlugin has been successfully initialized
Information	11/12/2022 10:10:02 PM	Microsoft-Windows-TerminalServices-LocalSessionManager	54	None	Local multi-user session manager received system shutdown message
Information	11/12/2022 10:10:02 PM	Microsoft-Windows-TerminalServices-LocalSessionManager	23	None	"Remote Desktop Services: Session logoff succeeded:

User: WZSCN\11004142
Session ID: 1"
Information	11/10/2022 8:03:31 AM	Microsoft-Windows-TerminalServices-LocalSessionManager	22	None	"Remote Desktop Services: Shell start notification received:

User: WZSCN\11004142
Session ID: 1
Source Network Address: LOCAL"
Information	11/10/2022 8:03:31 AM	Microsoft-Windows-TerminalServices-LocalSessionManager	21	None	"Remote Desktop Services: Session logon succeeded:

User: WZSCN\11004142
Session ID: 1
Source Network Address: LOCAL"
Information	11/10/2022 8:03:27 AM	Microsoft-Windows-TerminalServices-LocalSessionManager	42	None	"End session arbitration:

User: WZSCN\11004142
Session ID: 1"
Information	11/10/2022 8:03:27 AM	Microsoft-Windows-TerminalServices-LocalSessionManager	41	None	"Begin session arbitration:

User: WZSCN\11004142
Session ID: 1"
Information	11/10/2022 8:02:03 AM	Microsoft-Windows-TerminalServices-LocalSessionManager	32	None	Plugin RDSAppXPlugin has been successfully initialized
Information	11/9/2022 9:20:16 PM	Microsoft-Windows-TerminalServices-LocalSessionManager	54	None	Local multi-user session manager received system shutdown message
Information	11/9/2022 9:20:16 PM	Microsoft-Windows-TerminalServices-LocalSessionManager	23	None	"Remote Desktop Services: Session logoff succeeded:

User: WZSCN\11004142
Session ID: 1"
Information	11/5/2022 9:35:43 AM	Microsoft-Windows-TerminalServices-LocalSessionManager	22	None	"Remote Desktop Services: Shell start notification received:

User: WZSCN\11004142
Session ID: 1
Source Network Address: LOCAL"
Information	11/5/2022 9:35:43 AM	Microsoft-Windows-TerminalServices-LocalSessionManager	21	None	"Remote Desktop Services: Session logon succeeded:

User: WZSCN\11004142
Session ID: 1
Source Network Address: LOCAL"
Information	11/5/2022 9:35:39 AM	Microsoft-Windows-TerminalServices-LocalSessionManager	42	None	"End session arbitration:

User: WZSCN\11004142
Session ID: 1"
Information	11/5/2022 9:35:39 AM	Microsoft-Windows-TerminalServices-LocalSessionManager	41	None	"Begin session arbitration:

User: WZSCN\11004142
Session ID: 1"
Information	11/5/2022 9:33:37 AM	Microsoft-Windows-TerminalServices-LocalSessionManager	32	None	Plugin RDSAppXPlugin has been successfully initialized
Information	11/4/2022 10:39:06 PM	Microsoft-Windows-TerminalServices-LocalSessionManager	54	None	Local multi-user session manager received system shutdown message
Information	11/4/2022 10:39:06 PM	Microsoft-Windows-TerminalServices-LocalSessionManager	23	None	"Remote Desktop Services: Session logoff succeeded:

User: WZSCN\11004142
Session ID: 1"
Information	11/2/2022 8:14:20 AM	Microsoft-Windows-TerminalServices-LocalSessionManager	22	None	"Remote Desktop Services: Shell start notification received:

User: WZSCN\11004142
Session ID: 1
Source Network Address: LOCAL"
Information	11/2/2022 8:14:20 AM	Microsoft-Windows-TerminalServices-LocalSessionManager	21	None	"Remote Desktop Services: Session logon succeeded:

User: WZSCN\11004142
Session ID: 1
Source Network Address: LOCAL"
Information	11/2/2022 8:14:16 AM	Microsoft-Windows-TerminalServices-LocalSessionManager	42	None	"End session arbitration:

User: WZSCN\11004142
Session ID: 1"
Information	11/2/2022 8:14:16 AM	Microsoft-Windows-TerminalServices-LocalSessionManager	41	None	"Begin session arbitration:

User: WZSCN\11004142
Session ID: 1"
Information	11/2/2022 8:13:46 AM	Microsoft-Windows-TerminalServices-LocalSessionManager	32	None	Plugin RDSAppXPlugin has been successfully initialized
Information	11/1/2022 9:52:18 PM	Microsoft-Windows-TerminalServices-LocalSessionManager	54	None	Local multi-user session manager received system shutdown message
Information	11/1/2022 9:52:18 PM	Microsoft-Windows-TerminalServices-LocalSessionManager	23	None	"Remote Desktop Services: Session logoff succeeded:

User: WZSCN\11004142
Session ID: 2"
Information	10/31/2022 8:04:21 AM	Microsoft-Windows-TerminalServices-LocalSessionManager	22	None	"Remote Desktop Services: Shell start notification received:

User: WZSCN\11004142
Session ID: 2
Source Network Address: LOCAL"
Information	10/31/2022 8:04:21 AM	Microsoft-Windows-TerminalServices-LocalSessionManager	21	None	"Remote Desktop Services: Session logon succeeded:

User: WZSCN\11004142
Session ID: 2
Source Network Address: LOCAL"
Information	10/31/2022 8:04:21 AM	Microsoft-Windows-TerminalServices-LocalSessionManager	42	None	"End session arbitration:

User: WZSCN\11004142
Session ID: 2"
Information	10/31/2022 8:04:21 AM	Microsoft-Windows-TerminalServices-LocalSessionManager	41	None	"Begin session arbitration:

User: WZSCN\11004142
Session ID: 2"
Information	10/31/2022 8:04:02 AM	Microsoft-Windows-TerminalServices-LocalSessionManager	24	None	"Remote Desktop Services: Session has been disconnected:

User: WZSCN\WZSOA
Session ID: 1
Source Network Address: LOCAL"
Information	10/31/2022 8:04:02 AM	Microsoft-Windows-TerminalServices-LocalSessionManager	40	None	Session 1 has been disconnected, reason code 11
Information	10/31/2022 8:04:02 AM	Microsoft-Windows-TerminalServices-LocalSessionManager	39	None	Session 1 has been disconnected by session 1
Information	10/31/2022 8:04:02 AM	Microsoft-Windows-TerminalServices-LocalSessionManager	23	None	"Remote Desktop Services: Session logoff succeeded:

User: WZSCN\WZSOA
Session ID: 1"
Information	10/31/2022 8:02:37 AM	Microsoft-Windows-TerminalServices-LocalSessionManager	22	None	"Remote Desktop Services: Shell start notification received:

User: WZSCN\WZSOA
Session ID: 1
Source Network Address: LOCAL"
Information	10/31/2022 8:02:37 AM	Microsoft-Windows-TerminalServices-LocalSessionManager	21	None	"Remote Desktop Services: Session logon succeeded:

User: WZSCN\WZSOA
Session ID: 1
Source Network Address: LOCAL"
Information	10/31/2022 8:02:37 AM	Microsoft-Windows-TerminalServices-LocalSessionManager	42	None	"End session arbitration:

User: WZSCN\WZSOA
Session ID: 1"
Information	10/31/2022 8:02:37 AM	Microsoft-Windows-TerminalServices-LocalSessionManager	41	None	"Begin session arbitration:

User: WZSCN\WZSOA
Session ID: 1"
Information	10/30/2022 4:15:32 PM	Microsoft-Windows-TerminalServices-LocalSessionManager	32	None	Plugin RDSAppXPlugin has been successfully initialized
Information	10/29/2022 9:01:11 AM	Microsoft-Windows-TerminalServices-LocalSessionManager	32	None	Plugin RDSAppXPlugin has been successfully initialized
Information	10/29/2022 8:59:19 AM	Microsoft-Windows-TerminalServices-LocalSessionManager	54	None	Local multi-user session manager received system shutdown message
Information	10/29/2022 8:59:19 AM	Microsoft-Windows-TerminalServices-LocalSessionManager	23	None	"Remote Desktop Services: Session logoff succeeded:

User: WZSCN\wzsoa
Session ID: 1"
Information	10/29/2022 8:57:30 AM	Microsoft-Windows-TerminalServices-LocalSessionManager	22	None	"Remote Desktop Services: Shell start notification received:

User: WZSCN\wzsoa
Session ID: 1
Source Network Address: LOCAL"
Information	10/29/2022 8:57:30 AM	Microsoft-Windows-TerminalServices-LocalSessionManager	21	None	"Remote Desktop Services: Session logon succeeded:

User: WZSCN\wzsoa
Session ID: 1
Source Network Address: LOCAL"
Information	10/29/2022 8:57:29 AM	Microsoft-Windows-TerminalServices-LocalSessionManager	42	None	"End session arbitration:

User: WZSCN\wzsoa
Session ID: 1"
Information	10/29/2022 8:57:29 AM	Microsoft-Windows-TerminalServices-LocalSessionManager	41	None	"Begin session arbitration:

User: WZSCN\wzsoa
Session ID: 1"
Information	10/29/2022 8:56:16 AM	Microsoft-Windows-TerminalServices-LocalSessionManager	32	None	Plugin RDSAppXPlugin has been successfully initialized
Information	10/28/2022 4:21:17 PM	Microsoft-Windows-TerminalServices-LocalSessionManager	54	None	Local multi-user session manager received system shutdown message
Information	10/28/2022 4:21:12 PM	Microsoft-Windows-TerminalServices-LocalSessionManager	23	None	"Remote Desktop Services: Session logoff succeeded:

User: WZSCN\11004142
Session ID: 1"
Information	10/24/2022 8:32:08 AM	Microsoft-Windows-TerminalServices-LocalSessionManager	22	None	"Remote Desktop Services: Shell start notification received:

User: WZSCN\11004142
Session ID: 1
Source Network Address: LOCAL"
Information	10/24/2022 8:32:07 AM	Microsoft-Windows-TerminalServices-LocalSessionManager	21	None	"Remote Desktop Services: Session logon succeeded:

User: WZSCN\11004142
Session ID: 1
Source Network Address: LOCAL"
Information	10/24/2022 8:31:12 AM	Microsoft-Windows-TerminalServices-LocalSessionManager	42	None	"End session arbitration:

User: WZSCN\11004142
Session ID: 1"
Information	10/24/2022 8:31:12 AM	Microsoft-Windows-TerminalServices-LocalSessionManager	41	None	"Begin session arbitration:

User: WZSCN\11004142
Session ID: 1"
Information	10/24/2022 8:29:53 AM	Microsoft-Windows-TerminalServices-LocalSessionManager	32	None	Plugin RDSAppXPlugin has been successfully initialized
Information	10/24/2022 12:06:04 AM	Microsoft-Windows-TerminalServices-LocalSessionManager	54	None	Local multi-user session manager received system shutdown message
Information	10/24/2022 12:05:58 AM	Microsoft-Windows-TerminalServices-LocalSessionManager	23	None	"Remote Desktop Services: Session logoff succeeded:

User: WZSCN\11004142
Session ID: 1"
Information	10/13/2022 9:49:01 AM	Microsoft-Windows-TerminalServices-LocalSessionManager	22	None	"Remote Desktop Services: Shell start notification received:

User: WZSCN\11004142
Session ID: 1
Source Network Address: LOCAL"
Information	10/13/2022 9:49:00 AM	Microsoft-Windows-TerminalServices-LocalSessionManager	21	None	"Remote Desktop Services: Session logon succeeded:

User: WZSCN\11004142
Session ID: 1
Source Network Address: LOCAL"
Information	10/13/2022 9:48:16 AM	Microsoft-Windows-TerminalServices-LocalSessionManager	42	None	"End session arbitration:

User: WZSCN\11004142
Session ID: 1"
Information	10/13/2022 9:48:16 AM	Microsoft-Windows-TerminalServices-LocalSessionManager	41	None	"Begin session arbitration:

User: WZSCN\11004142
Session ID: 1"
Information	10/13/2022 9:47:13 AM	Microsoft-Windows-TerminalServices-LocalSessionManager	32	None	Plugin RDSAppXPlugin has been successfully initialized
Information	10/13/2022 9:42:43 AM	Microsoft-Windows-TerminalServices-LocalSessionManager	54	None	Local multi-user session manager received system shutdown message
Information	10/13/2022 9:42:39 AM	Microsoft-Windows-TerminalServices-LocalSessionManager	23	None	"Remote Desktop Services: Session logoff succeeded:

User: WZSCN\11004142
Session ID: 1"
Information	10/12/2022 3:16:45 PM	Microsoft-Windows-TerminalServices-LocalSessionManager	22	None	"Remote Desktop Services: Shell start notification received:

User: WZSCN\11004142
Session ID: 1
Source Network Address: LOCAL"
Information	10/12/2022 3:16:42 PM	Microsoft-Windows-TerminalServices-LocalSessionManager	21	None	"Remote Desktop Services: Session logon succeeded:

User: WZSCN\11004142
Session ID: 1
Source Network Address: LOCAL"
Information	10/12/2022 3:15:58 PM	Microsoft-Windows-TerminalServices-LocalSessionManager	42	None	"End session arbitration:

User: WZSCN\11004142
Session ID: 1"
Information	10/12/2022 3:15:58 PM	Microsoft-Windows-TerminalServices-LocalSessionManager	41	None	"Begin session arbitration:

User: WZSCN\11004142
Session ID: 1"
Information	10/12/2022 3:14:03 PM	Microsoft-Windows-TerminalServices-LocalSessionManager	32	None	Plugin RDSAppXPlugin has been successfully initialized
Information	10/11/2022 5:40:31 PM	Microsoft-Windows-TerminalServices-LocalSessionManager	22	None	"Remote Desktop Services: Shell start notification received:

User: WZSCN\11004142
Session ID: 1
Source Network Address: LOCAL"
Information	10/11/2022 5:40:30 PM	Microsoft-Windows-TerminalServices-LocalSessionManager	21	None	"Remote Desktop Services: Session logon succeeded:

User: WZSCN\11004142
Session ID: 1
Source Network Address: LOCAL"
Information	10/11/2022 5:39:44 PM	Microsoft-Windows-TerminalServices-LocalSessionManager	42	None	"End session arbitration:

User: WZSCN\11004142
Session ID: 1"
Information	10/11/2022 5:39:44 PM	Microsoft-Windows-TerminalServices-LocalSessionManager	41	None	"Begin session arbitration:

User: WZSCN\11004142
Session ID: 1"
Information	10/11/2022 5:38:13 PM	Microsoft-Windows-TerminalServices-LocalSessionManager	32	None	Plugin RDSAppXPlugin has been successfully initialized
Information	10/11/2022 5:35:58 PM	Microsoft-Windows-TerminalServices-LocalSessionManager	54	None	Local multi-user session manager received system shutdown message
Information	10/11/2022 5:35:57 PM	Microsoft-Windows-TerminalServices-LocalSessionManager	23	None	"Remote Desktop Services: Session logoff succeeded:

User: WZSCN\jill.jiang
Session ID: 1"
Information	10/11/2022 5:32:35 PM	Microsoft-Windows-TerminalServices-LocalSessionManager	22	None	"Remote Desktop Services: Shell start notification received:

User: WZSCN\jill.jiang
Session ID: 1
Source Network Address: LOCAL"
Information	10/11/2022 5:32:35 PM	Microsoft-Windows-TerminalServices-LocalSessionManager	21	None	"Remote Desktop Services: Session logon succeeded:

User: WZSCN\jill.jiang
Session ID: 1
Source Network Address: LOCAL"
Information	10/11/2022 5:32:28 PM	Microsoft-Windows-TerminalServices-LocalSessionManager	42	None	"End session arbitration:

User: WZSCN\jill.jiang
Session ID: 1"
Information	10/11/2022 5:32:28 PM	Microsoft-Windows-TerminalServices-LocalSessionManager	41	None	"Begin session arbitration:

User: WZSCN\jill.jiang
Session ID: 1"
Information	10/11/2022 5:26:00 PM	Microsoft-Windows-TerminalServices-LocalSessionManager	32	None	Plugin RDSAppXPlugin has been successfully initialized
Error	10/11/2022 5:23:07 PM	Microsoft-Windows-TerminalServices-LocalSessionManager	17	None	Remote Desktop Service start failed. The relevant status code was 0x8007045B.
Information	10/11/2022 5:22:27 PM	Microsoft-Windows-TerminalServices-LocalSessionManager	54	None	Local multi-user session manager received system shutdown message
Information	10/11/2022 5:22:25 PM	Microsoft-Windows-TerminalServices-LocalSessionManager	23	None	"Remote Desktop Services: Session logoff succeeded:

User: WZSCN\11004142
Session ID: 1"
Information	10/11/2022 3:37:38 PM	Microsoft-Windows-TerminalServices-LocalSessionManager	22	None	"Remote Desktop Services: Shell start notification received:

User: WZSCN\11004142
Session ID: 1
Source Network Address: LOCAL"
Information	10/11/2022 3:37:38 PM	Microsoft-Windows-TerminalServices-LocalSessionManager	21	None	"Remote Desktop Services: Session logon succeeded:

User: WZSCN\11004142
Session ID: 1
Source Network Address: LOCAL"
Information	10/11/2022 3:36:57 PM	Microsoft-Windows-TerminalServices-LocalSessionManager	42	None	"End session arbitration:

User: WZSCN\11004142
Session ID: 1"
Information	10/11/2022 3:36:57 PM	Microsoft-Windows-TerminalServices-LocalSessionManager	41	None	"Begin session arbitration:

User: WZSCN\11004142
Session ID: 1"
Information	10/11/2022 3:33:01 PM	Microsoft-Windows-TerminalServices-LocalSessionManager	32	None	Plugin RDSAppXPlugin has been successfully initialized
Information	10/11/2022 3:24:45 PM	Microsoft-Windows-TerminalServices-LocalSessionManager	54	None	Local multi-user session manager received system shutdown message
Information	10/11/2022 3:24:40 PM	Microsoft-Windows-TerminalServices-LocalSessionManager	23	None	"Remote Desktop Services: Session logoff succeeded:

User: WZSCN\11004142
Session ID: 1"
Information	9/30/2022 3:42:09 PM	Microsoft-Windows-TerminalServices-LocalSessionManager	22	None	"Remote Desktop Services: Shell start notification received:

User: WZSCN\11004142
Session ID: 1
Source Network Address: LOCAL"
Information	9/30/2022 3:42:08 PM	Microsoft-Windows-TerminalServices-LocalSessionManager	21	None	"Remote Desktop Services: Session logon succeeded:

User: WZSCN\11004142
Session ID: 1
Source Network Address: LOCAL"
Information	9/30/2022 3:41:21 PM	Microsoft-Windows-TerminalServices-LocalSessionManager	42	None	"End session arbitration:

User: WZSCN\11004142
Session ID: 1"
Information	9/30/2022 3:41:21 PM	Microsoft-Windows-TerminalServices-LocalSessionManager	41	None	"Begin session arbitration:

User: WZSCN\11004142
Session ID: 1"
Information	9/30/2022 3:39:37 PM	Microsoft-Windows-TerminalServices-LocalSessionManager	32	None	Plugin RDSAppXPlugin has been successfully initialized
Information	9/19/2022 8:41:56 AM	Microsoft-Windows-TerminalServices-LocalSessionManager	22	None	"Remote Desktop Services: Shell start notification received:

User: WZSCN\11004142
Session ID: 1
Source Network Address: LOCAL"
Information	9/19/2022 8:41:56 AM	Microsoft-Windows-TerminalServices-LocalSessionManager	21	None	"Remote Desktop Services: Session logon succeeded:

User: WZSCN\11004142
Session ID: 1
Source Network Address: LOCAL"
Information	9/19/2022 8:41:42 AM	Microsoft-Windows-TerminalServices-LocalSessionManager	42	None	"End session arbitration:

User: WZSCN\11004142
Session ID: 1"
Information	9/19/2022 8:41:42 AM	Microsoft-Windows-TerminalServices-LocalSessionManager	41	None	"Begin session arbitration:

User: WZSCN\11004142
Session ID: 1"
Information	9/19/2022 8:35:37 AM	Microsoft-Windows-TerminalServices-LocalSessionManager	32	None	Plugin RDSAppXPlugin has been successfully initialized
Information	9/14/2022 3:13:45 PM	Microsoft-Windows-TerminalServices-LocalSessionManager	22	None	"Remote Desktop Services: Shell start notification received:

User: WZSCN\11004142
Session ID: 1
Source Network Address: LOCAL"
Information	9/14/2022 3:13:41 PM	Microsoft-Windows-TerminalServices-LocalSessionManager	21	None	"Remote Desktop Services: Session logon succeeded:

User: WZSCN\11004142
Session ID: 1
Source Network Address: LOCAL"
Information	9/14/2022 3:12:52 PM	Microsoft-Windows-TerminalServices-LocalSessionManager	42	None	"End session arbitration:

User: WZSCN\11004142
Session ID: 1"
Information	9/14/2022 3:12:52 PM	Microsoft-Windows-TerminalServices-LocalSessionManager	41	None	"Begin session arbitration:

User: WZSCN\11004142
Session ID: 1"
Information	9/14/2022 3:11:19 PM	Microsoft-Windows-TerminalServices-LocalSessionManager	32	None	Plugin RDSAppXPlugin has been successfully initialized
Information	9/14/2022 3:07:22 PM	Microsoft-Windows-TerminalServices-LocalSessionManager	54	None	Local multi-user session manager received system shutdown message
Information	9/14/2022 3:07:16 PM	Microsoft-Windows-TerminalServices-LocalSessionManager	23	None	"Remote Desktop Services: Session logoff succeeded:

User: WZSCN\11004142
Session ID: 1"
Information	9/8/2022 8:51:07 AM	Microsoft-Windows-TerminalServices-LocalSessionManager	22	None	"Remote Desktop Services: Shell start notification received:

User: WZSCN\11004142
Session ID: 1
Source Network Address: LOCAL"
Information	9/8/2022 8:51:06 AM	Microsoft-Windows-TerminalServices-LocalSessionManager	21	None	"Remote Desktop Services: Session logon succeeded:

User: WZSCN\11004142
Session ID: 1
Source Network Address: LOCAL"
Information	9/8/2022 8:50:25 AM	Microsoft-Windows-TerminalServices-LocalSessionManager	42	None	"End session arbitration:

User: WZSCN\11004142
Session ID: 1"
Information	9/8/2022 8:50:25 AM	Microsoft-Windows-TerminalServices-LocalSessionManager	41	None	"Begin session arbitration:

User: WZSCN\11004142
Session ID: 1"
Information	9/8/2022 8:48:37 AM	Microsoft-Windows-TerminalServices-LocalSessionManager	32	None	Plugin RDSAppXPlugin has been successfully initialized
Information	9/8/2022 2:03:09 AM	Microsoft-Windows-TerminalServices-LocalSessionManager	54	None	Local multi-user session manager received system shutdown message
Information	9/8/2022 2:03:07 AM	Microsoft-Windows-TerminalServices-LocalSessionManager	23	None	"Remote Desktop Services: Session logoff succeeded:

User: WZSCN\11004142
Session ID: 1"
