Information	9/30/2021 4:56:26 AM	Microsoft-Windows-TerminalServices-LocalSessionManager	21	None	"Remote Desktop Services: Session logon succeeded:

User: WZSCN\11004142
Session ID: 1
Source Network Address: LOCAL"
Information	9/30/2021 4:55:38 AM	Microsoft-Windows-TerminalServices-LocalSessionManager	42	None	"End session arbitration:

User: WZSCN\11004142
Session ID: 1"
Information	9/30/2021 4:55:38 AM	Microsoft-Windows-TerminalServices-LocalSessionManager	41	None	"Begin session arbitration:

User: WZSCN\11004142
Session ID: 1"
Information	9/30/2021 4:53:38 AM	Microsoft-Windows-TerminalServices-LocalSessionManager	32	None	Plugin RDSAppXPlugin has been successfully initialized
Information	9/29/2021 11:20:57 PM	Microsoft-Windows-TerminalServices-LocalSessionManager	54	None	Local multi-user session manager received system shutdown message
Information	9/29/2021 11:20:50 PM	Microsoft-Windows-TerminalServices-LocalSessionManager	23	None	"Remote Desktop Services: Session logoff succeeded:

User: WZSCN\11004142
Session ID: 1"
Information	9/22/2021 11:56:35 PM	Microsoft-Windows-TerminalServices-LocalSessionManager	22	None	"Remote Desktop Services: Shell start notification received:

User: WZSCN\11004142
Session ID: 1
Source Network Address: LOCAL"
Information	9/22/2021 11:56:35 PM	Microsoft-Windows-TerminalServices-LocalSessionManager	21	None	"Remote Desktop Services: Session logon succeeded:

User: WZSCN\11004142
Session ID: 1
Source Network Address: LOCAL"
Information	9/22/2021 11:56:06 PM	Microsoft-Windows-TerminalServices-LocalSessionManager	42	None	"End session arbitration:

User: WZSCN\11004142
Session ID: 1"
Information	9/22/2021 11:56:06 PM	Microsoft-Windows-TerminalServices-LocalSessionManager	41	None	"Begin session arbitration:

User: WZSCN\11004142
Session ID: 1"
Information	9/22/2021 11:48:22 PM	Microsoft-Windows-TerminalServices-LocalSessionManager	32	None	Plugin RDSAppXPlugin has been successfully initialized
Information	9/22/2021 11:35:40 PM	Microsoft-Windows-TerminalServices-LocalSessionManager	54	None	Local multi-user session manager received system shutdown message
Information	9/22/2021 11:35:38 PM	Microsoft-Windows-TerminalServices-LocalSessionManager	23	None	"Remote Desktop Services: Session logoff succeeded:

User: WZSCN\11004142
Session ID: 1"
Information	9/7/2021 7:55:45 AM	Microsoft-Windows-TerminalServices-LocalSessionManager	22	None	"Remote Desktop Services: Shell start notification received:

User: WZSCN\11004142
Session ID: 1
Source Network Address: LOCAL"
Information	9/7/2021 7:55:44 AM	Microsoft-Windows-TerminalServices-LocalSessionManager	21	None	"Remote Desktop Services: Session logon succeeded:

User: WZSCN\11004142
Session ID: 1
Source Network Address: LOCAL"
Information	9/7/2021 7:54:45 AM	Microsoft-Windows-TerminalServices-LocalSessionManager	42	None	"End session arbitration:

User: WZSCN\11004142
Session ID: 1"
Information	9/7/2021 7:54:45 AM	Microsoft-Windows-TerminalServices-LocalSessionManager	41	None	"Begin session arbitration:

User: WZSCN\11004142
Session ID: 1"
Information	9/7/2021 7:52:53 AM	Microsoft-Windows-TerminalServices-LocalSessionManager	32	None	Plugin RDSAppXPlugin has been successfully initialized
Information	9/7/2021 5:05:23 AM	Microsoft-Windows-TerminalServices-LocalSessionManager	54	None	Local multi-user session manager received system shutdown message
Information	9/7/2021 5:05:21 AM	Microsoft-Windows-TerminalServices-LocalSessionManager	23	None	"Remote Desktop Services: Session logoff succeeded:

User: WZSCN\11004142
Session ID: 1"
Information	9/5/2021 7:39:56 PM	Microsoft-Windows-TerminalServices-LocalSessionManager	22	None	"Remote Desktop Services: Shell start notification received:

User: WZSCN\11004142
Session ID: 1
Source Network Address: LOCAL"
Information	9/5/2021 7:39:55 PM	Microsoft-Windows-TerminalServices-LocalSessionManager	21	None	"Remote Desktop Services: Session logon succeeded:

User: WZSCN\11004142
Session ID: 1
Source Network Address: LOCAL"
Information	9/5/2021 7:38:51 PM	Microsoft-Windows-TerminalServices-LocalSessionManager	42	None	"End session arbitration:

User: WZSCN\11004142
Session ID: 1"
Information	9/5/2021 7:38:51 PM	Microsoft-Windows-TerminalServices-LocalSessionManager	41	None	"Begin session arbitration:

User: WZSCN\11004142
Session ID: 1"
Information	9/5/2021 7:36:57 PM	Microsoft-Windows-TerminalServices-LocalSessionManager	32	None	Plugin RDSAppXPlugin has been successfully initialized
Error	9/4/2021 2:01:48 AM	Microsoft-Windows-TerminalServices-LocalSessionManager	17	None	Remote Desktop Service start failed. The relevant status code was 0x8007045B.
Information	9/4/2021 2:00:55 AM	Microsoft-Windows-TerminalServices-LocalSessionManager	54	None	Local multi-user session manager received system shutdown message
Information	9/4/2021 2:00:46 AM	Microsoft-Windows-TerminalServices-LocalSessionManager	23	None	"Remote Desktop Services: Session logoff succeeded:

User: WZSCN\11004142
Session ID: 1"
Information	9/1/2021 8:05:23 AM	Microsoft-Windows-TerminalServices-LocalSessionManager	22	None	"Remote Desktop Services: Shell start notification received:

User: WZSCN\11004142
Session ID: 1
Source Network Address: LOCAL"
Information	9/1/2021 8:05:22 AM	Microsoft-Windows-TerminalServices-LocalSessionManager	21	None	"Remote Desktop Services: Session logon succeeded:

User: WZSCN\11004142
Session ID: 1
Source Network Address: LOCAL"
Information	9/1/2021 8:04:36 AM	Microsoft-Windows-TerminalServices-LocalSessionManager	42	None	"End session arbitration:

User: WZSCN\11004142
Session ID: 1"
Information	9/1/2021 8:04:36 AM	Microsoft-Windows-TerminalServices-LocalSessionManager	41	None	"Begin session arbitration:

User: WZSCN\11004142
Session ID: 1"
Information	9/1/2021 8:02:38 AM	Microsoft-Windows-TerminalServices-LocalSessionManager	32	None	Plugin RDSAppXPlugin has been successfully initialized
Information	9/1/2021 2:41:10 AM	Microsoft-Windows-TerminalServices-LocalSessionManager	54	None	Local multi-user session manager received system shutdown message
Information	9/1/2021 2:41:08 AM	Microsoft-Windows-TerminalServices-LocalSessionManager	23	None	"Remote Desktop Services: Session logoff succeeded:

User: WZSCN\11004142
Session ID: 1"
Information	8/24/2021 7:49:49 AM	Microsoft-Windows-TerminalServices-LocalSessionManager	22	None	"Remote Desktop Services: Shell start notification received:

User: WZSCN\11004142
Session ID: 1
Source Network Address: LOCAL"
Information	8/24/2021 7:49:48 AM	Microsoft-Windows-TerminalServices-LocalSessionManager	21	None	"Remote Desktop Services: Session logon succeeded:

User: WZSCN\11004142
Session ID: 1
Source Network Address: LOCAL"
Information	8/24/2021 7:49:07 AM	Microsoft-Windows-TerminalServices-LocalSessionManager	42	None	"End session arbitration:

User: WZSCN\11004142
Session ID: 1"
Information	8/24/2021 7:49:07 AM	Microsoft-Windows-TerminalServices-LocalSessionManager	41	None	"Begin session arbitration:

User: WZSCN\11004142
Session ID: 1"
Information	8/24/2021 7:46:46 AM	Microsoft-Windows-TerminalServices-LocalSessionManager	32	None	Plugin RDSAppXPlugin has been successfully initialized
Information	8/24/2021 3:34:46 AM	Microsoft-Windows-TerminalServices-LocalSessionManager	54	None	Local multi-user session manager received system shutdown message
Information	8/24/2021 3:34:43 AM	Microsoft-Windows-TerminalServices-LocalSessionManager	23	None	"Remote Desktop Services: Session logoff succeeded:

User: WZSCN\11004142
Session ID: 1"
Information	8/19/2021 7:22:26 AM	Microsoft-Windows-TerminalServices-LocalSessionManager	22	None	"Remote Desktop Services: Shell start notification received:

User: WZSCN\11004142
Session ID: 1
Source Network Address: LOCAL"
Information	8/19/2021 7:22:25 AM	Microsoft-Windows-TerminalServices-LocalSessionManager	21	None	"Remote Desktop Services: Session logon succeeded:

User: WZSCN\11004142
Session ID: 1
Source Network Address: LOCAL"
Information	8/19/2021 7:21:32 AM	Microsoft-Windows-TerminalServices-LocalSessionManager	42	None	"End session arbitration:

User: WZSCN\11004142
Session ID: 1"
Information	8/19/2021 7:21:32 AM	Microsoft-Windows-TerminalServices-LocalSessionManager	41	None	"Begin session arbitration:

User: WZSCN\11004142
Session ID: 1"
Information	8/19/2021 7:19:38 AM	Microsoft-Windows-TerminalServices-LocalSessionManager	32	None	Plugin RDSAppXPlugin has been successfully initialized
Information	8/19/2021 4:47:13 AM	Microsoft-Windows-TerminalServices-LocalSessionManager	54	None	Local multi-user session manager received system shutdown message
Information	8/19/2021 4:47:09 AM	Microsoft-Windows-TerminalServices-LocalSessionManager	23	None	"Remote Desktop Services: Session logoff succeeded:

User: WZSCN\11004142
Session ID: 1"
Information	8/6/2021 2:26:29 PM	Microsoft-Windows-TerminalServices-LocalSessionManager	22	None	"Remote Desktop Services: Shell start notification received:

User: WZSCN\11004142
Session ID: 1
Source Network Address: LOCAL"
Information	8/6/2021 2:26:29 PM	Microsoft-Windows-TerminalServices-LocalSessionManager	21	None	"Remote Desktop Services: Session logon succeeded:

User: WZSCN\11004142
Session ID: 1
Source Network Address: LOCAL"
Information	8/6/2021 2:25:38 PM	Microsoft-Windows-TerminalServices-LocalSessionManager	42	None	"End session arbitration:

User: WZSCN\11004142
Session ID: 1"
Information	8/6/2021 2:25:38 PM	Microsoft-Windows-TerminalServices-LocalSessionManager	41	None	"Begin session arbitration:

User: WZSCN\11004142
Session ID: 1"
Information	8/6/2021 2:24:38 PM	Microsoft-Windows-TerminalServices-LocalSessionManager	32	None	Plugin RDSAppXPlugin has been successfully initialized
Information	8/6/2021 2:22:55 PM	Microsoft-Windows-TerminalServices-LocalSessionManager	54	None	Local multi-user session manager received system shutdown message
Information	8/6/2021 2:22:52 PM	Microsoft-Windows-TerminalServices-LocalSessionManager	23	None	"Remote Desktop Services: Session logoff succeeded:

User: WZSCN\11004142
Session ID: 1"
Information	8/6/2021 8:29:40 AM	Microsoft-Windows-TerminalServices-LocalSessionManager	22	None	"Remote Desktop Services: Shell start notification received:

User: WZSCN\11004142
Session ID: 1
Source Network Address: LOCAL"
Information	8/6/2021 8:29:38 AM	Microsoft-Windows-TerminalServices-LocalSessionManager	21	None	"Remote Desktop Services: Session logon succeeded:

User: WZSCN\11004142
Session ID: 1
Source Network Address: LOCAL"
Information	8/6/2021 8:28:52 AM	Microsoft-Windows-TerminalServices-LocalSessionManager	42	None	"End session arbitration:

User: WZSCN\11004142
Session ID: 1"
Information	8/6/2021 8:28:52 AM	Microsoft-Windows-TerminalServices-LocalSessionManager	41	None	"Begin session arbitration:

User: WZSCN\11004142
Session ID: 1"
Information	8/6/2021 8:26:53 AM	Microsoft-Windows-TerminalServices-LocalSessionManager	32	None	Plugin RDSAppXPlugin has been successfully initialized
Information	8/6/2021 6:45:39 AM	Microsoft-Windows-TerminalServices-LocalSessionManager	54	None	Local multi-user session manager received system shutdown message
Information	8/6/2021 6:45:34 AM	Microsoft-Windows-TerminalServices-LocalSessionManager	23	None	"Remote Desktop Services: Session logoff succeeded:

User: WZSCN\11004142
Session ID: 1"
Information	8/1/2021 4:36:00 PM	Microsoft-Windows-TerminalServices-LocalSessionManager	22	None	"Remote Desktop Services: Shell start notification received:

User: WZSCN\11004142
Session ID: 1
Source Network Address: LOCAL"
Information	8/1/2021 4:36:00 PM	Microsoft-Windows-TerminalServices-LocalSessionManager	21	None	"Remote Desktop Services: Session logon succeeded:

User: WZSCN\11004142
Session ID: 1
Source Network Address: LOCAL"
Information	8/1/2021 4:35:58 PM	Microsoft-Windows-TerminalServices-LocalSessionManager	42	None	"End session arbitration:

User: WZSCN\11004142
Session ID: 1"
Information	8/1/2021 4:35:58 PM	Microsoft-Windows-TerminalServices-LocalSessionManager	41	None	"Begin session arbitration:

User: WZSCN\11004142
Session ID: 1"
Information	8/1/2021 4:02:41 PM	Microsoft-Windows-TerminalServices-LocalSessionManager	32	None	Plugin RDSAppXPlugin has been successfully initialized
Error	8/1/2021 4:01:00 PM	Microsoft-Windows-TerminalServices-LocalSessionManager	17	None	Remote Desktop Service start failed. The relevant status code was 0x8007045B.
Information	8/1/2021 4:00:01 PM	Microsoft-Windows-TerminalServices-LocalSessionManager	54	None	Local multi-user session manager received system shutdown message
Information	8/1/2021 3:59:58 PM	Microsoft-Windows-TerminalServices-LocalSessionManager	23	None	"Remote Desktop Services: Session logoff succeeded:

User: WZSCN\11004142
Session ID: 1"
Information	7/30/2021 11:46:45 PM	Microsoft-Windows-TerminalServices-LocalSessionManager	22	None	"Remote Desktop Services: Shell start notification received:

User: WZSCN\11004142
Session ID: 1
Source Network Address: LOCAL"
Information	7/30/2021 11:46:45 PM	Microsoft-Windows-TerminalServices-LocalSessionManager	21	None	"Remote Desktop Services: Session logon succeeded:

User: WZSCN\11004142
Session ID: 1
Source Network Address: LOCAL"
Information	7/30/2021 11:46:41 PM	Microsoft-Windows-TerminalServices-LocalSessionManager	42	None	"End session arbitration:

User: WZSCN\11004142
Session ID: 1"
Information	7/30/2021 11:46:41 PM	Microsoft-Windows-TerminalServices-LocalSessionManager	41	None	"Begin session arbitration:

User: WZSCN\11004142
Session ID: 1"
Information	7/30/2021 10:56:20 PM	Microsoft-Windows-TerminalServices-LocalSessionManager	32	None	Plugin RDSAppXPlugin has been successfully initialized
Information	7/30/2021 6:16:34 PM	Microsoft-Windows-TerminalServices-LocalSessionManager	23	None	"Remote Desktop Services: Session logoff succeeded:

User: WZSCN\11004142
Session ID: 1"
Information	7/30/2021 6:16:18 PM	Microsoft-Windows-TerminalServices-LocalSessionManager	54	None	Local multi-user session manager received system shutdown message
Information	7/30/2021 8:47:10 AM	Microsoft-Windows-TerminalServices-LocalSessionManager	22	None	"Remote Desktop Services: Shell start notification received:

User: WZSCN\11004142
Session ID: 1
Source Network Address: LOCAL"
Information	7/30/2021 8:47:10 AM	Microsoft-Windows-TerminalServices-LocalSessionManager	21	None	"Remote Desktop Services: Session logon succeeded:

User: WZSCN\11004142
Session ID: 1
Source Network Address: LOCAL"
Information	7/30/2021 8:46:25 AM	Microsoft-Windows-TerminalServices-LocalSessionManager	42	None	"End session arbitration:

User: WZSCN\11004142
Session ID: 1"
Information	7/30/2021 8:46:25 AM	Microsoft-Windows-TerminalServices-LocalSessionManager	41	None	"Begin session arbitration:

User: WZSCN\11004142
Session ID: 1"
Information	7/30/2021 8:42:33 AM	Microsoft-Windows-TerminalServices-LocalSessionManager	32	None	Plugin RDSAppXPlugin has been successfully initialized
Information	7/30/2021 5:20:16 AM	Microsoft-Windows-TerminalServices-LocalSessionManager	54	None	Local multi-user session manager received system shutdown message
Information	7/30/2021 5:20:15 AM	Microsoft-Windows-TerminalServices-LocalSessionManager	23	None	"Remote Desktop Services: Session logoff succeeded:

User: WZSCN\11004142
Session ID: 1"
Information	7/28/2021 7:35:20 AM	Microsoft-Windows-TerminalServices-LocalSessionManager	22	None	"Remote Desktop Services: Shell start notification received:

User: WZSCN\11004142
Session ID: 1
Source Network Address: LOCAL"
Information	7/28/2021 7:35:20 AM	Microsoft-Windows-TerminalServices-LocalSessionManager	21	None	"Remote Desktop Services: Session logon succeeded:

User: WZSCN\11004142
Session ID: 1
Source Network Address: LOCAL"
Information	7/28/2021 7:34:08 AM	Microsoft-Windows-TerminalServices-LocalSessionManager	42	None	"End session arbitration:

User: WZSCN\11004142
Session ID: 1"
Information	7/28/2021 7:34:08 AM	Microsoft-Windows-TerminalServices-LocalSessionManager	41	None	"Begin session arbitration:

User: WZSCN\11004142
Session ID: 1"
Information	7/28/2021 7:32:02 AM	Microsoft-Windows-TerminalServices-LocalSessionManager	32	None	Plugin RDSAppXPlugin has been successfully initialized
Information	7/28/2021 5:00:19 AM	Microsoft-Windows-TerminalServices-LocalSessionManager	54	None	Local multi-user session manager received system shutdown message
Information	7/28/2021 5:00:17 AM	Microsoft-Windows-TerminalServices-LocalSessionManager	23	None	"Remote Desktop Services: Session logoff succeeded:

User: WZSCN\11004142
Session ID: 1"
Information	7/26/2021 7:26:48 PM	Microsoft-Windows-TerminalServices-LocalSessionManager	22	None	"Remote Desktop Services: Shell start notification received:

User: WZSCN\11004142
Session ID: 1
Source Network Address: LOCAL"
Information	7/26/2021 7:26:48 PM	Microsoft-Windows-TerminalServices-LocalSessionManager	21	None	"Remote Desktop Services: Session logon succeeded:

User: WZSCN\11004142
Session ID: 1
Source Network Address: LOCAL"
Information	7/26/2021 7:26:29 PM	Microsoft-Windows-TerminalServices-LocalSessionManager	42	None	"End session arbitration:

User: WZSCN\11004142
Session ID: 1"
Information	7/26/2021 7:26:29 PM	Microsoft-Windows-TerminalServices-LocalSessionManager	41	None	"Begin session arbitration:

User: WZSCN\11004142
Session ID: 1"
Information	7/26/2021 7:18:05 PM	Microsoft-Windows-TerminalServices-LocalSessionManager	32	None	Plugin RDSAppXPlugin has been successfully initialized
Information	7/26/2021 7:14:39 PM	Microsoft-Windows-TerminalServices-LocalSessionManager	54	None	Local multi-user session manager received system shutdown message
Information	7/26/2021 7:14:33 PM	Microsoft-Windows-TerminalServices-LocalSessionManager	23	None	"Remote Desktop Services: Session logoff succeeded:

User: WZSCN\11004142
Session ID: 1"
Information	7/22/2021 1:56:22 PM	Microsoft-Windows-TerminalServices-LocalSessionManager	22	None	"Remote Desktop Services: Shell start notification received:

User: WZSCN\11004142
Session ID: 1
Source Network Address: LOCAL"
Information	7/22/2021 1:56:22 PM	Microsoft-Windows-TerminalServices-LocalSessionManager	21	None	"Remote Desktop Services: Session logon succeeded:

User: WZSCN\11004142
Session ID: 1
Source Network Address: LOCAL"
Information	7/22/2021 1:55:52 PM	Microsoft-Windows-TerminalServices-LocalSessionManager	42	None	"End session arbitration:

User: WZSCN\11004142
Session ID: 1"
Information	7/22/2021 1:55:52 PM	Microsoft-Windows-TerminalServices-LocalSessionManager	41	None	"Begin session arbitration:

User: WZSCN\11004142
Session ID: 1"
Information	7/22/2021 1:54:46 PM	Microsoft-Windows-TerminalServices-LocalSessionManager	32	None	Plugin RDSAppXPlugin has been successfully initialized
Information	7/22/2021 1:50:17 PM	Microsoft-Windows-TerminalServices-LocalSessionManager	54	None	Local multi-user session manager received system shutdown message
Information	7/22/2021 1:50:15 PM	Microsoft-Windows-TerminalServices-LocalSessionManager	23	None	"Remote Desktop Services: Session logoff succeeded:

User: WZSCN\11004142
Session ID: 1"
Information	7/22/2021 7:36:36 AM	Microsoft-Windows-TerminalServices-LocalSessionManager	22	None	"Remote Desktop Services: Shell start notification received:

User: WZSCN\11004142
Session ID: 1
Source Network Address: LOCAL"
Information	7/22/2021 7:36:36 AM	Microsoft-Windows-TerminalServices-LocalSessionManager	21	None	"Remote Desktop Services: Session logon succeeded:

User: WZSCN\11004142
Session ID: 1
Source Network Address: LOCAL"
Information	7/22/2021 7:36:05 AM	Microsoft-Windows-TerminalServices-LocalSessionManager	42	None	"End session arbitration:

User: WZSCN\11004142
Session ID: 1"
Information	7/22/2021 7:36:05 AM	Microsoft-Windows-TerminalServices-LocalSessionManager	41	None	"Begin session arbitration:

User: WZSCN\11004142
Session ID: 1"
Information	7/22/2021 7:34:50 AM	Microsoft-Windows-TerminalServices-LocalSessionManager	32	None	Plugin RDSAppXPlugin has been successfully initialized
Information	7/22/2021 1:46:06 AM	Microsoft-Windows-TerminalServices-LocalSessionManager	54	None	Local multi-user session manager received system shutdown message
Information	7/22/2021 1:46:04 AM	Microsoft-Windows-TerminalServices-LocalSessionManager	23	None	"Remote Desktop Services: Session logoff succeeded:

User: WZSCN\11004142
Session ID: 1"
Information	7/21/2021 1:22:27 AM	Microsoft-Windows-TerminalServices-LocalSessionManager	22	None	"Remote Desktop Services: Shell start notification received:

User: WZSCN\11004142
Session ID: 1
Source Network Address: LOCAL"
Information	7/21/2021 1:22:26 AM	Microsoft-Windows-TerminalServices-LocalSessionManager	21	None	"Remote Desktop Services: Session logon succeeded:

User: WZSCN\11004142
Session ID: 1
Source Network Address: LOCAL"
Information	7/21/2021 1:21:50 AM	Microsoft-Windows-TerminalServices-LocalSessionManager	42	None	"End session arbitration:

User: WZSCN\11004142
Session ID: 1"
Information	7/21/2021 1:21:50 AM	Microsoft-Windows-TerminalServices-LocalSessionManager	41	None	"Begin session arbitration:

User: WZSCN\11004142
Session ID: 1"
Information	7/21/2021 1:20:17 AM	Microsoft-Windows-TerminalServices-LocalSessionManager	32	None	Plugin RDSAppXPlugin has been successfully initialized
Information	7/21/2021 1:18:05 AM	Microsoft-Windows-TerminalServices-LocalSessionManager	54	None	Local multi-user session manager received system shutdown message
Information	7/21/2021 1:18:02 AM	Microsoft-Windows-TerminalServices-LocalSessionManager	23	None	"Remote Desktop Services: Session logoff succeeded:

User: WZSCN\11004142
Session ID: 1"
Information	7/12/2021 8:41:05 AM	Microsoft-Windows-TerminalServices-LocalSessionManager	22	None	"Remote Desktop Services: Shell start notification received:

User: WZSCN\11004142
Session ID: 1
Source Network Address: LOCAL"
Information	7/12/2021 8:41:05 AM	Microsoft-Windows-TerminalServices-LocalSessionManager	21	None	"Remote Desktop Services: Session logon succeeded:

User: WZSCN\11004142
Session ID: 1
Source Network Address: LOCAL"
Information	7/12/2021 8:40:17 AM	Microsoft-Windows-TerminalServices-LocalSessionManager	42	None	"End session arbitration:

User: WZSCN\11004142
Session ID: 1"
Information	7/12/2021 8:40:17 AM	Microsoft-Windows-TerminalServices-LocalSessionManager	41	None	"Begin session arbitration:

User: WZSCN\11004142
Session ID: 1"
Information	7/12/2021 8:39:23 AM	Microsoft-Windows-TerminalServices-LocalSessionManager	32	None	Plugin RDSAppXPlugin has been successfully initialized
Information	7/12/2021 8:37:22 AM	Microsoft-Windows-TerminalServices-LocalSessionManager	54	None	Local multi-user session manager received system shutdown message
Information	7/12/2021 8:37:19 AM	Microsoft-Windows-TerminalServices-LocalSessionManager	23	None	"Remote Desktop Services: Session logoff succeeded:

User: WZSCN\11004142
Session ID: 1"
Information	7/12/2021 8:34:53 AM	Microsoft-Windows-TerminalServices-LocalSessionManager	22	None	"Remote Desktop Services: Shell start notification received:

User: WZSCN\11004142
Session ID: 1
Source Network Address: LOCAL"
Information	7/12/2021 8:34:52 AM	Microsoft-Windows-TerminalServices-LocalSessionManager	21	None	"Remote Desktop Services: Session logon succeeded:

User: WZSCN\11004142
Session ID: 1
Source Network Address: LOCAL"
Information	7/12/2021 8:34:08 AM	Microsoft-Windows-TerminalServices-LocalSessionManager	42	None	"End session arbitration:

User: WZSCN\11004142
Session ID: 1"
Information	7/12/2021 8:34:08 AM	Microsoft-Windows-TerminalServices-LocalSessionManager	41	None	"Begin session arbitration:

User: WZSCN\11004142
Session ID: 1"
Information	7/12/2021 8:33:06 AM	Microsoft-Windows-TerminalServices-LocalSessionManager	32	None	Plugin RDSAppXPlugin has been successfully initialized
Information	7/10/2021 6:34:41 PM	Microsoft-Windows-TerminalServices-LocalSessionManager	54	None	Local multi-user session manager received system shutdown message
Information	7/10/2021 6:34:38 PM	Microsoft-Windows-TerminalServices-LocalSessionManager	23	None	"Remote Desktop Services: Session logoff succeeded:

User: WZSCN\11004142
Session ID: 1"
Information	7/8/2021 8:42:44 AM	Microsoft-Windows-TerminalServices-LocalSessionManager	22	None	"Remote Desktop Services: Shell start notification received:

User: WZSCN\11004142
Session ID: 1
Source Network Address: LOCAL"
Information	7/8/2021 8:42:44 AM	Microsoft-Windows-TerminalServices-LocalSessionManager	21	None	"Remote Desktop Services: Session logon succeeded:

User: WZSCN\11004142
Session ID: 1
Source Network Address: LOCAL"
Information	7/8/2021 8:42:11 AM	Microsoft-Windows-TerminalServices-LocalSessionManager	42	None	"End session arbitration:

User: WZSCN\11004142
Session ID: 1"
Information	7/8/2021 8:42:11 AM	Microsoft-Windows-TerminalServices-LocalSessionManager	41	None	"Begin session arbitration:

User: WZSCN\11004142
Session ID: 1"
Information	7/8/2021 8:39:24 AM	Microsoft-Windows-TerminalServices-LocalSessionManager	32	None	Plugin RDSAppXPlugin has been successfully initialized
Information	7/8/2021 4:12:53 AM	Microsoft-Windows-TerminalServices-LocalSessionManager	54	None	Local multi-user session manager received system shutdown message
Information	7/8/2021 4:12:51 AM	Microsoft-Windows-TerminalServices-LocalSessionManager	23	None	"Remote Desktop Services: Session logoff succeeded:

User: WZSCN\11004142
Session ID: 1"
Information	7/6/2021 8:42:11 AM	Microsoft-Windows-TerminalServices-LocalSessionManager	22	None	"Remote Desktop Services: Shell start notification received:

User: WZSCN\11004142
Session ID: 1
Source Network Address: LOCAL"
Information	7/6/2021 8:42:10 AM	Microsoft-Windows-TerminalServices-LocalSessionManager	21	None	"Remote Desktop Services: Session logon succeeded:

User: WZSCN\11004142
Session ID: 1
Source Network Address: LOCAL"
Information	7/6/2021 8:41:43 AM	Microsoft-Windows-TerminalServices-LocalSessionManager	42	None	"End session arbitration:

User: WZSCN\11004142
Session ID: 1"
Information	7/6/2021 8:41:43 AM	Microsoft-Windows-TerminalServices-LocalSessionManager	41	None	"Begin session arbitration:

User: WZSCN\11004142
Session ID: 1"
Information	7/6/2021 8:40:18 AM	Microsoft-Windows-TerminalServices-LocalSessionManager	32	None	Plugin RDSAppXPlugin has been successfully initialized
Information	7/6/2021 5:37:20 AM	Microsoft-Windows-TerminalServices-LocalSessionManager	54	None	Local multi-user session manager received system shutdown message
Information	7/6/2021 5:37:16 AM	Microsoft-Windows-TerminalServices-LocalSessionManager	23	None	"Remote Desktop Services: Session logoff succeeded:

User: WZSCN\11004142
Session ID: 1"
Information	6/30/2021 8:16:15 AM	Microsoft-Windows-TerminalServices-LocalSessionManager	22	None	"Remote Desktop Services: Shell start notification received:

User: WZSCN\11004142
Session ID: 1
Source Network Address: LOCAL"
Information	6/30/2021 8:16:14 AM	Microsoft-Windows-TerminalServices-LocalSessionManager	21	None	"Remote Desktop Services: Session logon succeeded:

User: WZSCN\11004142
Session ID: 1
Source Network Address: LOCAL"
Information	6/30/2021 8:15:47 AM	Microsoft-Windows-TerminalServices-LocalSessionManager	42	None	"End session arbitration:

User: WZSCN\11004142
Session ID: 1"
Information	6/30/2021 8:15:47 AM	Microsoft-Windows-TerminalServices-LocalSessionManager	41	None	"Begin session arbitration:

User: WZSCN\11004142
Session ID: 1"
Information	6/30/2021 8:14:30 AM	Microsoft-Windows-TerminalServices-LocalSessionManager	32	None	Plugin RDSAppXPlugin has been successfully initialized
Information	6/30/2021 7:19:46 AM	Microsoft-Windows-TerminalServices-LocalSessionManager	54	None	Local multi-user session manager received system shutdown message
Information	6/30/2021 7:19:45 AM	Microsoft-Windows-TerminalServices-LocalSessionManager	23	None	"Remote Desktop Services: Session logoff succeeded:

User: WZSCN\11004142
Session ID: 1"
Information	6/29/2021 8:37:13 AM	Microsoft-Windows-TerminalServices-LocalSessionManager	22	None	"Remote Desktop Services: Shell start notification received:

User: WZSCN\11004142
Session ID: 1
Source Network Address: LOCAL"
Information	6/29/2021 8:37:11 AM	Microsoft-Windows-TerminalServices-LocalSessionManager	21	None	"Remote Desktop Services: Session logon succeeded:

User: WZSCN\11004142
Session ID: 1
Source Network Address: LOCAL"
Information	6/29/2021 8:36:45 AM	Microsoft-Windows-TerminalServices-LocalSessionManager	42	None	"End session arbitration:

User: WZSCN\11004142
Session ID: 1"
Information	6/29/2021 8:36:45 AM	Microsoft-Windows-TerminalServices-LocalSessionManager	41	None	"Begin session arbitration:

User: WZSCN\11004142
Session ID: 1"
Information	6/29/2021 8:35:19 AM	Microsoft-Windows-TerminalServices-LocalSessionManager	32	None	Plugin RDSAppXPlugin has been successfully initialized
Information	6/29/2021 3:50:25 AM	Microsoft-Windows-TerminalServices-LocalSessionManager	23	None	"Remote Desktop Services: Session logoff succeeded:

User: WZSCN\wzsoa
Session ID: 2"
Information	6/29/2021 3:50:19 AM	Microsoft-Windows-TerminalServices-LocalSessionManager	54	None	Local multi-user session manager received system shutdown message
Information	6/29/2021 3:50:18 AM	Microsoft-Windows-TerminalServices-LocalSessionManager	23	None	"Remote Desktop Services: Session logoff succeeded:

User: WZSCN\11004142
Session ID: 3"
Information	6/28/2021 11:14:18 AM	Microsoft-Windows-TerminalServices-LocalSessionManager	22	None	"Remote Desktop Services: Shell start notification received:

User: WZSCN\11004142
Session ID: 3
Source Network Address: LOCAL"
Information	6/28/2021 11:14:18 AM	Microsoft-Windows-TerminalServices-LocalSessionManager	21	None	"Remote Desktop Services: Session logon succeeded:

User: WZSCN\11004142
Session ID: 3
Source Network Address: LOCAL"
Information	6/28/2021 11:14:16 AM	Microsoft-Windows-TerminalServices-LocalSessionManager	42	None	"End session arbitration:

User: WZSCN\11004142
Session ID: 3"
Information	6/28/2021 11:14:16 AM	Microsoft-Windows-TerminalServices-LocalSessionManager	41	None	"Begin session arbitration:

User: WZSCN\11004142
Session ID: 3"
Information	6/28/2021 11:13:56 AM	Microsoft-Windows-TerminalServices-LocalSessionManager	24	None	"Remote Desktop Services: Session has been disconnected:

User: WZSCN\11004142
Session ID: 1
Source Network Address: LOCAL"
Information	6/28/2021 11:13:56 AM	Microsoft-Windows-TerminalServices-LocalSessionManager	40	None	Session 1 has been disconnected, reason code 11
Information	6/28/2021 11:13:56 AM	Microsoft-Windows-TerminalServices-LocalSessionManager	39	None	Session 1 has been disconnected by session 1
Information	6/28/2021 11:13:55 AM	Microsoft-Windows-TerminalServices-LocalSessionManager	23	None	"Remote Desktop Services: Session logoff succeeded:

User: WZSCN\11004142
Session ID: 1"
Information	6/28/2021 11:13:17 AM	Microsoft-Windows-TerminalServices-LocalSessionManager	42	None	"End session arbitration:

User: WZSCN\11004142
Session ID: 3"
Information	6/28/2021 11:13:17 AM	Microsoft-Windows-TerminalServices-LocalSessionManager	25	None	"Remote Desktop Services: Session reconnection succeeded:

User: WZSCN\11004142
Session ID: 1
Source Network Address: LOCAL"
Information	6/28/2021 11:13:17 AM	Microsoft-Windows-TerminalServices-LocalSessionManager	40	None	Session 1 has been disconnected, reason code 5
Information	6/28/2021 11:13:17 AM	Microsoft-Windows-TerminalServices-LocalSessionManager	40	None	Session 3 has been disconnected, reason code 0
Information	6/28/2021 11:13:17 AM	Microsoft-Windows-TerminalServices-LocalSessionManager	41	None	"Begin session arbitration:

User: WZSCN\11004142
Session ID: 3"
Information	6/28/2021 11:12:21 AM	Microsoft-Windows-TerminalServices-LocalSessionManager	24	None	"Remote Desktop Services: Session has been disconnected:

User: WZSCN\wzsoa
Session ID: 2
Source Network Address: 10.41.58.75"
Information	6/28/2021 11:12:21 AM	Microsoft-Windows-TerminalServices-LocalSessionManager	40	None	Session 2 has been disconnected, reason code 0
Information	6/28/2021 11:05:04 AM	Microsoft-Windows-TerminalServices-LocalSessionManager	22	None	"Remote Desktop Services: Shell start notification received:

User: WZSCN\wzsoa
Session ID: 2
Source Network Address: 10.41.58.75"
Information	6/28/2021 11:05:04 AM	Microsoft-Windows-TerminalServices-LocalSessionManager	21	None	"Remote Desktop Services: Session logon succeeded:

User: WZSCN\wzsoa
Session ID: 2
Source Network Address: 10.41.58.75"
Information	6/28/2021 11:05:02 AM	Microsoft-Windows-TerminalServices-LocalSessionManager	42	None	"End session arbitration:

User: WZSCN\wzsoa
Session ID: 2"
Information	6/28/2021 11:05:02 AM	Microsoft-Windows-TerminalServices-LocalSessionManager	24	None	"Remote Desktop Services: Session has been disconnected:

User: WZSCN\11004142
Session ID: 1
Source Network Address: LOCAL"
Information	6/28/2021 11:05:02 AM	Microsoft-Windows-TerminalServices-LocalSessionManager	40	None	Session 1 has been disconnected, reason code 5
Information	6/28/2021 11:04:54 AM	Microsoft-Windows-TerminalServices-LocalSessionManager	41	None	"Begin session arbitration:

User: WZSCN\wzsoa
Session ID: 2"
Information	6/28/2021 10:15:50 AM	Microsoft-Windows-TerminalServices-LocalSessionManager	22	None	"Remote Desktop Services: Shell start notification received:

User: WZSCN\11004142
Session ID: 1
Source Network Address: LOCAL"
Information	6/28/2021 10:15:49 AM	Microsoft-Windows-TerminalServices-LocalSessionManager	21	None	"Remote Desktop Services: Session logon succeeded:

User: WZSCN\11004142
Session ID: 1
Source Network Address: LOCAL"
Information	6/28/2021 10:14:56 AM	Microsoft-Windows-TerminalServices-LocalSessionManager	42	None	"End session arbitration:

User: WZSCN\11004142
Session ID: 1"
Information	6/28/2021 10:14:56 AM	Microsoft-Windows-TerminalServices-LocalSessionManager	41	None	"Begin session arbitration:

User: WZSCN\11004142
Session ID: 1"
Information	6/28/2021 10:12:40 AM	Microsoft-Windows-TerminalServices-LocalSessionManager	32	None	Plugin RDSAppXPlugin has been successfully initialized
Information	6/28/2021 10:10:51 AM	Microsoft-Windows-TerminalServices-LocalSessionManager	54	None	Local multi-user session manager received system shutdown message
Information	6/28/2021 10:10:51 AM	Microsoft-Windows-TerminalServices-LocalSessionManager	23	None	"Remote Desktop Services: Session logoff succeeded:

User: WZSCN\11004142
Session ID: 1"
Information	6/28/2021 9:48:27 AM	Microsoft-Windows-TerminalServices-LocalSessionManager	22	None	"Remote Desktop Services: Shell start notification received:

User: WZSCN\11004142
Session ID: 1
Source Network Address: LOCAL"
Information	6/28/2021 9:48:27 AM	Microsoft-Windows-TerminalServices-LocalSessionManager	21	None	"Remote Desktop Services: Session logon succeeded:

User: WZSCN\11004142
Session ID: 1
Source Network Address: LOCAL"
Information	6/28/2021 9:48:04 AM	Microsoft-Windows-TerminalServices-LocalSessionManager	42	None	"End session arbitration:

User: WZSCN\11004142
Session ID: 1"
Information	6/28/2021 9:48:04 AM	Microsoft-Windows-TerminalServices-LocalSessionManager	41	None	"Begin session arbitration:

User: WZSCN\11004142
Session ID: 1"
Information	6/28/2021 9:46:04 AM	Microsoft-Windows-TerminalServices-LocalSessionManager	32	None	Plugin RDSAppXPlugin has been successfully initialized
Information	6/28/2021 9:44:22 AM	Microsoft-Windows-TerminalServices-LocalSessionManager	54	None	Local multi-user session manager received system shutdown message
Information	6/28/2021 9:44:21 AM	Microsoft-Windows-TerminalServices-LocalSessionManager	23	None	"Remote Desktop Services: Session logoff succeeded:

User: WZSCN\11004142
Session ID: 1"
Information	6/28/2021 9:31:29 AM	Microsoft-Windows-TerminalServices-LocalSessionManager	22	None	"Remote Desktop Services: Shell start notification received:

User: WZSCN\11004142
Session ID: 1
Source Network Address: LOCAL"
Information	6/28/2021 9:31:28 AM	Microsoft-Windows-TerminalServices-LocalSessionManager	21	None	"Remote Desktop Services: Session logon succeeded:

User: WZSCN\11004142
Session ID: 1
Source Network Address: LOCAL"
Information	6/28/2021 9:31:05 AM	Microsoft-Windows-TerminalServices-LocalSessionManager	42	None	"End session arbitration:

User: WZSCN\11004142
Session ID: 1"
Information	6/28/2021 9:31:05 AM	Microsoft-Windows-TerminalServices-LocalSessionManager	41	None	"Begin session arbitration:

User: WZSCN\11004142
Session ID: 1"
Information	6/28/2021 9:24:02 AM	Microsoft-Windows-TerminalServices-LocalSessionManager	32	None	Plugin RDSAppXPlugin has been successfully initialized
Information	6/26/2021 9:20:21 PM	Microsoft-Windows-TerminalServices-LocalSessionManager	22	None	"Remote Desktop Services: Shell start notification received:

User: WZSCN\11004142
Session ID: 1
Source Network Address: LOCAL"
Information	6/26/2021 9:20:20 PM	Microsoft-Windows-TerminalServices-LocalSessionManager	21	None	"Remote Desktop Services: Session logon succeeded:

User: WZSCN\11004142
Session ID: 1
Source Network Address: LOCAL"
Information	6/26/2021 9:19:57 PM	Microsoft-Windows-TerminalServices-LocalSessionManager	42	None	"End session arbitration:

User: WZSCN\11004142
Session ID: 1"
Information	6/26/2021 9:19:57 PM	Microsoft-Windows-TerminalServices-LocalSessionManager	41	None	"Begin session arbitration:

User: WZSCN\11004142
Session ID: 1"
Information	6/26/2021 9:15:48 PM	Microsoft-Windows-TerminalServices-LocalSessionManager	32	None	Plugin RDSAppXPlugin has been successfully initialized
Information	6/26/2021 9:14:18 PM	Microsoft-Windows-TerminalServices-LocalSessionManager	54	None	Local multi-user session manager received system shutdown message
Information	6/26/2021 9:14:18 PM	Microsoft-Windows-TerminalServices-LocalSessionManager	23	None	"Remote Desktop Services: Session logoff succeeded:

User: WZSCN\11004142
Session ID: 1"
Information	6/26/2021 7:04:47 PM	Microsoft-Windows-TerminalServices-LocalSessionManager	22	None	"Remote Desktop Services: Shell start notification received:

User: WZSCN\11004142
Session ID: 1
Source Network Address: LOCAL"
Information	6/26/2021 7:04:46 PM	Microsoft-Windows-TerminalServices-LocalSessionManager	21	None	"Remote Desktop Services: Session logon succeeded:

User: WZSCN\11004142
Session ID: 1
Source Network Address: LOCAL"
Information	6/26/2021 7:03:52 PM	Microsoft-Windows-TerminalServices-LocalSessionManager	42	None	"End session arbitration:

User: WZSCN\11004142
Session ID: 1"
Information	6/26/2021 7:03:52 PM	Microsoft-Windows-TerminalServices-LocalSessionManager	41	None	"Begin session arbitration:

User: WZSCN\11004142
Session ID: 1"
Information	6/26/2021 7:00:31 PM	Microsoft-Windows-TerminalServices-LocalSessionManager	32	None	Plugin RDSAppXPlugin has been successfully initialized
Information	6/26/2021 6:58:00 PM	Microsoft-Windows-TerminalServices-LocalSessionManager	54	None	Local multi-user session manager received system shutdown message
Information	6/26/2021 6:57:59 PM	Microsoft-Windows-TerminalServices-LocalSessionManager	23	None	"Remote Desktop Services: Session logoff succeeded:

User: WZSCN\11004142
Session ID: 1"
Information	6/26/2021 6:30:40 PM	Microsoft-Windows-TerminalServices-LocalSessionManager	22	None	"Remote Desktop Services: Shell start notification received:

User: WZSCN\11004142
Session ID: 1
Source Network Address: LOCAL"
Information	6/26/2021 6:30:39 PM	Microsoft-Windows-TerminalServices-LocalSessionManager	21	None	"Remote Desktop Services: Session logon succeeded:

User: WZSCN\11004142
Session ID: 1
Source Network Address: LOCAL"
Information	6/26/2021 6:29:57 PM	Microsoft-Windows-TerminalServices-LocalSessionManager	42	None	"End session arbitration:

User: WZSCN\11004142
Session ID: 1"
Information	6/26/2021 6:29:57 PM	Microsoft-Windows-TerminalServices-LocalSessionManager	41	None	"Begin session arbitration:

User: WZSCN\11004142
Session ID: 1"
Information	6/26/2021 6:28:13 PM	Microsoft-Windows-TerminalServices-LocalSessionManager	32	None	Plugin RDSAppXPlugin has been successfully initialized
Information	6/26/2021 6:26:17 PM	Microsoft-Windows-TerminalServices-LocalSessionManager	54	None	Local multi-user session manager received system shutdown message
Information	6/26/2021 6:26:16 PM	Microsoft-Windows-TerminalServices-LocalSessionManager	23	None	"Remote Desktop Services: Session logoff succeeded:

User: WZSCN\11004142
Session ID: 1"
Information	6/26/2021 6:02:33 PM	Microsoft-Windows-TerminalServices-LocalSessionManager	22	None	"Remote Desktop Services: Shell start notification received:

User: WZSCN\11004142
Session ID: 1
Source Network Address: LOCAL"
Information	6/26/2021 6:02:32 PM	Microsoft-Windows-TerminalServices-LocalSessionManager	21	None	"Remote Desktop Services: Session logon succeeded:

User: WZSCN\11004142
Session ID: 1
Source Network Address: LOCAL"
Information	6/26/2021 6:01:29 PM	Microsoft-Windows-TerminalServices-LocalSessionManager	42	None	"End session arbitration:

User: WZSCN\11004142
Session ID: 1"
Information	6/26/2021 6:01:29 PM	Microsoft-Windows-TerminalServices-LocalSessionManager	41	None	"Begin session arbitration:

User: WZSCN\11004142
Session ID: 1"
Information	6/26/2021 5:59:33 PM	Microsoft-Windows-TerminalServices-LocalSessionManager	32	None	Plugin RDSAppXPlugin has been successfully initialized
Error	6/26/2021 5:58:02 PM	Microsoft-Windows-TerminalServices-LocalSessionManager	17	None	Remote Desktop Service start failed. The relevant status code was 0x8007045B.
Information	6/26/2021 5:57:07 PM	Microsoft-Windows-TerminalServices-LocalSessionManager	54	None	Local multi-user session manager received system shutdown message
Information	6/26/2021 5:57:03 PM	Microsoft-Windows-TerminalServices-LocalSessionManager	23	None	"Remote Desktop Services: Session logoff succeeded:

User: WZSCN\11004142
Session ID: 1"
Information	6/26/2021 4:37:35 PM	Microsoft-Windows-TerminalServices-LocalSessionManager	22	None	"Remote Desktop Services: Shell start notification received:

User: WZSCN\11004142
Session ID: 1
Source Network Address: LOCAL"
Information	6/26/2021 4:37:35 PM	Microsoft-Windows-TerminalServices-LocalSessionManager	21	None	"Remote Desktop Services: Session logon succeeded:

User: WZSCN\11004142
Session ID: 1
Source Network Address: LOCAL"
Information	6/26/2021 4:36:53 PM	Microsoft-Windows-TerminalServices-LocalSessionManager	42	None	"End session arbitration:

User: WZSCN\11004142
Session ID: 1"
Information	6/26/2021 4:36:53 PM	Microsoft-Windows-TerminalServices-LocalSessionManager	41	None	"Begin session arbitration:

User: WZSCN\11004142
Session ID: 1"
Information	6/26/2021 4:36:04 PM	Microsoft-Windows-TerminalServices-LocalSessionManager	32	None	Plugin RDSAppXPlugin has been successfully initialized
Information	6/26/2021 4:33:16 PM	Microsoft-Windows-TerminalServices-LocalSessionManager	54	None	Local multi-user session manager received system shutdown message
Information	6/26/2021 4:33:15 PM	Microsoft-Windows-TerminalServices-LocalSessionManager	23	None	"Remote Desktop Services: Session logoff succeeded:

User: WZSCN\11004142
Session ID: 1"
Information	6/26/2021 3:01:06 PM	Microsoft-Windows-TerminalServices-LocalSessionManager	22	None	"Remote Desktop Services: Shell start notification received:

User: WZSCN\11004142
Session ID: 1
Source Network Address: LOCAL"
Information	6/26/2021 3:01:05 PM	Microsoft-Windows-TerminalServices-LocalSessionManager	21	None	"Remote Desktop Services: Session logon succeeded:

User: WZSCN\11004142
Session ID: 1
Source Network Address: LOCAL"
Information	6/26/2021 3:00:30 PM	Microsoft-Windows-TerminalServices-LocalSessionManager	42	None	"End session arbitration:

User: WZSCN\11004142
Session ID: 1"
Information	6/26/2021 3:00:30 PM	Microsoft-Windows-TerminalServices-LocalSessionManager	41	None	"Begin session arbitration:

User: WZSCN\11004142
Session ID: 1"
Information	6/26/2021 2:59:46 PM	Microsoft-Windows-TerminalServices-LocalSessionManager	32	None	Plugin RDSAppXPlugin has been successfully initialized
Information	6/26/2021 2:57:48 PM	Microsoft-Windows-TerminalServices-LocalSessionManager	54	None	Local multi-user session manager received system shutdown message
Information	6/26/2021 2:57:46 PM	Microsoft-Windows-TerminalServices-LocalSessionManager	23	None	"Remote Desktop Services: Session logoff succeeded:

User: WZSCN\11004142
Session ID: 1"
Information	6/26/2021 2:43:57 PM	Microsoft-Windows-TerminalServices-LocalSessionManager	22	None	"Remote Desktop Services: Shell start notification received:

User: WZSCN\11004142
Session ID: 1
Source Network Address: LOCAL"
Information	6/26/2021 2:43:57 PM	Microsoft-Windows-TerminalServices-LocalSessionManager	21	None	"Remote Desktop Services: Session logon succeeded:

User: WZSCN\11004142
Session ID: 1
Source Network Address: LOCAL"
Information	6/26/2021 2:43:34 PM	Microsoft-Windows-TerminalServices-LocalSessionManager	42	None	"End session arbitration:

User: WZSCN\11004142
Session ID: 1"
Information	6/26/2021 2:43:34 PM	Microsoft-Windows-TerminalServices-LocalSessionManager	41	None	"Begin session arbitration:

User: WZSCN\11004142
Session ID: 1"
Information	6/26/2021 2:42:40 PM	Microsoft-Windows-TerminalServices-LocalSessionManager	32	None	Plugin RDSAppXPlugin has been successfully initialized
Information	6/26/2021 2:40:40 PM	Microsoft-Windows-TerminalServices-LocalSessionManager	54	None	Local multi-user session manager received system shutdown message
Information	6/26/2021 2:40:38 PM	Microsoft-Windows-TerminalServices-LocalSessionManager	23	None	"Remote Desktop Services: Session logoff succeeded:

User: WZSCN\11004142
Session ID: 1"
Information	6/26/2021 2:03:01 PM	Microsoft-Windows-TerminalServices-LocalSessionManager	22	None	"Remote Desktop Services: Shell start notification received:

User: WZSCN\11004142
Session ID: 1
Source Network Address: LOCAL"
Information	6/26/2021 2:03:00 PM	Microsoft-Windows-TerminalServices-LocalSessionManager	21	None	"Remote Desktop Services: Session logon succeeded:

User: WZSCN\11004142
Session ID: 1
Source Network Address: LOCAL"
Information	6/26/2021 2:02:07 PM	Microsoft-Windows-TerminalServices-LocalSessionManager	42	None	"End session arbitration:

User: WZSCN\11004142
Session ID: 1"
Information	6/26/2021 2:02:07 PM	Microsoft-Windows-TerminalServices-LocalSessionManager	41	None	"Begin session arbitration:

User: WZSCN\11004142
Session ID: 1"
Information	6/26/2021 2:01:26 PM	Microsoft-Windows-TerminalServices-LocalSessionManager	32	None	Plugin RDSAppXPlugin has been successfully initialized
Information	6/26/2021 1:59:29 PM	Microsoft-Windows-TerminalServices-LocalSessionManager	54	None	Local multi-user session manager received system shutdown message
Information	6/26/2021 1:59:27 PM	Microsoft-Windows-TerminalServices-LocalSessionManager	23	None	"Remote Desktop Services: Session logoff succeeded:

User: WZSCN\11004142
Session ID: 1"
Information	6/26/2021 11:17:54 AM	Microsoft-Windows-TerminalServices-LocalSessionManager	22	None	"Remote Desktop Services: Shell start notification received:

User: WZSCN\11004142
Session ID: 1
Source Network Address: LOCAL"
Information	6/26/2021 11:17:54 AM	Microsoft-Windows-TerminalServices-LocalSessionManager	21	None	"Remote Desktop Services: Session logon succeeded:

User: WZSCN\11004142
Session ID: 1
Source Network Address: LOCAL"
Information	6/26/2021 11:17:23 AM	Microsoft-Windows-TerminalServices-LocalSessionManager	42	None	"End session arbitration:

User: WZSCN\11004142
Session ID: 1"
Information	6/26/2021 11:17:23 AM	Microsoft-Windows-TerminalServices-LocalSessionManager	41	None	"Begin session arbitration:

User: WZSCN\11004142
Session ID: 1"
Information	6/26/2021 11:16:34 AM	Microsoft-Windows-TerminalServices-LocalSessionManager	32	None	Plugin RDSAppXPlugin has been successfully initialized
Information	6/26/2021 11:13:42 AM	Microsoft-Windows-TerminalServices-LocalSessionManager	54	None	Local multi-user session manager received system shutdown message
Information	6/26/2021 11:13:40 AM	Microsoft-Windows-TerminalServices-LocalSessionManager	23	None	"Remote Desktop Services: Session logoff succeeded:

User: WZSCN\11004142
Session ID: 1"
Information	6/24/2021 9:08:54 PM	Microsoft-Windows-TerminalServices-LocalSessionManager	22	None	"Remote Desktop Services: Shell start notification received:

User: WZSCN\11004142
Session ID: 1
Source Network Address: LOCAL"
Information	6/24/2021 9:08:53 PM	Microsoft-Windows-TerminalServices-LocalSessionManager	21	None	"Remote Desktop Services: Session logon succeeded:

User: WZSCN\11004142
Session ID: 1
Source Network Address: LOCAL"
Information	6/24/2021 9:08:27 PM	Microsoft-Windows-TerminalServices-LocalSessionManager	42	None	"End session arbitration:

User: WZSCN\11004142
Session ID: 1"
Information	6/24/2021 9:08:27 PM	Microsoft-Windows-TerminalServices-LocalSessionManager	41	None	"Begin session arbitration:

User: WZSCN\11004142
Session ID: 1"
Information	6/24/2021 9:07:38 PM	Microsoft-Windows-TerminalServices-LocalSessionManager	32	None	Plugin RDSAppXPlugin has been successfully initialized
Information	6/24/2021 9:05:50 PM	Microsoft-Windows-TerminalServices-LocalSessionManager	54	None	Local multi-user session manager received system shutdown message
Information	6/24/2021 9:05:47 PM	Microsoft-Windows-TerminalServices-LocalSessionManager	23	None	"Remote Desktop Services: Session logoff succeeded:

User: WZSCN\11004142
Session ID: 1"
Information	6/24/2021 8:39:08 AM	Microsoft-Windows-TerminalServices-LocalSessionManager	22	None	"Remote Desktop Services: Shell start notification received:

User: WZSCN\11004142
Session ID: 1
Source Network Address: LOCAL"
Information	6/24/2021 8:39:06 AM	Microsoft-Windows-TerminalServices-LocalSessionManager	21	None	"Remote Desktop Services: Session logon succeeded:

User: WZSCN\11004142
Session ID: 1
Source Network Address: LOCAL"
Information	6/24/2021 8:38:38 AM	Microsoft-Windows-TerminalServices-LocalSessionManager	42	None	"End session arbitration:

User: WZSCN\11004142
Session ID: 1"
Information	6/24/2021 8:38:38 AM	Microsoft-Windows-TerminalServices-LocalSessionManager	41	None	"Begin session arbitration:

User: WZSCN\11004142
Session ID: 1"
Information	6/24/2021 8:37:49 AM	Microsoft-Windows-TerminalServices-LocalSessionManager	32	None	Plugin RDSAppXPlugin has been successfully initialized
