Information	6/24/2021 8:35:46 AM	Microsoft-Windows-TerminalServices-LocalSessionManager	54	None	Local multi-user session manager received system shutdown message
Information	6/24/2021 8:35:44 AM	Microsoft-Windows-TerminalServices-LocalSessionManager	23	None	"Remote Desktop Services: Session logoff succeeded:

User: WZSCN\11004142
Session ID: 1"
Information	6/23/2021 12:00:10 AM	Microsoft-Windows-TerminalServices-LocalSessionManager	22	None	"Remote Desktop Services: Shell start notification received:

User: WZSCN\11004142
Session ID: 1
Source Network Address: LOCAL"
Information	6/23/2021 12:00:08 AM	Microsoft-Windows-TerminalServices-LocalSessionManager	21	None	"Remote Desktop Services: Session logon succeeded:

User: WZSCN\11004142
Session ID: 1
Source Network Address: LOCAL"
Information	6/22/2021 11:59:55 PM	Microsoft-Windows-TerminalServices-LocalSessionManager	42	None	"End session arbitration:

User: WZSCN\11004142
Session ID: 1"
Information	6/22/2021 11:59:55 PM	Microsoft-Windows-TerminalServices-LocalSessionManager	41	None	"Begin session arbitration:

User: WZSCN\11004142
Session ID: 1"
Information	6/22/2021 11:58:40 PM	Microsoft-Windows-TerminalServices-LocalSessionManager	32	None	Plugin RDSAppXPlugin has been successfully initialized
Information	6/22/2021 11:56:31 PM	Microsoft-Windows-TerminalServices-LocalSessionManager	54	None	Local multi-user session manager received system shutdown message
Information	6/22/2021 11:56:27 PM	Microsoft-Windows-TerminalServices-LocalSessionManager	23	None	"Remote Desktop Services: Session logoff succeeded:

User: WZSCN\11004142
Session ID: 1"
Information	6/21/2021 4:09:55 PM	Microsoft-Windows-TerminalServices-LocalSessionManager	22	None	"Remote Desktop Services: Shell start notification received:

User: WZSCN\11004142
Session ID: 1
Source Network Address: LOCAL"
Information	6/21/2021 4:09:43 PM	Microsoft-Windows-TerminalServices-LocalSessionManager	21	None	"Remote Desktop Services: Session logon succeeded:

User: WZSCN\11004142
Session ID: 1
Source Network Address: LOCAL"
Information	6/21/2021 4:09:20 PM	Microsoft-Windows-TerminalServices-LocalSessionManager	42	None	"End session arbitration:

User: WZSCN\11004142
Session ID: 1"
Information	6/21/2021 4:09:20 PM	Microsoft-Windows-TerminalServices-LocalSessionManager	41	None	"Begin session arbitration:

User: WZSCN\11004142
Session ID: 1"
Information	6/21/2021 4:07:33 PM	Microsoft-Windows-TerminalServices-LocalSessionManager	32	None	Plugin RDSAppXPlugin has been successfully initialized
Information	6/21/2021 4:05:46 PM	Microsoft-Windows-TerminalServices-LocalSessionManager	54	None	Local multi-user session manager received system shutdown message
Information	6/21/2021 4:05:45 PM	Microsoft-Windows-TerminalServices-LocalSessionManager	23	None	"Remote Desktop Services: Session logoff succeeded:

User: WZSCN\11004142
Session ID: 1"
Information	6/21/2021 3:47:36 PM	Microsoft-Windows-TerminalServices-LocalSessionManager	22	None	"Remote Desktop Services: Shell start notification received:

User: WZSCN\11004142
Session ID: 1
Source Network Address: LOCAL"
Information	6/21/2021 3:47:35 PM	Microsoft-Windows-TerminalServices-LocalSessionManager	21	None	"Remote Desktop Services: Session logon succeeded:

User: WZSCN\11004142
Session ID: 1
Source Network Address: LOCAL"
Information	6/21/2021 3:47:15 PM	Microsoft-Windows-TerminalServices-LocalSessionManager	42	None	"End session arbitration:

User: WZSCN\11004142
Session ID: 1"
Information	6/21/2021 3:47:15 PM	Microsoft-Windows-TerminalServices-LocalSessionManager	41	None	"Begin session arbitration:

User: WZSCN\11004142
Session ID: 1"
Information	6/21/2021 3:46:11 PM	Microsoft-Windows-TerminalServices-LocalSessionManager	32	None	Plugin RDSAppXPlugin has been successfully initialized
Information	6/21/2021 3:43:36 PM	Microsoft-Windows-TerminalServices-LocalSessionManager	54	None	Local multi-user session manager received system shutdown message
Information	6/21/2021 3:43:34 PM	Microsoft-Windows-TerminalServices-LocalSessionManager	23	None	"Remote Desktop Services: Session logoff succeeded:

User: WZSCN\11004142
Session ID: 1"
Information	6/19/2021 1:47:17 PM	Microsoft-Windows-TerminalServices-LocalSessionManager	22	None	"Remote Desktop Services: Shell start notification received:

User: WZSCN\11004142
Session ID: 1
Source Network Address: LOCAL"
Information	6/19/2021 1:47:16 PM	Microsoft-Windows-TerminalServices-LocalSessionManager	21	None	"Remote Desktop Services: Session logon succeeded:

User: WZSCN\11004142
Session ID: 1
Source Network Address: LOCAL"
Information	6/19/2021 1:46:34 PM	Microsoft-Windows-TerminalServices-LocalSessionManager	42	None	"End session arbitration:

User: WZSCN\11004142
Session ID: 1"
Information	6/19/2021 1:46:34 PM	Microsoft-Windows-TerminalServices-LocalSessionManager	41	None	"Begin session arbitration:

User: WZSCN\11004142
Session ID: 1"
Information	6/19/2021 1:45:44 PM	Microsoft-Windows-TerminalServices-LocalSessionManager	32	None	Plugin RDSAppXPlugin has been successfully initialized
Information	6/19/2021 6:31:53 AM	Microsoft-Windows-TerminalServices-LocalSessionManager	54	None	Local multi-user session manager received system shutdown message
Information	6/19/2021 6:31:50 AM	Microsoft-Windows-TerminalServices-LocalSessionManager	23	None	"Remote Desktop Services: Session logoff succeeded:

User: WZSCN\11004142
Session ID: 1"
Information	6/18/2021 8:29:36 AM	Microsoft-Windows-TerminalServices-LocalSessionManager	22	None	"Remote Desktop Services: Shell start notification received:

User: WZSCN\11004142
Session ID: 1
Source Network Address: LOCAL"
Information	6/18/2021 8:29:35 AM	Microsoft-Windows-TerminalServices-LocalSessionManager	21	None	"Remote Desktop Services: Session logon succeeded:

User: WZSCN\11004142
Session ID: 1
Source Network Address: LOCAL"
Information	6/18/2021 8:28:55 AM	Microsoft-Windows-TerminalServices-LocalSessionManager	42	None	"End session arbitration:

User: WZSCN\11004142
Session ID: 1"
Information	6/18/2021 8:28:55 AM	Microsoft-Windows-TerminalServices-LocalSessionManager	41	None	"Begin session arbitration:

User: WZSCN\11004142
Session ID: 1"
Information	6/18/2021 8:28:16 AM	Microsoft-Windows-TerminalServices-LocalSessionManager	32	None	Plugin RDSAppXPlugin has been successfully initialized
Information	6/18/2021 8:25:33 AM	Microsoft-Windows-TerminalServices-LocalSessionManager	54	None	Local multi-user session manager received system shutdown message
Information	6/18/2021 8:25:31 AM	Microsoft-Windows-TerminalServices-LocalSessionManager	23	None	"Remote Desktop Services: Session logoff succeeded:

User: WZSCN\11004142
Session ID: 1"
Information	6/15/2021 8:41:03 AM	Microsoft-Windows-TerminalServices-LocalSessionManager	22	None	"Remote Desktop Services: Shell start notification received:

User: WZSCN\11004142
Session ID: 1
Source Network Address: LOCAL"
Information	6/15/2021 8:41:02 AM	Microsoft-Windows-TerminalServices-LocalSessionManager	21	None	"Remote Desktop Services: Session logon succeeded:

User: WZSCN\11004142
Session ID: 1
Source Network Address: LOCAL"
Information	6/15/2021 8:40:44 AM	Microsoft-Windows-TerminalServices-LocalSessionManager	42	None	"End session arbitration:

User: WZSCN\11004142
Session ID: 1"
Information	6/15/2021 8:40:44 AM	Microsoft-Windows-TerminalServices-LocalSessionManager	41	None	"Begin session arbitration:

User: WZSCN\11004142
Session ID: 1"
Information	6/15/2021 8:39:42 AM	Microsoft-Windows-TerminalServices-LocalSessionManager	32	None	Plugin RDSAppXPlugin has been successfully initialized
Information	6/15/2021 8:38:12 AM	Microsoft-Windows-TerminalServices-LocalSessionManager	54	None	Local multi-user session manager received system shutdown message
Information	6/15/2021 8:38:10 AM	Microsoft-Windows-TerminalServices-LocalSessionManager	23	None	"Remote Desktop Services: Session logoff succeeded:

User: WZSCN\11004142
Session ID: 1"
Information	6/15/2021 8:34:27 AM	Microsoft-Windows-TerminalServices-LocalSessionManager	22	None	"Remote Desktop Services: Shell start notification received:

User: WZSCN\11004142
Session ID: 1
Source Network Address: LOCAL"
Information	6/15/2021 8:34:27 AM	Microsoft-Windows-TerminalServices-LocalSessionManager	21	None	"Remote Desktop Services: Session logon succeeded:

User: WZSCN\11004142
Session ID: 1
Source Network Address: LOCAL"
Information	6/15/2021 8:34:01 AM	Microsoft-Windows-TerminalServices-LocalSessionManager	42	None	"End session arbitration:

User: WZSCN\11004142
Session ID: 1"
Information	6/15/2021 8:34:01 AM	Microsoft-Windows-TerminalServices-LocalSessionManager	41	None	"Begin session arbitration:

User: WZSCN\11004142
Session ID: 1"
Information	6/15/2021 8:32:20 AM	Microsoft-Windows-TerminalServices-LocalSessionManager	32	None	Plugin RDSAppXPlugin has been successfully initialized
Information	6/14/2021 5:54:36 AM	Microsoft-Windows-TerminalServices-LocalSessionManager	54	None	Local multi-user session manager received system shutdown message
Information	6/14/2021 5:54:34 AM	Microsoft-Windows-TerminalServices-LocalSessionManager	23	None	"Remote Desktop Services: Session logoff succeeded:

User: WZSCN\11004142
Session ID: 1"
Information	6/12/2021 12:57:37 AM	Microsoft-Windows-TerminalServices-LocalSessionManager	22	None	"Remote Desktop Services: Shell start notification received:

User: WZSCN\11004142
Session ID: 1
Source Network Address: LOCAL"
Information	6/12/2021 12:57:36 AM	Microsoft-Windows-TerminalServices-LocalSessionManager	21	None	"Remote Desktop Services: Session logon succeeded:

User: WZSCN\11004142
Session ID: 1
Source Network Address: LOCAL"
Information	6/12/2021 12:57:07 AM	Microsoft-Windows-TerminalServices-LocalSessionManager	42	None	"End session arbitration:

User: WZSCN\11004142
Session ID: 1"
Information	6/12/2021 12:57:07 AM	Microsoft-Windows-TerminalServices-LocalSessionManager	41	None	"Begin session arbitration:

User: WZSCN\11004142
Session ID: 1"
Information	6/12/2021 12:56:36 AM	Microsoft-Windows-TerminalServices-LocalSessionManager	32	None	Plugin RDSAppXPlugin has been successfully initialized
Information	6/12/2021 12:54:13 AM	Microsoft-Windows-TerminalServices-LocalSessionManager	23	None	"Remote Desktop Services: Session logoff succeeded:

User: WZSCN\11004142
Session ID: 1"
Information	6/12/2021 12:53:10 AM	Microsoft-Windows-TerminalServices-LocalSessionManager	54	None	Local multi-user session manager received system shutdown message
Information	6/10/2021 8:40:44 AM	Microsoft-Windows-TerminalServices-LocalSessionManager	22	None	"Remote Desktop Services: Shell start notification received:

User: WZSCN\11004142
Session ID: 1
Source Network Address: LOCAL"
Information	6/10/2021 8:40:43 AM	Microsoft-Windows-TerminalServices-LocalSessionManager	21	None	"Remote Desktop Services: Session logon succeeded:

User: WZSCN\11004142
Session ID: 1
Source Network Address: LOCAL"
Information	6/10/2021 8:40:18 AM	Microsoft-Windows-TerminalServices-LocalSessionManager	42	None	"End session arbitration:

User: WZSCN\11004142
Session ID: 1"
Information	6/10/2021 8:40:18 AM	Microsoft-Windows-TerminalServices-LocalSessionManager	41	None	"Begin session arbitration:

User: WZSCN\11004142
Session ID: 1"
Information	6/10/2021 8:39:35 AM	Microsoft-Windows-TerminalServices-LocalSessionManager	32	None	Plugin RDSAppXPlugin has been successfully initialized
Information	6/10/2021 5:10:26 AM	Microsoft-Windows-TerminalServices-LocalSessionManager	54	None	Local multi-user session manager received system shutdown message
Information	6/10/2021 5:10:23 AM	Microsoft-Windows-TerminalServices-LocalSessionManager	23	None	"Remote Desktop Services: Session logoff succeeded:

User: WZSCN\11004142
Session ID: 1"
Information	6/5/2021 9:39:01 AM	Microsoft-Windows-TerminalServices-LocalSessionManager	22	None	"Remote Desktop Services: Shell start notification received:

User: WZSCN\11004142
Session ID: 1
Source Network Address: LOCAL"
Information	6/5/2021 9:38:58 AM	Microsoft-Windows-TerminalServices-LocalSessionManager	21	None	"Remote Desktop Services: Session logon succeeded:

User: WZSCN\11004142
Session ID: 1
Source Network Address: LOCAL"
Information	6/5/2021 9:38:31 AM	Microsoft-Windows-TerminalServices-LocalSessionManager	42	None	"End session arbitration:

User: WZSCN\11004142
Session ID: 1"
Information	6/5/2021 9:38:31 AM	Microsoft-Windows-TerminalServices-LocalSessionManager	41	None	"Begin session arbitration:

User: WZSCN\11004142
Session ID: 1"
Information	6/5/2021 9:37:25 AM	Microsoft-Windows-TerminalServices-LocalSessionManager	32	None	Plugin RDSAppXPlugin has been successfully initialized
Information	6/5/2021 3:52:12 AM	Microsoft-Windows-TerminalServices-LocalSessionManager	54	None	Local multi-user session manager received system shutdown message
Information	6/5/2021 3:52:10 AM	Microsoft-Windows-TerminalServices-LocalSessionManager	23	None	"Remote Desktop Services: Session logoff succeeded:

User: WZSCN\11004142
Session ID: 1"
Information	5/29/2021 9:01:06 PM	Microsoft-Windows-TerminalServices-LocalSessionManager	22	None	"Remote Desktop Services: Shell start notification received:

User: WZSCN\11004142
Session ID: 1
Source Network Address: LOCAL"
Information	5/29/2021 9:01:04 PM	Microsoft-Windows-TerminalServices-LocalSessionManager	21	None	"Remote Desktop Services: Session logon succeeded:

User: WZSCN\11004142
Session ID: 1
Source Network Address: LOCAL"
Information	5/29/2021 9:00:17 PM	Microsoft-Windows-TerminalServices-LocalSessionManager	42	None	"End session arbitration:

User: WZSCN\11004142
Session ID: 1"
Information	5/29/2021 9:00:17 PM	Microsoft-Windows-TerminalServices-LocalSessionManager	41	None	"Begin session arbitration:

User: WZSCN\11004142
Session ID: 1"
Information	5/29/2021 8:59:40 PM	Microsoft-Windows-TerminalServices-LocalSessionManager	32	None	Plugin RDSAppXPlugin has been successfully initialized
Information	5/29/2021 6:22:43 PM	Microsoft-Windows-TerminalServices-LocalSessionManager	54	None	Local multi-user session manager received system shutdown message
Information	5/29/2021 6:22:41 PM	Microsoft-Windows-TerminalServices-LocalSessionManager	23	None	"Remote Desktop Services: Session logoff succeeded:

User: WZSCN\11004142
Session ID: 1"
Information	5/25/2021 8:10:45 AM	Microsoft-Windows-TerminalServices-LocalSessionManager	22	None	"Remote Desktop Services: Shell start notification received:

User: WZSCN\11004142
Session ID: 1
Source Network Address: LOCAL"
Information	5/25/2021 8:10:45 AM	Microsoft-Windows-TerminalServices-LocalSessionManager	21	None	"Remote Desktop Services: Session logon succeeded:

User: WZSCN\11004142
Session ID: 1
Source Network Address: LOCAL"
Information	5/25/2021 8:10:39 AM	Microsoft-Windows-TerminalServices-LocalSessionManager	42	None	"End session arbitration:

User: WZSCN\11004142
Session ID: 1"
Information	5/25/2021 8:10:39 AM	Microsoft-Windows-TerminalServices-LocalSessionManager	41	None	"Begin session arbitration:

User: WZSCN\11004142
Session ID: 1"
Information	5/25/2021 8:06:25 AM	Microsoft-Windows-TerminalServices-LocalSessionManager	32	None	Plugin RDSAppXPlugin has been successfully initialized
Information	5/25/2021 6:24:14 AM	Microsoft-Windows-TerminalServices-LocalSessionManager	54	None	Local multi-user session manager received system shutdown message
Information	5/25/2021 6:24:12 AM	Microsoft-Windows-TerminalServices-LocalSessionManager	23	None	"Remote Desktop Services: Session logoff succeeded:

User: WZSCN\11004142
Session ID: 1"
Information	5/21/2021 8:22:12 AM	Microsoft-Windows-TerminalServices-LocalSessionManager	22	None	"Remote Desktop Services: Shell start notification received:

User: WZSCN\11004142
Session ID: 1
Source Network Address: LOCAL"
Information	5/21/2021 8:22:11 AM	Microsoft-Windows-TerminalServices-LocalSessionManager	21	None	"Remote Desktop Services: Session logon succeeded:

User: WZSCN\11004142
Session ID: 1
Source Network Address: LOCAL"
Information	5/21/2021 8:21:46 AM	Microsoft-Windows-TerminalServices-LocalSessionManager	42	None	"End session arbitration:

User: WZSCN\11004142
Session ID: 1"
Information	5/21/2021 8:21:46 AM	Microsoft-Windows-TerminalServices-LocalSessionManager	41	None	"Begin session arbitration:

User: WZSCN\11004142
Session ID: 1"
Information	5/21/2021 8:20:45 AM	Microsoft-Windows-TerminalServices-LocalSessionManager	32	None	Plugin RDSAppXPlugin has been successfully initialized
Information	5/21/2021 5:52:23 AM	Microsoft-Windows-TerminalServices-LocalSessionManager	54	None	Local multi-user session manager received system shutdown message
Information	5/21/2021 5:52:21 AM	Microsoft-Windows-TerminalServices-LocalSessionManager	23	None	"Remote Desktop Services: Session logoff succeeded:

User: WZSCN\11004142
Session ID: 1"
Information	5/20/2021 8:42:59 AM	Microsoft-Windows-TerminalServices-LocalSessionManager	22	None	"Remote Desktop Services: Shell start notification received:

User: WZSCN\11004142
Session ID: 1
Source Network Address: LOCAL"
Information	5/20/2021 8:42:57 AM	Microsoft-Windows-TerminalServices-LocalSessionManager	21	None	"Remote Desktop Services: Session logon succeeded:

User: WZSCN\11004142
Session ID: 1
Source Network Address: LOCAL"
Information	5/20/2021 8:42:18 AM	Microsoft-Windows-TerminalServices-LocalSessionManager	42	None	"End session arbitration:

User: WZSCN\11004142
Session ID: 1"
Information	5/20/2021 8:42:18 AM	Microsoft-Windows-TerminalServices-LocalSessionManager	41	None	"Begin session arbitration:

User: WZSCN\11004142
Session ID: 1"
Information	5/20/2021 8:41:47 AM	Microsoft-Windows-TerminalServices-LocalSessionManager	32	None	Plugin RDSAppXPlugin has been successfully initialized
Information	5/20/2021 6:20:29 AM	Microsoft-Windows-TerminalServices-LocalSessionManager	54	None	Local multi-user session manager received system shutdown message
Information	5/20/2021 6:20:27 AM	Microsoft-Windows-TerminalServices-LocalSessionManager	23	None	"Remote Desktop Services: Session logoff succeeded:

User: WZSCN\11004142
Session ID: 1"
Information	5/17/2021 8:33:19 AM	Microsoft-Windows-TerminalServices-LocalSessionManager	22	None	"Remote Desktop Services: Shell start notification received:

User: WZSCN\11004142
Session ID: 1
Source Network Address: LOCAL"
Information	5/17/2021 8:33:18 AM	Microsoft-Windows-TerminalServices-LocalSessionManager	21	None	"Remote Desktop Services: Session logon succeeded:

User: WZSCN\11004142
Session ID: 1
Source Network Address: LOCAL"
Information	5/17/2021 8:32:54 AM	Microsoft-Windows-TerminalServices-LocalSessionManager	42	None	"End session arbitration:

User: WZSCN\11004142
Session ID: 1"
Information	5/17/2021 8:32:54 AM	Microsoft-Windows-TerminalServices-LocalSessionManager	41	None	"Begin session arbitration:

User: WZSCN\11004142
Session ID: 1"
Information	5/17/2021 8:32:00 AM	Microsoft-Windows-TerminalServices-LocalSessionManager	32	None	Plugin RDSAppXPlugin has been successfully initialized
Information	5/17/2021 4:16:58 AM	Microsoft-Windows-TerminalServices-LocalSessionManager	54	None	Local multi-user session manager received system shutdown message
Information	5/17/2021 4:16:55 AM	Microsoft-Windows-TerminalServices-LocalSessionManager	23	None	"Remote Desktop Services: Session logoff succeeded:

User: WZSCN\11004142
Session ID: 1"
Information	5/13/2021 2:14:49 PM	Microsoft-Windows-TerminalServices-LocalSessionManager	22	None	"Remote Desktop Services: Shell start notification received:

User: WZSCN\11004142
Session ID: 1
Source Network Address: LOCAL"
Information	5/13/2021 2:14:48 PM	Microsoft-Windows-TerminalServices-LocalSessionManager	21	None	"Remote Desktop Services: Session logon succeeded:

User: WZSCN\11004142
Session ID: 1
Source Network Address: LOCAL"
Information	5/13/2021 2:14:37 PM	Microsoft-Windows-TerminalServices-LocalSessionManager	42	None	"End session arbitration:

User: WZSCN\11004142
Session ID: 1"
Information	5/13/2021 2:14:37 PM	Microsoft-Windows-TerminalServices-LocalSessionManager	41	None	"Begin session arbitration:

User: WZSCN\11004142
Session ID: 1"
Information	5/13/2021 2:13:57 PM	Microsoft-Windows-TerminalServices-LocalSessionManager	32	None	Plugin RDSAppXPlugin has been successfully initialized
Information	5/13/2021 2:12:10 PM	Microsoft-Windows-TerminalServices-LocalSessionManager	54	None	Local multi-user session manager received system shutdown message
Information	5/13/2021 2:12:09 PM	Microsoft-Windows-TerminalServices-LocalSessionManager	23	None	"Remote Desktop Services: Session logoff succeeded:

User: WZSCN\11004142
Session ID: 1"
Information	5/13/2021 9:25:13 AM	Microsoft-Windows-TerminalServices-LocalSessionManager	22	None	"Remote Desktop Services: Shell start notification received:

User: WZSCN\11004142
Session ID: 1
Source Network Address: LOCAL"
Information	5/13/2021 9:25:11 AM	Microsoft-Windows-TerminalServices-LocalSessionManager	21	None	"Remote Desktop Services: Session logon succeeded:

User: WZSCN\11004142
Session ID: 1
Source Network Address: LOCAL"
Information	5/13/2021 9:25:04 AM	Microsoft-Windows-TerminalServices-LocalSessionManager	42	None	"End session arbitration:

User: WZSCN\11004142
Session ID: 1"
Information	5/13/2021 9:25:04 AM	Microsoft-Windows-TerminalServices-LocalSessionManager	41	None	"Begin session arbitration:

User: WZSCN\11004142
Session ID: 1"
Information	5/13/2021 9:23:55 AM	Microsoft-Windows-TerminalServices-LocalSessionManager	32	None	Plugin RDSAppXPlugin has been successfully initialized
Information	5/13/2021 9:22:24 AM	Microsoft-Windows-TerminalServices-LocalSessionManager	54	None	Local multi-user session manager received system shutdown message
Information	5/13/2021 9:22:23 AM	Microsoft-Windows-TerminalServices-LocalSessionManager	23	None	"Remote Desktop Services: Session logoff succeeded:

User: WZSCN\11004142
Session ID: 1"
Information	5/12/2021 10:04:40 PM	Microsoft-Windows-TerminalServices-LocalSessionManager	22	None	"Remote Desktop Services: Shell start notification received:

User: WZSCN\11004142
Session ID: 1
Source Network Address: LOCAL"
Information	5/12/2021 10:04:39 PM	Microsoft-Windows-TerminalServices-LocalSessionManager	21	None	"Remote Desktop Services: Session logon succeeded:

User: WZSCN\11004142
Session ID: 1
Source Network Address: LOCAL"
Information	5/12/2021 10:04:29 PM	Microsoft-Windows-TerminalServices-LocalSessionManager	42	None	"End session arbitration:

User: WZSCN\11004142
Session ID: 1"
Information	5/12/2021 10:04:29 PM	Microsoft-Windows-TerminalServices-LocalSessionManager	41	None	"Begin session arbitration:

User: WZSCN\11004142
Session ID: 1"
Information	5/12/2021 10:03:09 PM	Microsoft-Windows-TerminalServices-LocalSessionManager	32	None	Plugin RDSAppXPlugin has been successfully initialized
Information	5/12/2021 10:00:27 PM	Microsoft-Windows-TerminalServices-LocalSessionManager	54	None	Local multi-user session manager received system shutdown message
Information	5/12/2021 10:00:25 PM	Microsoft-Windows-TerminalServices-LocalSessionManager	23	None	"Remote Desktop Services: Session logoff succeeded:

User: WZSCN\11004142
Session ID: 1"
Information	5/10/2021 9:25:07 AM	Microsoft-Windows-TerminalServices-LocalSessionManager	22	None	"Remote Desktop Services: Shell start notification received:

User: WZSCN\11004142
Session ID: 1
Source Network Address: LOCAL"
Information	5/10/2021 9:25:06 AM	Microsoft-Windows-TerminalServices-LocalSessionManager	21	None	"Remote Desktop Services: Session logon succeeded:

User: WZSCN\11004142
Session ID: 1
Source Network Address: LOCAL"
Information	5/10/2021 9:24:57 AM	Microsoft-Windows-TerminalServices-LocalSessionManager	42	None	"End session arbitration:

User: WZSCN\11004142
Session ID: 1"
Information	5/10/2021 9:24:57 AM	Microsoft-Windows-TerminalServices-LocalSessionManager	41	None	"Begin session arbitration:

User: WZSCN\11004142
Session ID: 1"
Information	5/10/2021 9:23:47 AM	Microsoft-Windows-TerminalServices-LocalSessionManager	32	None	Plugin RDSAppXPlugin has been successfully initialized
Information	5/10/2021 9:21:38 AM	Microsoft-Windows-TerminalServices-LocalSessionManager	54	None	Local multi-user session manager received system shutdown message
Information	5/10/2021 9:21:36 AM	Microsoft-Windows-TerminalServices-LocalSessionManager	23	None	"Remote Desktop Services: Session logoff succeeded:

User: WZSCN\11004142
Session ID: 1"
Information	5/10/2021 9:19:50 AM	Microsoft-Windows-TerminalServices-LocalSessionManager	22	None	"Remote Desktop Services: Shell start notification received:

User: WZSCN\11004142
Session ID: 1
Source Network Address: LOCAL"
Information	5/10/2021 9:19:50 AM	Microsoft-Windows-TerminalServices-LocalSessionManager	21	None	"Remote Desktop Services: Session logon succeeded:

User: WZSCN\11004142
Session ID: 1
Source Network Address: LOCAL"
Information	5/10/2021 9:19:37 AM	Microsoft-Windows-TerminalServices-LocalSessionManager	42	None	"End session arbitration:

User: WZSCN\11004142
Session ID: 1"
Information	5/10/2021 9:19:37 AM	Microsoft-Windows-TerminalServices-LocalSessionManager	41	None	"Begin session arbitration:

User: WZSCN\11004142
Session ID: 1"
Information	5/10/2021 9:17:30 AM	Microsoft-Windows-TerminalServices-LocalSessionManager	32	None	Plugin RDSAppXPlugin has been successfully initialized
Information	5/10/2021 9:06:15 AM	Microsoft-Windows-TerminalServices-LocalSessionManager	22	None	"Remote Desktop Services: Shell start notification received:

User: WZSCN\11004142
Session ID: 1
Source Network Address: LOCAL"
Information	5/10/2021 9:06:14 AM	Microsoft-Windows-TerminalServices-LocalSessionManager	21	None	"Remote Desktop Services: Session logon succeeded:

User: WZSCN\11004142
Session ID: 1
Source Network Address: LOCAL"
Information	5/10/2021 9:06:07 AM	Microsoft-Windows-TerminalServices-LocalSessionManager	42	None	"End session arbitration:

User: WZSCN\11004142
Session ID: 1"
Information	5/10/2021 9:06:07 AM	Microsoft-Windows-TerminalServices-LocalSessionManager	41	None	"Begin session arbitration:

User: WZSCN\11004142
Session ID: 1"
Information	5/10/2021 9:04:45 AM	Microsoft-Windows-TerminalServices-LocalSessionManager	32	None	Plugin RDSAppXPlugin has been successfully initialized
Information	5/10/2021 9:02:02 AM	Microsoft-Windows-TerminalServices-LocalSessionManager	54	None	Local multi-user session manager received system shutdown message
Information	5/10/2021 9:00:12 AM	Microsoft-Windows-TerminalServices-LocalSessionManager	32	None	Plugin RDSAppXPlugin has been successfully initialized
Information	5/6/2021 10:19:36 PM	Microsoft-Windows-TerminalServices-LocalSessionManager	22	None	"Remote Desktop Services: Shell start notification received:

User: WZSCN\11004142
Session ID: 1
Source Network Address: LOCAL"
Information	5/6/2021 10:19:35 PM	Microsoft-Windows-TerminalServices-LocalSessionManager	21	None	"Remote Desktop Services: Session logon succeeded:

User: WZSCN\11004142
Session ID: 1
Source Network Address: LOCAL"
Information	5/6/2021 10:19:29 PM	Microsoft-Windows-TerminalServices-LocalSessionManager	42	None	"End session arbitration:

User: WZSCN\11004142
Session ID: 1"
Information	5/6/2021 10:19:29 PM	Microsoft-Windows-TerminalServices-LocalSessionManager	41	None	"Begin session arbitration:

User: WZSCN\11004142
Session ID: 1"
Information	5/6/2021 10:18:05 PM	Microsoft-Windows-TerminalServices-LocalSessionManager	32	None	Plugin RDSAppXPlugin has been successfully initialized
Information	5/6/2021 10:09:15 PM	Microsoft-Windows-TerminalServices-LocalSessionManager	23	None	"Remote Desktop Services: Session logoff succeeded:

User: WZSCN\11004142
Session ID: 1"
Information	5/6/2021 10:09:07 PM	Microsoft-Windows-TerminalServices-LocalSessionManager	54	None	Local multi-user session manager received system shutdown message
Information	5/6/2021 2:03:16 PM	Microsoft-Windows-TerminalServices-LocalSessionManager	22	None	"Remote Desktop Services: Shell start notification received:

User: WZSCN\11004142
Session ID: 1
Source Network Address: LOCAL"
Information	5/6/2021 2:03:15 PM	Microsoft-Windows-TerminalServices-LocalSessionManager	21	None	"Remote Desktop Services: Session logon succeeded:

User: WZSCN\11004142
Session ID: 1
Source Network Address: LOCAL"
Information	5/6/2021 2:02:36 PM	Microsoft-Windows-TerminalServices-LocalSessionManager	42	None	"End session arbitration:

User: WZSCN\11004142
Session ID: 1"
Information	5/6/2021 2:02:36 PM	Microsoft-Windows-TerminalServices-LocalSessionManager	41	None	"Begin session arbitration:

User: WZSCN\11004142
Session ID: 1"
Information	5/6/2021 2:01:27 PM	Microsoft-Windows-TerminalServices-LocalSessionManager	32	None	Plugin RDSAppXPlugin has been successfully initialized
Information	5/6/2021 1:59:49 PM	Microsoft-Windows-TerminalServices-LocalSessionManager	54	None	Local multi-user session manager received system shutdown message
Information	5/6/2021 1:59:48 PM	Microsoft-Windows-TerminalServices-LocalSessionManager	23	None	"Remote Desktop Services: Session logoff succeeded:

User: WZSCN\WZSOA
Session ID: 1"
Information	5/6/2021 1:45:24 PM	Microsoft-Windows-TerminalServices-LocalSessionManager	22	None	"Remote Desktop Services: Shell start notification received:

User: WZSCN\WZSOA
Session ID: 1
Source Network Address: LOCAL"
Information	5/6/2021 1:45:24 PM	Microsoft-Windows-TerminalServices-LocalSessionManager	21	None	"Remote Desktop Services: Session logon succeeded:

User: WZSCN\WZSOA
Session ID: 1
Source Network Address: LOCAL"
Information	5/6/2021 1:45:23 PM	Microsoft-Windows-TerminalServices-LocalSessionManager	42	None	"End session arbitration:

User: WZSCN\WZSOA
Session ID: 1"
Information	5/6/2021 1:45:23 PM	Microsoft-Windows-TerminalServices-LocalSessionManager	41	None	"Begin session arbitration:

User: WZSCN\WZSOA
Session ID: 1"
Information	5/6/2021 9:18:08 AM	Microsoft-Windows-TerminalServices-LocalSessionManager	32	None	Plugin RDSAppXPlugin has been successfully initialized
Information	4/1/2021 8:18:31 AM	Microsoft-Windows-TerminalServices-LocalSessionManager	23	None	"Remote Desktop Services: Session logoff succeeded:

User: WZSCN\Z20070286
Session ID: 1"
Information	4/1/2021 8:18:27 AM	Microsoft-Windows-TerminalServices-LocalSessionManager	54	None	Local multi-user session manager received system shutdown message
Information	3/31/2021 11:03:10 PM	Microsoft-Windows-TerminalServices-LocalSessionManager	22	None	"Remote Desktop Services: Shell start notification received:

User: WZSCN\Z20070286
Session ID: 1
Source Network Address: LOCAL"
Information	3/31/2021 11:03:08 PM	Microsoft-Windows-TerminalServices-LocalSessionManager	21	None	"Remote Desktop Services: Session logon succeeded:

User: WZSCN\Z20070286
Session ID: 1
Source Network Address: LOCAL"
Information	3/31/2021 11:02:33 PM	Microsoft-Windows-TerminalServices-LocalSessionManager	42	None	"End session arbitration:

User: WZSCN\Z20070286
Session ID: 1"
Information	3/31/2021 11:02:33 PM	Microsoft-Windows-TerminalServices-LocalSessionManager	41	None	"Begin session arbitration:

User: WZSCN\Z20070286
Session ID: 1"
Information	3/31/2021 11:01:53 PM	Microsoft-Windows-TerminalServices-LocalSessionManager	32	None	Plugin RDSAppXPlugin has been successfully initialized
Information	3/31/2021 5:15:00 PM	Microsoft-Windows-TerminalServices-LocalSessionManager	54	None	Local multi-user session manager received system shutdown message
Information	3/31/2021 5:14:58 PM	Microsoft-Windows-TerminalServices-LocalSessionManager	23	None	"Remote Desktop Services: Session logoff succeeded:

User: WZSCN\Z20070286
Session ID: 1"
Information	3/29/2021 11:14:12 AM	Microsoft-Windows-TerminalServices-LocalSessionManager	22	None	"Remote Desktop Services: Shell start notification received:

User: WZSCN\Z20070286
Session ID: 1
Source Network Address: LOCAL"
Information	3/29/2021 11:14:12 AM	Microsoft-Windows-TerminalServices-LocalSessionManager	21	None	"Remote Desktop Services: Session logon succeeded:

User: WZSCN\Z20070286
Session ID: 1
Source Network Address: LOCAL"
Information	3/29/2021 11:13:56 AM	Microsoft-Windows-TerminalServices-LocalSessionManager	42	None	"End session arbitration:

User: WZSCN\Z20070286
Session ID: 1"
Information	3/29/2021 11:13:56 AM	Microsoft-Windows-TerminalServices-LocalSessionManager	41	None	"Begin session arbitration:

User: WZSCN\Z20070286
Session ID: 1"
Information	3/29/2021 11:05:01 AM	Microsoft-Windows-TerminalServices-LocalSessionManager	32	None	Plugin RDSAppXPlugin has been successfully initialized
Information	3/29/2021 11:00:59 AM	Microsoft-Windows-TerminalServices-LocalSessionManager	54	None	Local multi-user session manager received system shutdown message
Information	3/29/2021 11:00:55 AM	Microsoft-Windows-TerminalServices-LocalSessionManager	23	None	"Remote Desktop Services: Session logoff succeeded:

User: WZSCN\Z20070286
Session ID: 1"
Information	2/18/2021 8:32:41 AM	Microsoft-Windows-TerminalServices-LocalSessionManager	22	None	"Remote Desktop Services: Shell start notification received:

User: WZSCN\Z20070286
Session ID: 1
Source Network Address: LOCAL"
Information	2/18/2021 8:32:38 AM	Microsoft-Windows-TerminalServices-LocalSessionManager	21	None	"Remote Desktop Services: Session logon succeeded:

User: WZSCN\Z20070286
Session ID: 1
Source Network Address: LOCAL"
Information	2/18/2021 8:32:16 AM	Microsoft-Windows-TerminalServices-LocalSessionManager	42	None	"End session arbitration:

User: WZSCN\Z20070286
Session ID: 1"
Information	2/18/2021 8:32:16 AM	Microsoft-Windows-TerminalServices-LocalSessionManager	41	None	"Begin session arbitration:

User: WZSCN\Z20070286
Session ID: 1"
Information	2/18/2021 8:30:51 AM	Microsoft-Windows-TerminalServices-LocalSessionManager	32	None	Plugin RDSAppXPlugin has been successfully initialized
Information	1/14/2021 4:20:46 PM	Microsoft-Windows-TerminalServices-LocalSessionManager	22	None	"Remote Desktop Services: Shell start notification received:

User: WZSCN\Z20070286
Session ID: 1
Source Network Address: LOCAL"
Information	1/14/2021 4:20:44 PM	Microsoft-Windows-TerminalServices-LocalSessionManager	21	None	"Remote Desktop Services: Session logon succeeded:

User: WZSCN\Z20070286
Session ID: 1
Source Network Address: LOCAL"
Information	1/14/2021 4:20:03 PM	Microsoft-Windows-TerminalServices-LocalSessionManager	42	None	"End session arbitration:

User: WZSCN\Z20070286
Session ID: 1"
Information	1/14/2021 4:20:03 PM	Microsoft-Windows-TerminalServices-LocalSessionManager	41	None	"Begin session arbitration:

User: WZSCN\Z20070286
Session ID: 1"
Information	1/14/2021 4:19:02 PM	Microsoft-Windows-TerminalServices-LocalSessionManager	32	None	Plugin RDSAppXPlugin has been successfully initialized
Information	1/14/2021 4:16:30 PM	Microsoft-Windows-TerminalServices-LocalSessionManager	54	None	Local multi-user session manager received system shutdown message
Information	1/14/2021 4:10:29 PM	Microsoft-Windows-TerminalServices-LocalSessionManager	23	None	"Remote Desktop Services: Session logoff succeeded:

User: WZSCN\Z20070286
Session ID: 1"
Information	1/12/2021 1:36:41 PM	Microsoft-Windows-TerminalServices-LocalSessionManager	22	None	"Remote Desktop Services: Shell start notification received:

User: WZSCN\Z20070286
Session ID: 1
Source Network Address: LOCAL"
Information	1/12/2021 1:36:40 PM	Microsoft-Windows-TerminalServices-LocalSessionManager	21	None	"Remote Desktop Services: Session logon succeeded:

User: WZSCN\Z20070286
Session ID: 1
Source Network Address: LOCAL"
Information	1/12/2021 1:36:14 PM	Microsoft-Windows-TerminalServices-LocalSessionManager	42	None	"End session arbitration:

User: WZSCN\Z20070286
Session ID: 1"
Information	1/12/2021 1:36:14 PM	Microsoft-Windows-TerminalServices-LocalSessionManager	41	None	"Begin session arbitration:

User: WZSCN\Z20070286
Session ID: 1"
Information	1/12/2021 1:35:20 PM	Microsoft-Windows-TerminalServices-LocalSessionManager	32	None	Plugin RDSAppXPlugin has been successfully initialized
Information	1/12/2021 1:32:34 PM	Microsoft-Windows-TerminalServices-LocalSessionManager	54	None	Local multi-user session manager received system shutdown message
Information	1/12/2021 1:32:27 PM	Microsoft-Windows-TerminalServices-LocalSessionManager	23	None	"Remote Desktop Services: Session logoff succeeded:

User: WZSCN\Z20070286
Session ID: 1"
Information	1/7/2021 2:37:09 PM	Microsoft-Windows-TerminalServices-LocalSessionManager	22	None	"Remote Desktop Services: Shell start notification received:

User: WZSCN\Z20070286
Session ID: 1
Source Network Address: LOCAL"
Information	1/7/2021 2:37:09 PM	Microsoft-Windows-TerminalServices-LocalSessionManager	21	None	"Remote Desktop Services: Session logon succeeded:

User: WZSCN\Z20070286
Session ID: 1
Source Network Address: LOCAL"
Information	1/7/2021 2:36:36 PM	Microsoft-Windows-TerminalServices-LocalSessionManager	42	None	"End session arbitration:

User: WZSCN\Z20070286
Session ID: 1"
Information	1/7/2021 2:36:36 PM	Microsoft-Windows-TerminalServices-LocalSessionManager	41	None	"Begin session arbitration:

User: WZSCN\Z20070286
Session ID: 1"
Information	1/7/2021 2:35:58 PM	Microsoft-Windows-TerminalServices-LocalSessionManager	32	None	Plugin RDSAppXPlugin has been successfully initialized
Information	1/7/2021 2:34:14 PM	Microsoft-Windows-TerminalServices-LocalSessionManager	23	None	"Remote Desktop Services: Session logoff succeeded:

User: WZSCN\Z20070285
Session ID: 1"
Information	1/7/2021 2:34:04 PM	Microsoft-Windows-TerminalServices-LocalSessionManager	54	None	Local multi-user session manager received system shutdown message
Information	1/7/2021 2:34:03 PM	Microsoft-Windows-TerminalServices-LocalSessionManager	23	None	"Remote Desktop Services: Session logoff succeeded:

User: WZSCN\Z20070286
Session ID: 2"
Information	1/7/2021 2:32:07 PM	Microsoft-Windows-TerminalServices-LocalSessionManager	22	None	"Remote Desktop Services: Shell start notification received:

User: WZSCN\Z20070286
Session ID: 2
Source Network Address: LOCAL"
Information	1/7/2021 2:32:07 PM	Microsoft-Windows-TerminalServices-LocalSessionManager	21	None	"Remote Desktop Services: Session logon succeeded:

User: WZSCN\Z20070286
Session ID: 2
Source Network Address: LOCAL"
Information	1/7/2021 2:31:34 PM	Microsoft-Windows-TerminalServices-LocalSessionManager	42	None	"End session arbitration:

User: WZSCN\Z20070286
Session ID: 2"
Information	1/7/2021 2:31:34 PM	Microsoft-Windows-TerminalServices-LocalSessionManager	41	None	"Begin session arbitration:

User: WZSCN\Z20070286
Session ID: 2"
Information	1/7/2021 2:30:51 PM	Microsoft-Windows-TerminalServices-LocalSessionManager	24	None	"Remote Desktop Services: Session has been disconnected:

User: WZSCN\Z20070285
Session ID: 1
Source Network Address: LOCAL"
Information	1/7/2021 2:30:51 PM	Microsoft-Windows-TerminalServices-LocalSessionManager	40	None	Session 1 has been disconnected, reason code 11
Information	1/7/2021 2:30:51 PM	Microsoft-Windows-TerminalServices-LocalSessionManager	39	None	Session 1 has been disconnected by session 1
Information	1/7/2021 2:26:25 PM	Microsoft-Windows-TerminalServices-LocalSessionManager	22	None	"Remote Desktop Services: Shell start notification received:

User: WZSCN\Z20070285
Session ID: 1
Source Network Address: LOCAL"
Information	1/7/2021 2:26:25 PM	Microsoft-Windows-TerminalServices-LocalSessionManager	21	None	"Remote Desktop Services: Session logon succeeded:

User: WZSCN\Z20070285
Session ID: 1
Source Network Address: LOCAL"
Information	1/7/2021 2:26:24 PM	Microsoft-Windows-TerminalServices-LocalSessionManager	42	None	"End session arbitration:

User: WZSCN\Z20070285
Session ID: 1"
Information	1/7/2021 2:26:24 PM	Microsoft-Windows-TerminalServices-LocalSessionManager	41	None	"Begin session arbitration:

User: WZSCN\Z20070285
Session ID: 1"
Information	1/7/2021 2:25:35 PM	Microsoft-Windows-TerminalServices-LocalSessionManager	32	None	Plugin RDSAppXPlugin has been successfully initialized
Information	1/7/2021 2:22:39 PM	Microsoft-Windows-TerminalServices-LocalSessionManager	23	None	"Remote Desktop Services: Session logoff succeeded:

User: WZSCN\Z20070286
Session ID: 1"
Information	1/7/2021 2:21:59 PM	Microsoft-Windows-TerminalServices-LocalSessionManager	54	None	Local multi-user session manager received system shutdown message
Information	1/7/2021 2:21:58 PM	Microsoft-Windows-TerminalServices-LocalSessionManager	23	None	"Remote Desktop Services: Session logoff succeeded:

User: WZSCN\Z20070285
Session ID: 2"
Information	1/7/2021 2:21:13 PM	Microsoft-Windows-TerminalServices-LocalSessionManager	42	None	"End session arbitration:

User: WZSCN\Z20070285
Session ID: 3"
Information	1/7/2021 2:21:13 PM	Microsoft-Windows-TerminalServices-LocalSessionManager	25	None	"Remote Desktop Services: Session reconnection succeeded:

User: WZSCN\Z20070285
Session ID: 2
Source Network Address: LOCAL"
Information	1/7/2021 2:21:12 PM	Microsoft-Windows-TerminalServices-LocalSessionManager	40	None	Session 2 has been disconnected, reason code 5
Information	1/7/2021 2:21:12 PM	Microsoft-Windows-TerminalServices-LocalSessionManager	40	None	Session 3 has been disconnected, reason code 0
Information	1/7/2021 2:21:12 PM	Microsoft-Windows-TerminalServices-LocalSessionManager	41	None	"Begin session arbitration:

User: WZSCN\Z20070285
Session ID: 3"
Information	1/7/2021 2:21:03 PM	Microsoft-Windows-TerminalServices-LocalSessionManager	24	None	"Remote Desktop Services: Session has been disconnected:

User: WZSCN\Z20070286
Session ID: 1
Source Network Address: LOCAL"
Information	1/7/2021 2:21:03 PM	Microsoft-Windows-TerminalServices-LocalSessionManager	40	None	Session 1 has been disconnected, reason code 11
Information	1/7/2021 2:21:03 PM	Microsoft-Windows-TerminalServices-LocalSessionManager	39	None	Session 1 has been disconnected by session 1
Information	1/7/2021 2:20:38 PM	Microsoft-Windows-TerminalServices-LocalSessionManager	42	None	"End session arbitration:

User: WZSCN\Z20070286
Session ID: 3"
Information	1/7/2021 2:20:38 PM	Microsoft-Windows-TerminalServices-LocalSessionManager	25	None	"Remote Desktop Services: Session reconnection succeeded:

User: WZSCN\Z20070286
Session ID: 1
Source Network Address: LOCAL"
Information	1/7/2021 2:20:38 PM	Microsoft-Windows-TerminalServices-LocalSessionManager	40	None	Session 1 has been disconnected, reason code 5
Information	1/7/2021 2:20:37 PM	Microsoft-Windows-TerminalServices-LocalSessionManager	40	None	Session 3 has been disconnected, reason code 0
Information	1/7/2021 2:20:37 PM	Microsoft-Windows-TerminalServices-LocalSessionManager	41	None	"Begin session arbitration:

User: WZSCN\Z20070286
Session ID: 3"
Information	1/7/2021 2:20:02 PM	Microsoft-Windows-TerminalServices-LocalSessionManager	24	None	"Remote Desktop Services: Session has been disconnected:

User: WZSCN\Z20070285
Session ID: 2
Source Network Address: LOCAL"
Information	1/7/2021 2:20:02 PM	Microsoft-Windows-TerminalServices-LocalSessionManager	40	None	Session 2 has been disconnected, reason code 11
Information	1/7/2021 2:20:02 PM	Microsoft-Windows-TerminalServices-LocalSessionManager	39	None	Session 2 has been disconnected by session 2
Information	1/7/2021 2:19:53 PM	Microsoft-Windows-TerminalServices-LocalSessionManager	42	None	"End session arbitration:

User: WZSCN\Z20070285
Session ID: 3"
Information	1/7/2021 2:19:53 PM	Microsoft-Windows-TerminalServices-LocalSessionManager	25	None	"Remote Desktop Services: Session reconnection succeeded:

User: WZSCN\Z20070285
Session ID: 2
Source Network Address: LOCAL"
Information	1/7/2021 2:19:52 PM	Microsoft-Windows-TerminalServices-LocalSessionManager	40	None	Session 2 has been disconnected, reason code 5
Information	1/7/2021 2:19:52 PM	Microsoft-Windows-TerminalServices-LocalSessionManager	40	None	Session 3 has been disconnected, reason code 0
Information	1/7/2021 2:19:52 PM	Microsoft-Windows-TerminalServices-LocalSessionManager	41	None	"Begin session arbitration:

User: WZSCN\Z20070285
Session ID: 3"
Information	1/7/2021 2:19:16 PM	Microsoft-Windows-TerminalServices-LocalSessionManager	24	None	"Remote Desktop Services: Session has been disconnected:

User: WZSCN\Z20070285
Session ID: 2
Source Network Address: LOCAL"
Information	1/7/2021 2:19:16 PM	Microsoft-Windows-TerminalServices-LocalSessionManager	40	None	Session 2 has been disconnected, reason code 11
Information	1/7/2021 2:19:16 PM	Microsoft-Windows-TerminalServices-LocalSessionManager	39	None	Session 2 has been disconnected by session 2
Information	1/7/2021 1:59:35 PM	Microsoft-Windows-TerminalServices-LocalSessionManager	22	None	"Remote Desktop Services: Shell start notification received:

User: WZSCN\Z20070285
Session ID: 2
Source Network Address: LOCAL"
Information	1/7/2021 1:59:33 PM	Microsoft-Windows-TerminalServices-LocalSessionManager	21	None	"Remote Desktop Services: Session logon succeeded:

User: WZSCN\Z20070285
Session ID: 2
Source Network Address: LOCAL"
Information	1/7/2021 1:57:41 PM	Microsoft-Windows-TerminalServices-LocalSessionManager	42	None	"End session arbitration:

User: WZSCN\Z20070285
Session ID: 2"
Information	1/7/2021 1:57:41 PM	Microsoft-Windows-TerminalServices-LocalSessionManager	41	None	"Begin session arbitration:

User: WZSCN\Z20070285
Session ID: 2"
Information	1/7/2021 1:57:37 PM	Microsoft-Windows-TerminalServices-LocalSessionManager	24	None	"Remote Desktop Services: Session has been disconnected:

User: WZSCN\Z20070286
Session ID: 1
Source Network Address: LOCAL"
Information	1/7/2021 1:57:37 PM	Microsoft-Windows-TerminalServices-LocalSessionManager	40	None	Session 2 has been disconnected, reason code 11
Information	1/7/2021 1:57:35 PM	Microsoft-Windows-TerminalServices-LocalSessionManager	40	None	Session 1 has been disconnected, reason code 11
Information	1/7/2021 1:57:35 PM	Microsoft-Windows-TerminalServices-LocalSessionManager	39	None	Session 1 has been disconnected by session 1
Information	1/4/2021 7:59:46 AM	Microsoft-Windows-TerminalServices-LocalSessionManager	22	None	"Remote Desktop Services: Shell start notification received:

User: WZSCN\Z20070286
Session ID: 1
Source Network Address: LOCAL"
Information	1/4/2021 7:59:46 AM	Microsoft-Windows-TerminalServices-LocalSessionManager	21	None	"Remote Desktop Services: Session logon succeeded:

User: WZSCN\Z20070286
Session ID: 1
Source Network Address: LOCAL"
Information	1/4/2021 7:59:14 AM	Microsoft-Windows-TerminalServices-LocalSessionManager	42	None	"End session arbitration:

User: WZSCN\Z20070286
Session ID: 1"
Information	1/4/2021 7:59:14 AM	Microsoft-Windows-TerminalServices-LocalSessionManager	41	None	"Begin session arbitration:

User: WZSCN\Z20070286
Session ID: 1"
Information	1/4/2021 7:58:34 AM	Microsoft-Windows-TerminalServices-LocalSessionManager	32	None	Plugin RDSAppXPlugin has been successfully initialized
Information	12/31/2020 5:40:58 PM	Microsoft-Windows-TerminalServices-LocalSessionManager	54	None	Local multi-user session manager received system shutdown message
Information	12/31/2020 5:40:56 PM	Microsoft-Windows-TerminalServices-LocalSessionManager	23	None	"Remote Desktop Services: Session logoff succeeded:

User: WZSCN\Z20070286
Session ID: 1"
Information	12/25/2020 8:10:06 AM	Microsoft-Windows-TerminalServices-LocalSessionManager	22	None	"Remote Desktop Services: Shell start notification received:

User: WZSCN\Z20070286
Session ID: 1
Source Network Address: LOCAL"
Information	12/25/2020 8:10:06 AM	Microsoft-Windows-TerminalServices-LocalSessionManager	21	None	"Remote Desktop Services: Session logon succeeded:

User: WZSCN\Z20070286
Session ID: 1
Source Network Address: LOCAL"
Information	12/25/2020 8:09:48 AM	Microsoft-Windows-TerminalServices-LocalSessionManager	42	None	"End session arbitration:

User: WZSCN\Z20070286
Session ID: 1"
Information	12/25/2020 8:09:48 AM	Microsoft-Windows-TerminalServices-LocalSessionManager	41	None	"Begin session arbitration:

User: WZSCN\Z20070286
Session ID: 1"
Information	12/25/2020 8:09:04 AM	Microsoft-Windows-TerminalServices-LocalSessionManager	32	None	Plugin RDSAppXPlugin has been successfully initialized
Information	12/25/2020 8:06:44 AM	Microsoft-Windows-TerminalServices-LocalSessionManager	54	None	Local multi-user session manager received system shutdown message
Information	12/25/2020 8:06:41 AM	Microsoft-Windows-TerminalServices-LocalSessionManager	23	None	"Remote Desktop Services: Session logoff succeeded:

User: WZSCN\Z20070286
Session ID: 1"
Information	12/17/2020 4:17:55 PM	Microsoft-Windows-TerminalServices-LocalSessionManager	22	None	"Remote Desktop Services: Shell start notification received:

User: WZSCN\Z20070286
Session ID: 1
Source Network Address: LOCAL"
Information	12/17/2020 4:17:54 PM	Microsoft-Windows-TerminalServices-LocalSessionManager	21	None	"Remote Desktop Services: Session logon succeeded:

User: WZSCN\Z20070286
Session ID: 1
Source Network Address: LOCAL"
Information	12/17/2020 4:17:06 PM	Microsoft-Windows-TerminalServices-LocalSessionManager	42	None	"End session arbitration:

User: WZSCN\Z20070286
Session ID: 1"
Information	12/17/2020 4:17:06 PM	Microsoft-Windows-TerminalServices-LocalSessionManager	41	None	"Begin session arbitration:

User: WZSCN\Z20070286
Session ID: 1"
Information	12/17/2020 4:15:57 PM	Microsoft-Windows-TerminalServices-LocalSessionManager	32	None	Plugin RDSAppXPlugin has been successfully initialized
Information	12/17/2020 4:12:30 PM	Microsoft-Windows-TerminalServices-LocalSessionManager	54	None	Local multi-user session manager received system shutdown message
Information	12/17/2020 4:12:24 PM	Microsoft-Windows-TerminalServices-LocalSessionManager	23	None	"Remote Desktop Services: Session logoff succeeded:

User: WZSCN\Z20070286
Session ID: 1"
Information	12/3/2020 1:48:24 PM	Microsoft-Windows-TerminalServices-LocalSessionManager	22	None	"Remote Desktop Services: Shell start notification received:

User: WZSCN\Z20070286
Session ID: 1
Source Network Address: LOCAL"
Information	12/3/2020 1:48:23 PM	Microsoft-Windows-TerminalServices-LocalSessionManager	21	None	"Remote Desktop Services: Session logon succeeded:

User: WZSCN\Z20070286
Session ID: 1
Source Network Address: LOCAL"
Information	12/3/2020 1:48:05 PM	Microsoft-Windows-TerminalServices-LocalSessionManager	42	None	"End session arbitration:

User: WZSCN\Z20070286
Session ID: 1"
