Information	9/7/2022 10:22:28 AM	Microsoft-Windows-TerminalServices-LocalSessionManager	22	None	"Remote Desktop Services: Shell start notification received:

User: WZSCN\11004142
Session ID: 1
Source Network Address: LOCAL"
Information	9/7/2022 10:22:25 AM	Microsoft-Windows-TerminalServices-LocalSessionManager	21	None	"Remote Desktop Services: Session logon succeeded:

User: WZSCN\11004142
Session ID: 1
Source Network Address: LOCAL"
Information	9/7/2022 10:21:50 AM	Microsoft-Windows-TerminalServices-LocalSessionManager	42	None	"End session arbitration:

User: WZSCN\11004142
Session ID: 1"
Information	9/7/2022 10:21:50 AM	Microsoft-Windows-TerminalServices-LocalSessionManager	41	None	"Begin session arbitration:

User: WZSCN\11004142
Session ID: 1"
Information	9/7/2022 10:20:01 AM	Microsoft-Windows-TerminalServices-LocalSessionManager	32	None	Plugin RDSAppXPlugin has been successfully initialized
Error	9/7/2022 10:18:26 AM	Microsoft-Windows-TerminalServices-LocalSessionManager	17	None	Remote Desktop Service start failed. The relevant status code was 0x8007045B.
Information	9/7/2022 10:17:28 AM	Microsoft-Windows-TerminalServices-LocalSessionManager	54	None	Local multi-user session manager received system shutdown message
Information	9/7/2022 10:17:27 AM	Microsoft-Windows-TerminalServices-LocalSessionManager	23	None	"Remote Desktop Services: Session logoff succeeded:

User: WZSCN\11004142
Session ID: 1"
Information	9/7/2022 9:57:39 AM	Microsoft-Windows-TerminalServices-LocalSessionManager	22	None	"Remote Desktop Services: Shell start notification received:

User: WZSCN\11004142
Session ID: 1
Source Network Address: LOCAL"
Information	9/7/2022 9:57:39 AM	Microsoft-Windows-TerminalServices-LocalSessionManager	21	None	"Remote Desktop Services: Session logon succeeded:

User: WZSCN\11004142
Session ID: 1
Source Network Address: LOCAL"
Information	9/7/2022 9:56:57 AM	Microsoft-Windows-TerminalServices-LocalSessionManager	42	None	"End session arbitration:

User: WZSCN\11004142
Session ID: 1"
Information	9/7/2022 9:56:57 AM	Microsoft-Windows-TerminalServices-LocalSessionManager	41	None	"Begin session arbitration:

User: WZSCN\11004142
Session ID: 1"
Information	9/7/2022 9:55:33 AM	Microsoft-Windows-TerminalServices-LocalSessionManager	32	None	Plugin RDSAppXPlugin has been successfully initialized
Information	9/7/2022 9:53:06 AM	Microsoft-Windows-TerminalServices-LocalSessionManager	54	None	Local multi-user session manager received system shutdown message
Information	9/7/2022 9:53:05 AM	Microsoft-Windows-TerminalServices-LocalSessionManager	23	None	"Remote Desktop Services: Session logoff succeeded:

User: WZSCN\11004142
Session ID: 1"
Information	9/7/2022 8:35:43 AM	Microsoft-Windows-TerminalServices-LocalSessionManager	22	None	"Remote Desktop Services: Shell start notification received:

User: WZSCN\11004142
Session ID: 1
Source Network Address: LOCAL"
Information	9/7/2022 8:35:42 AM	Microsoft-Windows-TerminalServices-LocalSessionManager	21	None	"Remote Desktop Services: Session logon succeeded:

User: WZSCN\11004142
Session ID: 1
Source Network Address: LOCAL"
Information	9/7/2022 8:35:08 AM	Microsoft-Windows-TerminalServices-LocalSessionManager	42	None	"End session arbitration:

User: WZSCN\11004142
Session ID: 1"
Information	9/7/2022 8:35:08 AM	Microsoft-Windows-TerminalServices-LocalSessionManager	41	None	"Begin session arbitration:

User: WZSCN\11004142
Session ID: 1"
Information	9/7/2022 8:33:53 AM	Microsoft-Windows-TerminalServices-LocalSessionManager	32	None	Plugin RDSAppXPlugin has been successfully initialized
Information	9/7/2022 1:44:51 AM	Microsoft-Windows-TerminalServices-LocalSessionManager	54	None	Local multi-user session manager received system shutdown message
Information	9/7/2022 1:44:49 AM	Microsoft-Windows-TerminalServices-LocalSessionManager	23	None	"Remote Desktop Services: Session logoff succeeded:

User: WZSCN\11004142
Session ID: 1"
Information	9/5/2022 4:17:11 PM	Microsoft-Windows-TerminalServices-LocalSessionManager	22	None	"Remote Desktop Services: Shell start notification received:

User: WZSCN\11004142
Session ID: 1
Source Network Address: LOCAL"
Information	9/5/2022 4:17:10 PM	Microsoft-Windows-TerminalServices-LocalSessionManager	21	None	"Remote Desktop Services: Session logon succeeded:

User: WZSCN\11004142
Session ID: 1
Source Network Address: LOCAL"
Information	9/5/2022 4:16:40 PM	Microsoft-Windows-TerminalServices-LocalSessionManager	42	None	"End session arbitration:

User: WZSCN\11004142
Session ID: 1"
Information	9/5/2022 4:16:40 PM	Microsoft-Windows-TerminalServices-LocalSessionManager	41	None	"Begin session arbitration:

User: WZSCN\11004142
Session ID: 1"
Information	9/5/2022 4:14:17 PM	Microsoft-Windows-TerminalServices-LocalSessionManager	32	None	Plugin RDSAppXPlugin has been successfully initialized
Information	9/5/2022 4:10:07 PM	Microsoft-Windows-TerminalServices-LocalSessionManager	54	None	Local multi-user session manager received system shutdown message
Information	9/5/2022 4:10:01 PM	Microsoft-Windows-TerminalServices-LocalSessionManager	23	None	"Remote Desktop Services: Session logoff succeeded:

User: WZSCN\11004142
Session ID: 1"
Information	8/26/2022 8:10:58 AM	Microsoft-Windows-TerminalServices-LocalSessionManager	22	None	"Remote Desktop Services: Shell start notification received:

User: WZSCN\11004142
Session ID: 1
Source Network Address: LOCAL"
Information	8/26/2022 8:10:57 AM	Microsoft-Windows-TerminalServices-LocalSessionManager	21	None	"Remote Desktop Services: Session logon succeeded:

User: WZSCN\11004142
Session ID: 1
Source Network Address: LOCAL"
Information	8/26/2022 8:10:13 AM	Microsoft-Windows-TerminalServices-LocalSessionManager	42	None	"End session arbitration:

User: WZSCN\11004142
Session ID: 1"
Information	8/26/2022 8:10:13 AM	Microsoft-Windows-TerminalServices-LocalSessionManager	41	None	"Begin session arbitration:

User: WZSCN\11004142
Session ID: 1"
Information	8/26/2022 8:08:22 AM	Microsoft-Windows-TerminalServices-LocalSessionManager	32	None	Plugin RDSAppXPlugin has been successfully initialized
Information	8/26/2022 12:31:13 AM	Microsoft-Windows-TerminalServices-LocalSessionManager	54	None	Local multi-user session manager received system shutdown message
Information	8/26/2022 12:31:12 AM	Microsoft-Windows-TerminalServices-LocalSessionManager	23	None	"Remote Desktop Services: Session logoff succeeded:

User: WZSCN\11004142
Session ID: 1"
Information	8/25/2022 8:57:46 AM	Microsoft-Windows-TerminalServices-LocalSessionManager	22	None	"Remote Desktop Services: Shell start notification received:

User: WZSCN\11004142
Session ID: 1
Source Network Address: LOCAL"
Information	8/25/2022 8:57:43 AM	Microsoft-Windows-TerminalServices-LocalSessionManager	21	None	"Remote Desktop Services: Session logon succeeded:

User: WZSCN\11004142
Session ID: 1
Source Network Address: LOCAL"
Information	8/25/2022 8:56:59 AM	Microsoft-Windows-TerminalServices-LocalSessionManager	42	None	"End session arbitration:

User: WZSCN\11004142
Session ID: 1"
Information	8/25/2022 8:56:59 AM	Microsoft-Windows-TerminalServices-LocalSessionManager	41	None	"Begin session arbitration:

User: WZSCN\11004142
Session ID: 1"
Information	8/25/2022 8:55:45 AM	Microsoft-Windows-TerminalServices-LocalSessionManager	32	None	Plugin RDSAppXPlugin has been successfully initialized
Information	8/25/2022 1:22:00 AM	Microsoft-Windows-TerminalServices-LocalSessionManager	54	None	Local multi-user session manager received system shutdown message
Information	8/25/2022 1:21:56 AM	Microsoft-Windows-TerminalServices-LocalSessionManager	23	None	"Remote Desktop Services: Session logoff succeeded:

User: WZSCN\11004142
Session ID: 1"
Information	8/19/2022 2:55:05 PM	Microsoft-Windows-TerminalServices-LocalSessionManager	22	None	"Remote Desktop Services: Shell start notification received:

User: WZSCN\11004142
Session ID: 1
Source Network Address: LOCAL"
Information	8/19/2022 2:55:04 PM	Microsoft-Windows-TerminalServices-LocalSessionManager	21	None	"Remote Desktop Services: Session logon succeeded:

User: WZSCN\11004142
Session ID: 1
Source Network Address: LOCAL"
Information	8/19/2022 2:54:41 PM	Microsoft-Windows-TerminalServices-LocalSessionManager	42	None	"End session arbitration:

User: WZSCN\11004142
Session ID: 1"
Information	8/19/2022 2:54:41 PM	Microsoft-Windows-TerminalServices-LocalSessionManager	41	None	"Begin session arbitration:

User: WZSCN\11004142
Session ID: 1"
Information	8/19/2022 2:52:33 PM	Microsoft-Windows-TerminalServices-LocalSessionManager	32	None	Plugin RDSAppXPlugin has been successfully initialized
Information	8/19/2022 2:44:42 PM	Microsoft-Windows-TerminalServices-LocalSessionManager	54	None	Local multi-user session manager received system shutdown message
Information	8/19/2022 2:44:37 PM	Microsoft-Windows-TerminalServices-LocalSessionManager	23	None	"Remote Desktop Services: Session logoff succeeded:

User: WZSCN\11004142
Session ID: 1"
Information	8/19/2022 8:26:00 AM	Microsoft-Windows-TerminalServices-LocalSessionManager	22	None	"Remote Desktop Services: Shell start notification received:

User: WZSCN\11004142
Session ID: 1
Source Network Address: LOCAL"
Information	8/19/2022 8:25:59 AM	Microsoft-Windows-TerminalServices-LocalSessionManager	21	None	"Remote Desktop Services: Session logon succeeded:

User: WZSCN\11004142
Session ID: 1
Source Network Address: LOCAL"
Information	8/19/2022 8:25:11 AM	Microsoft-Windows-TerminalServices-LocalSessionManager	42	None	"End session arbitration:

User: WZSCN\11004142
Session ID: 1"
Information	8/19/2022 8:25:11 AM	Microsoft-Windows-TerminalServices-LocalSessionManager	41	None	"Begin session arbitration:

User: WZSCN\11004142
Session ID: 1"
Information	8/19/2022 8:23:20 AM	Microsoft-Windows-TerminalServices-LocalSessionManager	32	None	Plugin RDSAppXPlugin has been successfully initialized
Information	8/18/2022 11:11:38 PM	Microsoft-Windows-TerminalServices-LocalSessionManager	54	None	Local multi-user session manager received system shutdown message
Information	8/18/2022 11:11:34 PM	Microsoft-Windows-TerminalServices-LocalSessionManager	23	None	"Remote Desktop Services: Session logoff succeeded:

User: WZSCN\11004142
Session ID: 1"
Information	8/11/2022 8:13:32 AM	Microsoft-Windows-TerminalServices-LocalSessionManager	22	None	"Remote Desktop Services: Shell start notification received:

User: WZSCN\11004142
Session ID: 1
Source Network Address: LOCAL"
Information	8/11/2022 8:13:32 AM	Microsoft-Windows-TerminalServices-LocalSessionManager	21	None	"Remote Desktop Services: Session logon succeeded:

User: WZSCN\11004142
Session ID: 1
Source Network Address: LOCAL"
Information	8/11/2022 8:13:06 AM	Microsoft-Windows-TerminalServices-LocalSessionManager	42	None	"End session arbitration:

User: WZSCN\11004142
Session ID: 1"
Information	8/11/2022 8:13:06 AM	Microsoft-Windows-TerminalServices-LocalSessionManager	41	None	"Begin session arbitration:

User: WZSCN\11004142
Session ID: 1"
Information	8/11/2022 8:11:11 AM	Microsoft-Windows-TerminalServices-LocalSessionManager	32	None	Plugin RDSAppXPlugin has been successfully initialized
Information	8/11/2022 6:48:04 AM	Microsoft-Windows-TerminalServices-LocalSessionManager	54	None	Local multi-user session manager received system shutdown message
Information	8/11/2022 6:47:56 AM	Microsoft-Windows-TerminalServices-LocalSessionManager	23	None	"Remote Desktop Services: Session logoff succeeded:

User: WZSCN\11004142
Session ID: 1"
Information	8/1/2022 1:46:22 PM	Microsoft-Windows-TerminalServices-LocalSessionManager	22	None	"Remote Desktop Services: Shell start notification received:

User: WZSCN\11004142
Session ID: 1
Source Network Address: LOCAL"
Information	8/1/2022 1:46:21 PM	Microsoft-Windows-TerminalServices-LocalSessionManager	21	None	"Remote Desktop Services: Session logon succeeded:

User: WZSCN\11004142
Session ID: 1
Source Network Address: LOCAL"
Information	8/1/2022 1:45:42 PM	Microsoft-Windows-TerminalServices-LocalSessionManager	42	None	"End session arbitration:

User: WZSCN\11004142
Session ID: 1"
Information	8/1/2022 1:45:42 PM	Microsoft-Windows-TerminalServices-LocalSessionManager	41	None	"Begin session arbitration:

User: WZSCN\11004142
Session ID: 1"
Information	8/1/2022 1:44:32 PM	Microsoft-Windows-TerminalServices-LocalSessionManager	32	None	Plugin RDSAppXPlugin has been successfully initialized
Information	7/21/2022 8:03:40 AM	Microsoft-Windows-TerminalServices-LocalSessionManager	22	None	"Remote Desktop Services: Shell start notification received:

User: WZSCN\11004142
Session ID: 1
Source Network Address: LOCAL"
Information	7/21/2022 8:03:40 AM	Microsoft-Windows-TerminalServices-LocalSessionManager	21	None	"Remote Desktop Services: Session logon succeeded:

User: WZSCN\11004142
Session ID: 1
Source Network Address: LOCAL"
Information	7/21/2022 8:03:33 AM	Microsoft-Windows-TerminalServices-LocalSessionManager	42	None	"End session arbitration:

User: WZSCN\11004142
Session ID: 1"
Information	7/21/2022 8:03:33 AM	Microsoft-Windows-TerminalServices-LocalSessionManager	41	None	"Begin session arbitration:

User: WZSCN\11004142
Session ID: 1"
Information	7/21/2022 6:42:37 AM	Microsoft-Windows-TerminalServices-LocalSessionManager	32	None	Plugin RDSAppXPlugin has been successfully initialized
Information	7/21/2022 6:39:49 AM	Microsoft-Windows-TerminalServices-LocalSessionManager	54	None	Local multi-user session manager received system shutdown message
Information	7/21/2022 6:39:42 AM	Microsoft-Windows-TerminalServices-LocalSessionManager	23	None	"Remote Desktop Services: Session logoff succeeded:

User: WZSCN\11004142
Session ID: 1"
Information	7/19/2022 8:30:53 AM	Microsoft-Windows-TerminalServices-LocalSessionManager	22	None	"Remote Desktop Services: Shell start notification received:

User: WZSCN\11004142
Session ID: 1
Source Network Address: LOCAL"
Information	7/19/2022 8:30:52 AM	Microsoft-Windows-TerminalServices-LocalSessionManager	21	None	"Remote Desktop Services: Session logon succeeded:

User: WZSCN\11004142
Session ID: 1
Source Network Address: LOCAL"
Information	7/19/2022 8:30:41 AM	Microsoft-Windows-TerminalServices-LocalSessionManager	42	None	"End session arbitration:

User: WZSCN\11004142
Session ID: 1"
Information	7/19/2022 8:30:41 AM	Microsoft-Windows-TerminalServices-LocalSessionManager	41	None	"Begin session arbitration:

User: WZSCN\11004142
Session ID: 1"
Information	7/18/2022 5:17:12 PM	Microsoft-Windows-TerminalServices-LocalSessionManager	32	None	Plugin RDSAppXPlugin has been successfully initialized
Information	7/7/2022 8:34:22 AM	Microsoft-Windows-TerminalServices-LocalSessionManager	22	None	"Remote Desktop Services: Shell start notification received:

User: WZSCN\11004142
Session ID: 1
Source Network Address: LOCAL"
Information	7/7/2022 8:34:20 AM	Microsoft-Windows-TerminalServices-LocalSessionManager	21	None	"Remote Desktop Services: Session logon succeeded:

User: WZSCN\11004142
Session ID: 1
Source Network Address: LOCAL"
Information	7/7/2022 8:33:23 AM	Microsoft-Windows-TerminalServices-LocalSessionManager	42	None	"End session arbitration:

User: WZSCN\11004142
Session ID: 1"
Information	7/7/2022 8:33:23 AM	Microsoft-Windows-TerminalServices-LocalSessionManager	41	None	"Begin session arbitration:

User: WZSCN\11004142
Session ID: 1"
Information	7/7/2022 8:31:58 AM	Microsoft-Windows-TerminalServices-LocalSessionManager	32	None	Plugin RDSAppXPlugin has been successfully initialized
Information	7/7/2022 4:30:07 AM	Microsoft-Windows-TerminalServices-LocalSessionManager	54	None	Local multi-user session manager received system shutdown message
Information	7/7/2022 4:30:03 AM	Microsoft-Windows-TerminalServices-LocalSessionManager	23	None	"Remote Desktop Services: Session logoff succeeded:

User: WZSCN\11004142
Session ID: 1"
Information	6/27/2022 9:14:54 AM	Microsoft-Windows-TerminalServices-LocalSessionManager	22	None	"Remote Desktop Services: Shell start notification received:

User: WZSCN\11004142
Session ID: 1
Source Network Address: LOCAL"
Information	6/27/2022 9:14:51 AM	Microsoft-Windows-TerminalServices-LocalSessionManager	21	None	"Remote Desktop Services: Session logon succeeded:

User: WZSCN\11004142
Session ID: 1
Source Network Address: LOCAL"
Information	6/27/2022 9:13:59 AM	Microsoft-Windows-TerminalServices-LocalSessionManager	42	None	"End session arbitration:

User: WZSCN\11004142
Session ID: 1"
Information	6/27/2022 9:13:59 AM	Microsoft-Windows-TerminalServices-LocalSessionManager	41	None	"Begin session arbitration:

User: WZSCN\11004142
Session ID: 1"
Information	6/27/2022 9:12:37 AM	Microsoft-Windows-TerminalServices-LocalSessionManager	32	None	Plugin RDSAppXPlugin has been successfully initialized
Information	6/27/2022 9:10:24 AM	Microsoft-Windows-TerminalServices-LocalSessionManager	54	None	Local multi-user session manager received system shutdown message
Information	6/27/2022 9:10:21 AM	Microsoft-Windows-TerminalServices-LocalSessionManager	23	None	"Remote Desktop Services: Session logoff succeeded:

User: WZSCN\11004142
Session ID: 1"
Information	6/26/2022 9:53:10 PM	Microsoft-Windows-TerminalServices-LocalSessionManager	22	None	"Remote Desktop Services: Shell start notification received:

User: WZSCN\11004142
Session ID: 1
Source Network Address: LOCAL"
Information	6/26/2022 9:53:10 PM	Microsoft-Windows-TerminalServices-LocalSessionManager	21	None	"Remote Desktop Services: Session logon succeeded:

User: WZSCN\11004142
Session ID: 1
Source Network Address: LOCAL"
Information	6/26/2022 9:52:56 PM	Microsoft-Windows-TerminalServices-LocalSessionManager	42	None	"End session arbitration:

User: WZSCN\11004142
Session ID: 1"
Information	6/26/2022 9:52:56 PM	Microsoft-Windows-TerminalServices-LocalSessionManager	41	None	"Begin session arbitration:

User: WZSCN\11004142
Session ID: 1"
Information	6/26/2022 9:42:52 PM	Microsoft-Windows-TerminalServices-LocalSessionManager	32	None	Plugin RDSAppXPlugin has been successfully initialized
Information	6/26/2022 7:52:23 PM	Microsoft-Windows-TerminalServices-LocalSessionManager	54	None	Local multi-user session manager received system shutdown message
Information	6/26/2022 7:52:17 PM	Microsoft-Windows-TerminalServices-LocalSessionManager	23	None	"Remote Desktop Services: Session logoff succeeded:

User: WZSCN\11004142
Session ID: 1"
Information	6/22/2022 8:36:47 AM	Microsoft-Windows-TerminalServices-LocalSessionManager	22	None	"Remote Desktop Services: Shell start notification received:

User: WZSCN\11004142
Session ID: 1
Source Network Address: LOCAL"
Information	6/22/2022 8:36:46 AM	Microsoft-Windows-TerminalServices-LocalSessionManager	21	None	"Remote Desktop Services: Session logon succeeded:

User: WZSCN\11004142
Session ID: 1
Source Network Address: LOCAL"
Information	6/22/2022 8:36:27 AM	Microsoft-Windows-TerminalServices-LocalSessionManager	42	None	"End session arbitration:

User: WZSCN\11004142
Session ID: 1"
Information	6/22/2022 8:36:27 AM	Microsoft-Windows-TerminalServices-LocalSessionManager	41	None	"Begin session arbitration:

User: WZSCN\11004142
Session ID: 1"
Information	6/22/2022 8:34:35 AM	Microsoft-Windows-TerminalServices-LocalSessionManager	32	None	Plugin RDSAppXPlugin has been successfully initialized
Information	6/22/2022 6:00:18 AM	Microsoft-Windows-TerminalServices-LocalSessionManager	54	None	Local multi-user session manager received system shutdown message
Information	6/22/2022 6:00:15 AM	Microsoft-Windows-TerminalServices-LocalSessionManager	23	None	"Remote Desktop Services: Session logoff succeeded:

User: WZSCN\11004142
Session ID: 1"
Information	6/21/2022 2:29:47 PM	Microsoft-Windows-TerminalServices-LocalSessionManager	22	None	"Remote Desktop Services: Shell start notification received:

User: WZSCN\11004142
Session ID: 1
Source Network Address: LOCAL"
Information	6/21/2022 2:29:44 PM	Microsoft-Windows-TerminalServices-LocalSessionManager	21	None	"Remote Desktop Services: Session logon succeeded:

User: WZSCN\11004142
Session ID: 1
Source Network Address: LOCAL"
Information	6/21/2022 2:28:53 PM	Microsoft-Windows-TerminalServices-LocalSessionManager	42	None	"End session arbitration:

User: WZSCN\11004142
Session ID: 1"
Information	6/21/2022 2:28:53 PM	Microsoft-Windows-TerminalServices-LocalSessionManager	41	None	"Begin session arbitration:

User: WZSCN\11004142
Session ID: 1"
Information	6/21/2022 2:27:17 PM	Microsoft-Windows-TerminalServices-LocalSessionManager	32	None	Plugin RDSAppXPlugin has been successfully initialized
Information	6/21/2022 2:22:27 PM	Microsoft-Windows-TerminalServices-LocalSessionManager	54	None	Local multi-user session manager received system shutdown message
Information	6/21/2022 2:22:23 PM	Microsoft-Windows-TerminalServices-LocalSessionManager	23	None	"Remote Desktop Services: Session logoff succeeded:

User: WZSCN\11004142
Session ID: 1"
Information	6/13/2022 8:32:45 AM	Microsoft-Windows-TerminalServices-LocalSessionManager	22	None	"Remote Desktop Services: Shell start notification received:

User: WZSCN\11004142
Session ID: 1
Source Network Address: LOCAL"
Information	6/13/2022 8:32:44 AM	Microsoft-Windows-TerminalServices-LocalSessionManager	21	None	"Remote Desktop Services: Session logon succeeded:

User: WZSCN\11004142
Session ID: 1
Source Network Address: LOCAL"
Information	6/13/2022 8:31:56 AM	Microsoft-Windows-TerminalServices-LocalSessionManager	42	None	"End session arbitration:

User: WZSCN\11004142
Session ID: 1"
Information	6/13/2022 8:31:56 AM	Microsoft-Windows-TerminalServices-LocalSessionManager	41	None	"Begin session arbitration:

User: WZSCN\11004142
Session ID: 1"
Information	6/13/2022 8:30:09 AM	Microsoft-Windows-TerminalServices-LocalSessionManager	32	None	Plugin RDSAppXPlugin has been successfully initialized
Information	6/13/2022 8:26:51 AM	Microsoft-Windows-TerminalServices-LocalSessionManager	54	None	Local multi-user session manager received system shutdown message
Information	6/13/2022 8:26:49 AM	Microsoft-Windows-TerminalServices-LocalSessionManager	23	None	"Remote Desktop Services: Session logoff succeeded:

User: WZSCN\11004142
Session ID: 1"
Information	6/2/2022 8:43:01 AM	Microsoft-Windows-TerminalServices-LocalSessionManager	22	None	"Remote Desktop Services: Shell start notification received:

User: WZSCN\11004142
Session ID: 1
Source Network Address: LOCAL"
Information	6/2/2022 8:42:59 AM	Microsoft-Windows-TerminalServices-LocalSessionManager	21	None	"Remote Desktop Services: Session logon succeeded:

User: WZSCN\11004142
Session ID: 1
Source Network Address: LOCAL"
Information	6/2/2022 8:42:08 AM	Microsoft-Windows-TerminalServices-LocalSessionManager	42	None	"End session arbitration:

User: WZSCN\11004142
Session ID: 1"
Information	6/2/2022 8:42:08 AM	Microsoft-Windows-TerminalServices-LocalSessionManager	41	None	"Begin session arbitration:

User: WZSCN\11004142
Session ID: 1"
Information	6/2/2022 8:40:30 AM	Microsoft-Windows-TerminalServices-LocalSessionManager	32	None	Plugin RDSAppXPlugin has been successfully initialized
Information	6/2/2022 1:44:47 AM	Microsoft-Windows-TerminalServices-LocalSessionManager	54	None	Local multi-user session manager received system shutdown message
Information	6/2/2022 1:44:44 AM	Microsoft-Windows-TerminalServices-LocalSessionManager	23	None	"Remote Desktop Services: Session logoff succeeded:

User: WZSCN\11004142
Session ID: 1"
Information	5/27/2022 8:30:01 AM	Microsoft-Windows-TerminalServices-LocalSessionManager	22	None	"Remote Desktop Services: Shell start notification received:

User: WZSCN\11004142
Session ID: 1
Source Network Address: LOCAL"
Information	5/27/2022 8:30:00 AM	Microsoft-Windows-TerminalServices-LocalSessionManager	21	None	"Remote Desktop Services: Session logon succeeded:

User: WZSCN\11004142
Session ID: 1
Source Network Address: LOCAL"
Information	5/27/2022 8:29:04 AM	Microsoft-Windows-TerminalServices-LocalSessionManager	42	None	"End session arbitration:

User: WZSCN\11004142
Session ID: 1"
Information	5/27/2022 8:29:04 AM	Microsoft-Windows-TerminalServices-LocalSessionManager	41	None	"Begin session arbitration:

User: WZSCN\11004142
Session ID: 1"
Information	5/27/2022 8:27:31 AM	Microsoft-Windows-TerminalServices-LocalSessionManager	32	None	Plugin RDSAppXPlugin has been successfully initialized
Information	5/27/2022 4:45:23 AM	Microsoft-Windows-TerminalServices-LocalSessionManager	54	None	Local multi-user session manager received system shutdown message
Information	5/27/2022 4:45:15 AM	Microsoft-Windows-TerminalServices-LocalSessionManager	23	None	"Remote Desktop Services: Session logoff succeeded:

User: WZSCN\11004142
Session ID: 1"
Information	5/24/2022 8:26:46 AM	Microsoft-Windows-TerminalServices-LocalSessionManager	22	None	"Remote Desktop Services: Shell start notification received:

User: WZSCN\11004142
Session ID: 1
Source Network Address: LOCAL"
Information	5/24/2022 8:26:45 AM	Microsoft-Windows-TerminalServices-LocalSessionManager	21	None	"Remote Desktop Services: Session logon succeeded:

User: WZSCN\11004142
Session ID: 1
Source Network Address: LOCAL"
Information	5/24/2022 8:25:40 AM	Microsoft-Windows-TerminalServices-LocalSessionManager	42	None	"End session arbitration:

User: WZSCN\11004142
Session ID: 1"
Information	5/24/2022 8:25:40 AM	Microsoft-Windows-TerminalServices-LocalSessionManager	41	None	"Begin session arbitration:

User: WZSCN\11004142
Session ID: 1"
Information	5/24/2022 8:24:28 AM	Microsoft-Windows-TerminalServices-LocalSessionManager	32	None	Plugin RDSAppXPlugin has been successfully initialized
Information	5/24/2022 2:08:16 AM	Microsoft-Windows-TerminalServices-LocalSessionManager	54	None	Local multi-user session manager received system shutdown message
Information	5/24/2022 2:08:09 AM	Microsoft-Windows-TerminalServices-LocalSessionManager	23	None	"Remote Desktop Services: Session logoff succeeded:

User: WZSCN\11004142
Session ID: 1"
Information	5/10/2022 7:55:25 AM	Microsoft-Windows-TerminalServices-LocalSessionManager	22	None	"Remote Desktop Services: Shell start notification received:

User: WZSCN\11004142
Session ID: 1
Source Network Address: LOCAL"
Information	5/10/2022 7:55:24 AM	Microsoft-Windows-TerminalServices-LocalSessionManager	21	None	"Remote Desktop Services: Session logon succeeded:

User: WZSCN\11004142
Session ID: 1
Source Network Address: LOCAL"
Information	5/10/2022 7:54:44 AM	Microsoft-Windows-TerminalServices-LocalSessionManager	42	None	"End session arbitration:

User: WZSCN\11004142
Session ID: 1"
Information	5/10/2022 7:54:44 AM	Microsoft-Windows-TerminalServices-LocalSessionManager	41	None	"Begin session arbitration:

User: WZSCN\11004142
Session ID: 1"
Information	5/10/2022 7:53:07 AM	Microsoft-Windows-TerminalServices-LocalSessionManager	32	None	Plugin RDSAppXPlugin has been successfully initialized
Error	5/10/2022 5:13:29 AM	Microsoft-Windows-TerminalServices-LocalSessionManager	17	None	Remote Desktop Service start failed. The relevant status code was 0x80070013.
Information	5/10/2022 5:12:10 AM	Microsoft-Windows-TerminalServices-LocalSessionManager	54	None	Local multi-user session manager received system shutdown message
Information	5/10/2022 5:12:05 AM	Microsoft-Windows-TerminalServices-LocalSessionManager	23	None	"Remote Desktop Services: Session logoff succeeded:

User: WZSCN\11004142
Session ID: 1"
Information	5/7/2022 6:12:07 AM	Microsoft-Windows-TerminalServices-LocalSessionManager	22	None	"Remote Desktop Services: Shell start notification received:

User: WZSCN\11004142
Session ID: 1
Source Network Address: LOCAL"
Information	5/7/2022 6:12:06 AM	Microsoft-Windows-TerminalServices-LocalSessionManager	21	None	"Remote Desktop Services: Session logon succeeded:

User: WZSCN\11004142
Session ID: 1
Source Network Address: LOCAL"
Information	5/7/2022 6:11:00 AM	Microsoft-Windows-TerminalServices-LocalSessionManager	42	None	"End session arbitration:

User: WZSCN\11004142
Session ID: 1"
Information	5/7/2022 6:11:00 AM	Microsoft-Windows-TerminalServices-LocalSessionManager	41	None	"Begin session arbitration:

User: WZSCN\11004142
Session ID: 1"
Information	5/7/2022 6:10:03 AM	Microsoft-Windows-TerminalServices-LocalSessionManager	32	None	Plugin RDSAppXPlugin has been successfully initialized
Information	5/7/2022 5:15:01 AM	Microsoft-Windows-TerminalServices-LocalSessionManager	54	None	Local multi-user session manager received system shutdown message
Information	5/7/2022 5:14:58 AM	Microsoft-Windows-TerminalServices-LocalSessionManager	23	None	"Remote Desktop Services: Session logoff succeeded:

User: WZSCN\11004142
Session ID: 1"
Information	5/6/2022 5:01:45 PM	Microsoft-Windows-TerminalServices-LocalSessionManager	22	None	"Remote Desktop Services: Shell start notification received:

User: WZSCN\11004142
Session ID: 1
Source Network Address: LOCAL"
Information	5/6/2022 5:01:44 PM	Microsoft-Windows-TerminalServices-LocalSessionManager	21	None	"Remote Desktop Services: Session logon succeeded:

User: WZSCN\11004142
Session ID: 1
Source Network Address: LOCAL"
Information	5/6/2022 5:00:50 PM	Microsoft-Windows-TerminalServices-LocalSessionManager	42	None	"End session arbitration:

User: WZSCN\11004142
Session ID: 1"
Information	5/6/2022 5:00:50 PM	Microsoft-Windows-TerminalServices-LocalSessionManager	41	None	"Begin session arbitration:

User: WZSCN\11004142
Session ID: 1"
Information	5/6/2022 5:00:08 PM	Microsoft-Windows-TerminalServices-LocalSessionManager	32	None	Plugin RDSAppXPlugin has been successfully initialized
Information	5/6/2022 4:57:20 PM	Microsoft-Windows-TerminalServices-LocalSessionManager	54	None	Local multi-user session manager received system shutdown message
Information	5/6/2022 4:57:15 PM	Microsoft-Windows-TerminalServices-LocalSessionManager	23	None	"Remote Desktop Services: Session logoff succeeded:

User: WZSCN\11004142
Session ID: 1"
Information	5/3/2022 7:57:49 AM	Microsoft-Windows-TerminalServices-LocalSessionManager	22	None	"Remote Desktop Services: Shell start notification received:

User: WZSCN\11004142
Session ID: 1
Source Network Address: LOCAL"
Information	5/3/2022 7:57:48 AM	Microsoft-Windows-TerminalServices-LocalSessionManager	21	None	"Remote Desktop Services: Session logon succeeded:

User: WZSCN\11004142
Session ID: 1
Source Network Address: LOCAL"
Information	5/3/2022 7:56:40 AM	Microsoft-Windows-TerminalServices-LocalSessionManager	42	None	"End session arbitration:

User: WZSCN\11004142
Session ID: 1"
Information	5/3/2022 7:56:40 AM	Microsoft-Windows-TerminalServices-LocalSessionManager	41	None	"Begin session arbitration:

User: WZSCN\11004142
Session ID: 1"
Information	5/3/2022 7:55:28 AM	Microsoft-Windows-TerminalServices-LocalSessionManager	32	None	Plugin RDSAppXPlugin has been successfully initialized
Information	4/29/2022 5:05:13 PM	Microsoft-Windows-TerminalServices-LocalSessionManager	54	None	Local multi-user session manager received system shutdown message
Information	4/29/2022 5:05:07 PM	Microsoft-Windows-TerminalServices-LocalSessionManager	23	None	"Remote Desktop Services: Session logoff succeeded:

User: WZSCN\11004142
Session ID: 1"
Information	4/19/2022 7:36:08 PM	Microsoft-Windows-TerminalServices-LocalSessionManager	22	None	"Remote Desktop Services: Shell start notification received:

User: WZSCN\11004142
Session ID: 1
Source Network Address: LOCAL"
Information	4/19/2022 7:36:08 PM	Microsoft-Windows-TerminalServices-LocalSessionManager	21	None	"Remote Desktop Services: Session logon succeeded:

User: WZSCN\11004142
Session ID: 1
Source Network Address: LOCAL"
Information	4/19/2022 7:35:07 PM	Microsoft-Windows-TerminalServices-LocalSessionManager	42	None	"End session arbitration:

User: WZSCN\11004142
Session ID: 1"
Information	4/19/2022 7:35:07 PM	Microsoft-Windows-TerminalServices-LocalSessionManager	41	None	"Begin session arbitration:

User: WZSCN\11004142
Session ID: 1"
Information	4/19/2022 7:33:08 PM	Microsoft-Windows-TerminalServices-LocalSessionManager	32	None	Plugin RDSAppXPlugin has been successfully initialized
Information	4/19/2022 4:32:13 PM	Microsoft-Windows-TerminalServices-LocalSessionManager	54	None	Local multi-user session manager received system shutdown message
Information	4/19/2022 4:32:11 PM	Microsoft-Windows-TerminalServices-LocalSessionManager	23	None	"Remote Desktop Services: Session logoff succeeded:

User: WZSCN\11004142
Session ID: 1"
Information	4/16/2022 7:55:01 AM	Microsoft-Windows-TerminalServices-LocalSessionManager	22	None	"Remote Desktop Services: Shell start notification received:

User: WZSCN\11004142
Session ID: 1
Source Network Address: LOCAL"
Information	4/16/2022 7:55:00 AM	Microsoft-Windows-TerminalServices-LocalSessionManager	21	None	"Remote Desktop Services: Session logon succeeded:

User: WZSCN\11004142
Session ID: 1
Source Network Address: LOCAL"
Information	4/16/2022 7:54:06 AM	Microsoft-Windows-TerminalServices-LocalSessionManager	42	None	"End session arbitration:

User: WZSCN\11004142
Session ID: 1"
Information	4/16/2022 7:54:06 AM	Microsoft-Windows-TerminalServices-LocalSessionManager	41	None	"Begin session arbitration:

User: WZSCN\11004142
Session ID: 1"
Information	4/16/2022 7:52:05 AM	Microsoft-Windows-TerminalServices-LocalSessionManager	32	None	Plugin RDSAppXPlugin has been successfully initialized
Information	4/16/2022 7:49:02 AM	Microsoft-Windows-TerminalServices-LocalSessionManager	54	None	Local multi-user session manager received system shutdown message
Information	4/16/2022 7:48:55 AM	Microsoft-Windows-TerminalServices-LocalSessionManager	23	None	"Remote Desktop Services: Session logoff succeeded:

User: WZSCN\11004142
Session ID: 2"
Information	4/15/2022 8:52:56 AM	Microsoft-Windows-TerminalServices-LocalSessionManager	22	None	"Remote Desktop Services: Shell start notification received:

User: WZSCN\11004142
Session ID: 2
Source Network Address: LOCAL"
Information	4/15/2022 8:52:50 AM	Microsoft-Windows-TerminalServices-LocalSessionManager	21	None	"Remote Desktop Services: Session logon succeeded:

User: WZSCN\11004142
Session ID: 2
Source Network Address: LOCAL"
Information	4/15/2022 8:52:19 AM	Microsoft-Windows-TerminalServices-LocalSessionManager	42	None	"End session arbitration:

User: WZSCN\11004142
Session ID: 2"
Information	4/15/2022 8:52:19 AM	Microsoft-Windows-TerminalServices-LocalSessionManager	41	None	"Begin session arbitration:

User: WZSCN\11004142
Session ID: 2"
Information	4/15/2022 8:51:44 AM	Microsoft-Windows-TerminalServices-LocalSessionManager	24	None	"Remote Desktop Services: Session has been disconnected:

User: WZSCN\11004142
Session ID: 1
Source Network Address: LOCAL"
Information	4/15/2022 8:51:44 AM	Microsoft-Windows-TerminalServices-LocalSessionManager	40	None	Session 1 has been disconnected, reason code 11
Information	4/15/2022 8:51:44 AM	Microsoft-Windows-TerminalServices-LocalSessionManager	39	None	Session 1 has been disconnected by session 1
Information	4/15/2022 8:51:31 AM	Microsoft-Windows-TerminalServices-LocalSessionManager	23	None	"Remote Desktop Services: Session logoff succeeded:

User: WZSCN\11004142
Session ID: 1"
Information	4/15/2022 8:22:26 AM	Microsoft-Windows-TerminalServices-LocalSessionManager	22	None	"Remote Desktop Services: Shell start notification received:

User: WZSCN\11004142
Session ID: 1
Source Network Address: LOCAL"
Information	4/15/2022 8:22:25 AM	Microsoft-Windows-TerminalServices-LocalSessionManager	21	None	"Remote Desktop Services: Session logon succeeded:

User: WZSCN\11004142
Session ID: 1
Source Network Address: LOCAL"
Information	4/15/2022 8:21:02 AM	Microsoft-Windows-TerminalServices-LocalSessionManager	42	None	"End session arbitration:

User: WZSCN\11004142
Session ID: 1"
Information	4/15/2022 8:21:02 AM	Microsoft-Windows-TerminalServices-LocalSessionManager	41	None	"Begin session arbitration:

User: WZSCN\11004142
Session ID: 1"
Information	4/15/2022 8:16:32 AM	Microsoft-Windows-TerminalServices-LocalSessionManager	32	None	Plugin RDSAppXPlugin has been successfully initialized
Information	4/7/2022 8:01:32 PM	Microsoft-Windows-TerminalServices-LocalSessionManager	22	None	"Remote Desktop Services: Shell start notification received:

User: WZSCN\11004142
Session ID: 1
Source Network Address: LOCAL"
Information	4/7/2022 8:01:30 PM	Microsoft-Windows-TerminalServices-LocalSessionManager	21	None	"Remote Desktop Services: Session logon succeeded:

User: WZSCN\11004142
Session ID: 1
Source Network Address: LOCAL"
Information	4/7/2022 8:00:37 PM	Microsoft-Windows-TerminalServices-LocalSessionManager	42	None	"End session arbitration:

User: WZSCN\11004142
Session ID: 1"
Information	4/7/2022 8:00:37 PM	Microsoft-Windows-TerminalServices-LocalSessionManager	41	None	"Begin session arbitration:

User: WZSCN\11004142
Session ID: 1"
Information	4/7/2022 7:59:03 PM	Microsoft-Windows-TerminalServices-LocalSessionManager	32	None	Plugin RDSAppXPlugin has been successfully initialized
Information	4/7/2022 2:55:26 PM	Microsoft-Windows-TerminalServices-LocalSessionManager	54	None	Local multi-user session manager received system shutdown message
Information	4/7/2022 2:55:20 PM	Microsoft-Windows-TerminalServices-LocalSessionManager	23	None	"Remote Desktop Services: Session logoff succeeded:

User: WZSCN\11004142
Session ID: 1"
Information	4/1/2022 8:25:37 AM	Microsoft-Windows-TerminalServices-LocalSessionManager	22	None	"Remote Desktop Services: Shell start notification received:

User: WZSCN\11004142
Session ID: 1
Source Network Address: LOCAL"
Information	4/1/2022 8:25:37 AM	Microsoft-Windows-TerminalServices-LocalSessionManager	21	None	"Remote Desktop Services: Session logon succeeded:

User: WZSCN\11004142
Session ID: 1
Source Network Address: LOCAL"
Information	4/1/2022 8:24:26 AM	Microsoft-Windows-TerminalServices-LocalSessionManager	42	None	"End session arbitration:

User: WZSCN\11004142
Session ID: 1"
Information	4/1/2022 8:24:26 AM	Microsoft-Windows-TerminalServices-LocalSessionManager	41	None	"Begin session arbitration:

User: WZSCN\11004142
Session ID: 1"
Information	4/1/2022 8:20:52 AM	Microsoft-Windows-TerminalServices-LocalSessionManager	32	None	Plugin RDSAppXPlugin has been successfully initialized
Information	3/31/2022 1:46:25 PM	Microsoft-Windows-TerminalServices-LocalSessionManager	54	None	Local multi-user session manager received system shutdown message
Information	3/31/2022 1:46:19 PM	Microsoft-Windows-TerminalServices-LocalSessionManager	23	None	"Remote Desktop Services: Session logoff succeeded:

User: WZSCN\11004142
Session ID: 1"
Information	3/19/2022 12:28:13 AM	Microsoft-Windows-TerminalServices-LocalSessionManager	22	None	"Remote Desktop Services: Shell start notification received:

User: WZSCN\11004142
Session ID: 1
Source Network Address: LOCAL"
Information	3/19/2022 12:28:12 AM	Microsoft-Windows-TerminalServices-LocalSessionManager	21	None	"Remote Desktop Services: Session logon succeeded:

User: WZSCN\11004142
Session ID: 1
Source Network Address: LOCAL"
Information	3/19/2022 12:27:47 AM	Microsoft-Windows-TerminalServices-LocalSessionManager	42	None	"End session arbitration:

User: WZSCN\11004142
Session ID: 1"
Information	3/19/2022 12:27:47 AM	Microsoft-Windows-TerminalServices-LocalSessionManager	41	None	"Begin session arbitration:

User: WZSCN\11004142
Session ID: 1"
Information	3/19/2022 12:18:16 AM	Microsoft-Windows-TerminalServices-LocalSessionManager	32	None	Plugin RDSAppXPlugin has been successfully initialized
Information	3/19/2022 12:14:51 AM	Microsoft-Windows-TerminalServices-LocalSessionManager	54	None	Local multi-user session manager received system shutdown message
Information	3/19/2022 12:14:42 AM	Microsoft-Windows-TerminalServices-LocalSessionManager	23	None	"Remote Desktop Services: Session logoff succeeded:

User: WZSCN\11004142
Session ID: 1"
Information	3/18/2022 8:40:39 AM	Microsoft-Windows-TerminalServices-LocalSessionManager	22	None	"Remote Desktop Services: Shell start notification received:

User: WZSCN\11004142
Session ID: 1
Source Network Address: LOCAL"
Information	3/18/2022 8:40:38 AM	Microsoft-Windows-TerminalServices-LocalSessionManager	21	None	"Remote Desktop Services: Session logon succeeded:

User: WZSCN\11004142
Session ID: 1
Source Network Address: LOCAL"
Information	3/18/2022 8:39:12 AM	Microsoft-Windows-TerminalServices-LocalSessionManager	42	None	"End session arbitration:

User: WZSCN\11004142
Session ID: 1"
Information	3/18/2022 8:39:12 AM	Microsoft-Windows-TerminalServices-LocalSessionManager	41	None	"Begin session arbitration:

User: WZSCN\11004142
Session ID: 1"
Information	3/18/2022 8:37:01 AM	Microsoft-Windows-TerminalServices-LocalSessionManager	32	None	Plugin RDSAppXPlugin has been successfully initialized
Information	3/17/2022 4:35:51 PM	Microsoft-Windows-TerminalServices-LocalSessionManager	54	None	Local multi-user session manager received system shutdown message
Information	3/17/2022 4:35:48 PM	Microsoft-Windows-TerminalServices-LocalSessionManager	23	None	"Remote Desktop Services: Session logoff succeeded:

User: WZSCN\11004142
Session ID: 1"
Information	3/13/2022 9:42:26 PM	Microsoft-Windows-TerminalServices-LocalSessionManager	22	None	"Remote Desktop Services: Shell start notification received:

User: WZSCN\11004142
Session ID: 1
Source Network Address: LOCAL"
Information	3/13/2022 9:42:25 PM	Microsoft-Windows-TerminalServices-LocalSessionManager	21	None	"Remote Desktop Services: Session logon succeeded:

User: WZSCN\11004142
Session ID: 1
Source Network Address: LOCAL"
Information	3/13/2022 9:41:19 PM	Microsoft-Windows-TerminalServices-LocalSessionManager	42	None	"End session arbitration:

User: WZSCN\11004142
Session ID: 1"
Information	3/13/2022 9:41:19 PM	Microsoft-Windows-TerminalServices-LocalSessionManager	41	None	"Begin session arbitration:

User: WZSCN\11004142
Session ID: 1"
Information	3/13/2022 9:39:43 PM	Microsoft-Windows-TerminalServices-LocalSessionManager	32	None	Plugin RDSAppXPlugin has been successfully initialized
Information	3/13/2022 9:36:27 PM	Microsoft-Windows-TerminalServices-LocalSessionManager	54	None	Local multi-user session manager received system shutdown message
Information	3/13/2022 9:36:24 PM	Microsoft-Windows-TerminalServices-LocalSessionManager	23	None	"Remote Desktop Services: Session logoff succeeded:

User: WZSCN\11004142
Session ID: 1"
Information	3/9/2022 7:49:49 AM	Microsoft-Windows-TerminalServices-LocalSessionManager	22	None	"Remote Desktop Services: Shell start notification received:

User: WZSCN\11004142
Session ID: 1
Source Network Address: LOCAL"
Information	3/9/2022 7:49:49 AM	Microsoft-Windows-TerminalServices-LocalSessionManager	21	None	"Remote Desktop Services: Session logon succeeded:

User: WZSCN\11004142
Session ID: 1
Source Network Address: LOCAL"
Information	3/9/2022 7:48:40 AM	Microsoft-Windows-TerminalServices-LocalSessionManager	42	None	"End session arbitration:

User: WZSCN\11004142
Session ID: 1"
Information	3/9/2022 7:48:40 AM	Microsoft-Windows-TerminalServices-LocalSessionManager	41	None	"Begin session arbitration:

User: WZSCN\11004142
Session ID: 1"
Information	3/9/2022 7:45:03 AM	Microsoft-Windows-TerminalServices-LocalSessionManager	32	None	Plugin RDSAppXPlugin has been successfully initialized
Information	3/9/2022 1:43:11 AM	Microsoft-Windows-TerminalServices-LocalSessionManager	54	None	Local multi-user session manager received system shutdown message
Information	3/9/2022 1:43:08 AM	Microsoft-Windows-TerminalServices-LocalSessionManager	23	None	"Remote Desktop Services: Session logoff succeeded:

User: WZSCN\11004142
Session ID: 1"
Information	3/7/2022 2:12:34 PM	Microsoft-Windows-TerminalServices-LocalSessionManager	22	None	"Remote Desktop Services: Shell start notification received:

User: WZSCN\11004142
Session ID: 1
Source Network Address: LOCAL"
Information	3/7/2022 2:12:33 PM	Microsoft-Windows-TerminalServices-LocalSessionManager	21	None	"Remote Desktop Services: Session logon succeeded:

User: WZSCN\11004142
Session ID: 1
Source Network Address: LOCAL"
Information	3/7/2022 2:11:55 PM	Microsoft-Windows-TerminalServices-LocalSessionManager	42	None	"End session arbitration:

User: WZSCN\11004142
Session ID: 1"
Information	3/7/2022 2:11:55 PM	Microsoft-Windows-TerminalServices-LocalSessionManager	41	None	"Begin session arbitration:

User: WZSCN\11004142
Session ID: 1"
Information	3/7/2022 2:09:33 PM	Microsoft-Windows-TerminalServices-LocalSessionManager	32	None	Plugin RDSAppXPlugin has been successfully initialized
Information	3/7/2022 10:22:48 AM	Microsoft-Windows-TerminalServices-LocalSessionManager	54	None	Local multi-user session manager received system shutdown message
Information	3/7/2022 10:22:45 AM	Microsoft-Windows-TerminalServices-LocalSessionManager	23	None	"Remote Desktop Services: Session logoff succeeded:

User: WZSCN\11004142
Session ID: 1"
Information	3/2/2022 8:38:38 AM	Microsoft-Windows-TerminalServices-LocalSessionManager	22	None	"Remote Desktop Services: Shell start notification received:

User: WZSCN\11004142
Session ID: 1
Source Network Address: LOCAL"
Information	3/2/2022 8:38:37 AM	Microsoft-Windows-TerminalServices-LocalSessionManager	21	None	"Remote Desktop Services: Session logon succeeded:

User: WZSCN\11004142
Session ID: 1
Source Network Address: LOCAL"
Information	3/2/2022 8:37:42 AM	Microsoft-Windows-TerminalServices-LocalSessionManager	42	None	"End session arbitration:

User: WZSCN\11004142
Session ID: 1"
Information	3/2/2022 8:37:42 AM	Microsoft-Windows-TerminalServices-LocalSessionManager	41	None	"Begin session arbitration:

User: WZSCN\11004142
Session ID: 1"
Information	3/2/2022 8:35:55 AM	Microsoft-Windows-TerminalServices-LocalSessionManager	32	None	Plugin RDSAppXPlugin has been successfully initialized
Information	2/28/2022 10:24:01 PM	Microsoft-Windows-TerminalServices-LocalSessionManager	54	None	Local multi-user session manager received system shutdown message
Information	2/28/2022 10:23:56 PM	Microsoft-Windows-TerminalServices-LocalSessionManager	23	None	"Remote Desktop Services: Session logoff succeeded:

User: WZSCN\11004142
Session ID: 1"
Information	2/21/2022 8:44:50 AM	Microsoft-Windows-TerminalServices-LocalSessionManager	22	None	"Remote Desktop Services: Shell start notification received:

User: WZSCN\11004142
Session ID: 1
Source Network Address: LOCAL"
Information	2/21/2022 8:44:50 AM	Microsoft-Windows-TerminalServices-LocalSessionManager	21	None	"Remote Desktop Services: Session logon succeeded:

User: WZSCN\11004142
Session ID: 1
Source Network Address: LOCAL"
Information	2/21/2022 8:44:43 AM	Microsoft-Windows-TerminalServices-LocalSessionManager	42	None	"End session arbitration:

User: WZSCN\11004142
Session ID: 1"
Information	2/21/2022 8:44:43 AM	Microsoft-Windows-TerminalServices-LocalSessionManager	41	None	"Begin session arbitration:

User: WZSCN\11004142
Session ID: 1"
Information	2/20/2022 7:08:06 PM	Microsoft-Windows-TerminalServices-LocalSessionManager	32	None	Plugin RDSAppXPlugin has been successfully initialized
Information	2/20/2022 7:04:38 PM	Microsoft-Windows-TerminalServices-LocalSessionManager	54	None	Local multi-user session manager received system shutdown message
Information	2/20/2022 7:04:31 PM	Microsoft-Windows-TerminalServices-LocalSessionManager	23	None	"Remote Desktop Services: Session logoff succeeded:

User: WZSCN\11004142
Session ID: 1"
Information	2/15/2022 3:07:28 PM	Microsoft-Windows-TerminalServices-LocalSessionManager	22	None	"Remote Desktop Services: Shell start notification received:

User: WZSCN\11004142
Session ID: 1
Source Network Address: LOCAL"
Information	2/15/2022 3:07:28 PM	Microsoft-Windows-TerminalServices-LocalSessionManager	21	None	"Remote Desktop Services: Session logon succeeded:

User: WZSCN\11004142
Session ID: 1
Source Network Address: LOCAL"
Information	2/15/2022 3:06:32 PM	Microsoft-Windows-TerminalServices-LocalSessionManager	42	None	"End session arbitration:

User: WZSCN\11004142
Session ID: 1"
Information	2/15/2022 3:06:32 PM	Microsoft-Windows-TerminalServices-LocalSessionManager	41	None	"Begin session arbitration:

User: WZSCN\11004142
Session ID: 1"
Information	2/15/2022 3:04:52 PM	Microsoft-Windows-TerminalServices-LocalSessionManager	32	None	Plugin RDSAppXPlugin has been successfully initialized
Error	2/15/2022 3:03:30 PM	Microsoft-Windows-TerminalServices-LocalSessionManager	17	None	Remote Desktop Service start failed. The relevant status code was 0x8007045B.
Information	2/15/2022 3:02:40 PM	Microsoft-Windows-TerminalServices-LocalSessionManager	54	None	Local multi-user session manager received system shutdown message
Information	2/15/2022 3:02:37 PM	Microsoft-Windows-TerminalServices-LocalSessionManager	23	None	"Remote Desktop Services: Session logoff succeeded:

User: WZSCN\11004142
Session ID: 1"
Information	2/15/2022 12:36:37 PM	Microsoft-Windows-TerminalServices-LocalSessionManager	22	None	"Remote Desktop Services: Shell start notification received:

User: WZSCN\11004142
Session ID: 1
Source Network Address: LOCAL"
Information	2/15/2022 12:36:37 PM	Microsoft-Windows-TerminalServices-LocalSessionManager	21	None	"Remote Desktop Services: Session logon succeeded:

User: WZSCN\11004142
Session ID: 1
Source Network Address: LOCAL"
Information	2/15/2022 12:36:03 PM	Microsoft-Windows-TerminalServices-LocalSessionManager	42	None	"End session arbitration:

User: WZSCN\11004142
Session ID: 1"
Information	2/15/2022 12:36:03 PM	Microsoft-Windows-TerminalServices-LocalSessionManager	41	None	"Begin session arbitration:

User: WZSCN\11004142
Session ID: 1"
Information	2/15/2022 12:33:31 PM	Microsoft-Windows-TerminalServices-LocalSessionManager	32	None	Plugin RDSAppXPlugin has been successfully initialized
Information	1/29/2022 1:21:28 PM	Microsoft-Windows-TerminalServices-LocalSessionManager	22	None	"Remote Desktop Services: Shell start notification received:

User: WZSCN\11004142
Session ID: 1
Source Network Address: LOCAL"
Information	1/29/2022 1:21:27 PM	Microsoft-Windows-TerminalServices-LocalSessionManager	21	None	"Remote Desktop Services: Session logon succeeded:

User: WZSCN\11004142
Session ID: 1
Source Network Address: LOCAL"
